[2025-06-20 14:31:00.338235] [RECV] MC_CA
[2025-06-20 14:31:00.338513] [SEND] MR_CA:OK
[2025-06-20 14:31:01.113655] [RECV] MC_MP
[2025-06-20 14:31:01.113956] [SEND] MR_MP:OK
[2025-06-20 14:31:02.060180] [RECV] MC_OD:1000
[2025-06-20 14:31:02.108927] [SEND] MR_OD:ERR,3
[2025-06-20 14:34:57.497975] [RECV] MC_OD:1000
[2025-06-20 14:34:57.498771] [SEND] MR_OD:OK,1000,FOD,[100,100],RWY_A,2025-06-05T19:21:00Z,img_1000.jpg
[2025-06-20 14:38:52.398884] [RECV] MC_OD:1000
[2025-06-20 14:38:52.467745] [SEND] MR_OD:ERR,3
[2025-06-20 14:40:50.583786] [RECV] MC_OD:1000
[2025-06-20 14:40:50.586483] [SEND] MR_OD:OK,1000,PERSON,486.75,805.5,TEMP_SIZE,TEMP_DATA
[2025-06-20 14:47:56.840665] [RECV] MC_CA
[2025-06-20 14:47:56.841308] [SEND] MR_CA:OK
[2025-06-20 14:47:59.118394] [RECV] MC_MP
[2025-06-20 14:47:59.118917] [SEND] MR_MP:OK
[2025-06-20 14:48:03.362729] [RECV] MC_OD:1000
[2025-06-20 14:48:03.365560] [SEND] [Binary Data]
[2025-06-20 14:56:33.477048] [RECV] MC_CA
[2025-06-20 14:56:33.477463] [SEND] MR_CA:OK
[2025-06-20 14:56:36.191576] [RECV] MC_MP
[2025-06-20 14:56:36.191972] [SEND] MR_MP:OK
[2025-06-20 14:56:37.091885] [RECV] MC_OD:1000
[2025-06-20 14:56:37.163447] [SEND] MR_OD:ERR,3
[2025-06-20 14:57:09.229588] [RECV] MC_CA
[2025-06-20 14:57:09.229746] [SEND] MR_CA:OK
[2025-06-20 14:57:11.502364] [RECV] MC_MP
[2025-06-20 14:57:11.502726] [SEND] MR_MP:OK
[2025-06-20 14:57:13.445992] [RECV] MC_OD:1000
[2025-06-20 14:57:13.449339] [SEND] MR_OD:OK,1000,ANIMAL,RWY_A,2025-06-20T05:56:49Z,10932
[2025-06-20 14:57:13.449644] [SEND] [Binary Data of size 10932]
[2025-06-20 15:03:36.029356] [RECV] MC_CA
[2025-06-20 15:03:36.029509] [SEND] MR_CA:OK
[2025-06-20 15:03:36.908265] [RECV] MC_MP
[2025-06-20 15:03:36.908681] [SEND] MR_MP:OK
[2025-06-20 15:04:15.348324] [RECV] MC_CA
[2025-06-20 15:04:15.348424] [SEND] MR_CA:OK
[2025-06-20 15:04:16.888914] [RECV] MC_MP
[2025-06-20 15:04:16.889238] [SEND] MR_MP:OK
[2025-06-20 15:04:17.988899] [RECV] MC_OD:1000
[2025-06-20 15:04:17.991903] [SEND] MR_OD:OK,1000,PERSON,GRASS_A,2025-06-20T06:03:46Z,2268
[2025-06-20 15:04:17.992082] [SEND] [Binary Data of size 2268]
[2025-06-20 15:13:52.203958] [RECV] MC_CA
[2025-06-20 15:13:52.204273] [SEND] MR_CA:OK
[2025-06-20 15:13:52.709640] [RECV] MC_MP
[2025-06-20 15:13:52.709876] [SEND] MR_MP:OK
[2025-06-20 15:13:53.698707] [RECV] MC_OD:1000
[2025-06-20 15:13:53.701957] [SEND] MR_OD:OK,1000,BIRD,GRASS_A,2025-06-20T15:12:48Z,8902
[2025-06-20 15:13:53.702227] [SEND] [Binary Data of size 8902]
[2025-06-20 15:26:17.308471] [RECV] MC_CA
[2025-06-20 15:26:17.308933] [SEND] MR_CA:OK
[2025-06-20 15:26:23.246007] [RECV] MC_MP
[2025-06-20 15:26:23.246432] [SEND] MR_MP:OK
[2025-06-20 15:26:25.727091] [RECV] MC_OD:1000
[2025-06-20 15:26:25.730390] [SEND] MR_OD:OK,1000,PERSON,GRASS_B,2025-06-20T15:24:59Z,2044
[2025-06-20 15:26:25.730579] [SEND] [Binary Data of size 2044]
[2025-06-20 15:34:04.153781] [RECV] MC_OD:1000
[2025-06-20 15:34:04.154768] [SEND] MR_OD:OK,1000,PERSON,GRASS_B,2025-06-20T15:30:41Z,12818
[2025-06-20 15:34:04.154841] [SEND] [Binary Data of size 12818]
[2025-06-20 15:55:40.060327] [RECV] MC_OD:1000
[2025-06-20 15:55:40.064477] [SEND] MR_OD:OK,1000,PERSON,GRASS_B,2025-06-20T15:30:41Z,12818
[2025-06-20 15:55:40.064971] [SEND] [Binary Data of size 12818]
[2025-06-20 15:55:43.029209] [RECV] MC_OD:1000
[2025-06-20 15:55:43.032486] [SEND] MR_OD:OK,1000,PERSON,GRASS_B,2025-06-20T15:30:41Z,12818
[2025-06-20 15:55:43.032772] [SEND] [Binary Data of size 12818]
[2025-06-20 15:55:45.139402] [RECV] MC_OD:1000
[2025-06-20 15:55:45.140217] [SEND] MR_OD:OK,1000,PERSON,GRASS_B,2025-06-20T15:30:41Z,12818
[2025-06-20 15:55:45.140251] [SEND] [Binary Data of size 12818]
[2025-06-20 16:06:50.451626] [RECV] MC_OD:1000
[2025-06-20 16:06:50.453611] [SEND] MR_OD:OK,1000,PERSON,GRASS_A,2025-06-20T16:03:25Z,1654
[2025-06-20 16:06:50.453686] [SEND] [Binary Data of size 1654]
[2025-06-20 17:54:53.198969] [RECV] MC_CA
[2025-06-20 17:54:53.199767] [SEND] MR_CA:OK
[2025-06-20 17:54:54.053897] [RECV] MC_MP
[2025-06-20 17:54:54.054109] [SEND] MR_MP:OK
[2025-06-20 17:54:54.716462] [RECV] MC_OD:1000
[2025-06-20 17:54:54.768979] [SEND] [Binary Data]
[2025-06-20 18:02:14.998164] [SEND] ME_FD:1000,Bird,604,649,GRASS_B,2025-06-20T09:02:14Z,976
[2025-06-20 18:02:14.998392] [SEND] [Binary Data of size 976]
[2025-06-20 18:02:15.417029] [SEND] ME_FD:1001,FOD,945,466,RWY_B,2025-06-20T09:02:15Z,705
[2025-06-20 18:02:15.417131] [SEND] [Binary Data of size 705]
[2025-06-20 18:02:21.362871] [SEND] ME_FD:1002,Bird,612,592,GRASS_B,2025-06-20T09:02:21Z,1145
[2025-06-20 18:02:21.362992] [SEND] [Binary Data of size 1145]
[2025-06-20 18:02:21.736087] [SEND] ME_FD:1003,Bird,621,601,GRASS_B,2025-06-20T09:02:21Z,1185
[2025-06-20 18:02:21.736187] [SEND] [Binary Data of size 1185]
[2025-06-20 18:02:21.736235] [SEND] ME_FD:1004,FOD,762,271,GRASS_A,2025-06-20T09:02:21Z,708
[2025-06-20 18:02:21.736263] [SEND] [Binary Data of size 708]
[2025-06-20 18:02:21.736328] [SEND] ME_FD:1005,FOD,508,662,GRASS_B,2025-06-20T09:02:21Z,771
[2025-06-20 18:02:21.736362] [SEND] [Binary Data of size 771]
[2025-06-20 18:26:54.815441] [SEND] ME_FD:1,BIRD,515,435,RWY_B,2025-06-20T09:26:54Z,8867
[2025-06-20 18:26:54.815627] [SEND] [Binary Data of size 8867]
[2025-06-20 18:26:54.816659] [SEND] ME_FD:2,PERSON,519,432,RWY_B,2025-06-20T09:26:54Z,8952
[2025-06-20 18:26:54.816723] [SEND] [Binary Data of size 8952]
[2025-06-20 18:26:54.835935] [SEND] ME_FD:7,PERSON,531,424,RWY_B,2025-06-20T09:26:54Z,8835
[2025-06-20 18:26:54.836049] [SEND] [Binary Data of size 8835]
[2025-06-20 18:26:54.864277] [SEND] ME_FD:14,BIRD,509,425,RWY_B,2025-06-20T09:26:54Z,9205
[2025-06-20 18:26:54.864625] [SEND] [Binary Data of size 9205]
[2025-06-20 18:26:54.885850] [SEND] ME_FD:16,PERSON,529,430,RWY_B,2025-06-20T09:26:54Z,9084
[2025-06-20 18:26:54.886190] [SEND] [Binary Data of size 9084]
[2025-06-20 18:26:55.004402] [SEND] ME_FD:19,PERSON,632,423,RWY_B,2025-06-20T09:26:54Z,12899
[2025-06-20 18:26:55.005176] [SEND] [Binary Data of size 12899]
[2025-06-20 18:26:56.824335] [SEND] ME_FD:25,PERSON,644,428,RWY_B,2025-06-20T09:26:56Z,12507
[2025-06-20 18:26:56.824467] [SEND] [Binary Data of size 12507]
[2025-06-20 18:26:58.905628] [SEND] ME_FD:30,PERSON,601,503,RWY_B,2025-06-20T09:26:58Z,8907
[2025-06-20 18:26:58.905739] [SEND] [Binary Data of size 8907]
[2025-06-20 18:26:59.016675] [SEND] ME_FD:31,PERSON,535,443,RWY_B,2025-06-20T09:26:59Z,4936
[2025-06-20 18:26:59.017162] [SEND] [Binary Data of size 4936]
[2025-06-20 18:26:59.805616] [SEND] ME_FD:38,PERSON,636,455,RWY_B,2025-06-20T09:26:59Z,9755
[2025-06-20 18:26:59.805704] [SEND] [Binary Data of size 9755]
[2025-06-20 18:27:00.745965] [SEND] ME_FD:41,PERSON,594,486,RWY_B,2025-06-20T09:27:00Z,10825
[2025-06-20 18:27:00.746190] [SEND] [Binary Data of size 10825]
[2025-06-20 18:27:02.636631] [SEND] ME_FD:45,PERSON,585,458,RWY_B,2025-06-20T09:27:02Z,15260
[2025-06-20 18:27:02.636702] [SEND] [Binary Data of size 15260]
[2025-06-20 18:27:03.436665] [SEND] ME_FD:47,PERSON,613,424,RWY_B,2025-06-20T09:27:03Z,15809
[2025-06-20 18:27:03.436716] [SEND] [Binary Data of size 15809]
[2025-06-20 18:27:05.493461] [SEND] ME_FD:51,PERSON,590,476,RWY_B,2025-06-20T09:27:05Z,4474
[2025-06-20 18:27:05.493551] [SEND] [Binary Data of size 4474]
[2025-06-20 18:27:09.089753] [SEND] ME_FD:52,PERSON,584,530,GRASS_B,2025-06-20T09:27:09Z,3719
[2025-06-20 18:27:09.089847] [SEND] [Binary Data of size 3719]
[2025-06-20 18:27:14.544917] [SEND] ME_FD:63,PERSON,469,469,RWY_B,2025-06-20T09:27:14Z,13791
[2025-06-20 18:27:14.545029] [SEND] [Binary Data of size 13791]
[2025-06-20 18:27:14.545081] [SEND] ME_FD:64,AIRPLANE,131,677,TWY_C,2025-06-20T09:27:14Z,3541
[2025-06-20 18:27:14.545113] [SEND] [Binary Data of size 3541]
[2025-06-20 18:27:15.304777] [SEND] ME_FD:70,PERSON,540,458,RWY_B,2025-06-20T09:27:15Z,17095
[2025-06-20 18:27:15.304946] [SEND] [Binary Data of size 17095]
[2025-06-20 18:27:23.118453] [SEND] ME_FD:76,PERSON,700,436,RWY_B,2025-06-20T09:27:23Z,12103
[2025-06-20 18:27:23.118545] [SEND] [Binary Data of size 12103]
[2025-06-20 18:27:23.820354] [SEND] ME_FD:78,BIRD,685,414,RWY_B,2025-06-20T09:27:23Z,11349
[2025-06-20 18:27:23.820436] [SEND] [Binary Data of size 11349]
[2025-06-20 18:27:27.278335] [SEND] ME_FD:87,PERSON,708,402,RWY_B,2025-06-20T09:27:27Z,10889
[2025-06-20 18:27:27.278420] [SEND] [Binary Data of size 10889]
[2025-06-20 18:27:29.403756] [SEND] ME_FD:92,PERSON,697,445,RWY_B,2025-06-20T09:27:29Z,11324
[2025-06-20 18:27:29.403857] [SEND] [Binary Data of size 11324]
[2025-06-20 18:27:30.767014] [SEND] ME_FD:93,PERSON,721,406,RWY_B,2025-06-20T09:27:30Z,10590
[2025-06-20 18:27:30.767079] [SEND] [Binary Data of size 10590]
[2025-06-20 18:27:30.901440] [SEND] ME_FD:94,PERSON,720,403,RWY_B,2025-06-20T09:27:30Z,10483
[2025-06-20 18:27:30.901521] [SEND] [Binary Data of size 10483]
[2025-06-20 18:27:32.379794] [SEND] ME_FD:96,PERSON,670,680,GRASS_B,2025-06-20T09:27:32Z,2619
[2025-06-20 18:27:32.379960] [SEND] [Binary Data of size 2619]
[2025-06-20 18:27:35.725192] [SEND] ME_FD:115,AIRPLANE,775,672,GRASS_B,2025-06-20T09:27:35Z,3400
[2025-06-20 18:27:35.725254] [SEND] [Binary Data of size 3400]
[2025-06-20 18:27:49.924034] [SEND] ME_FD:137,AIRPLANE,775,672,GRASS_B,2025-06-20T09:27:49Z,3331
[2025-06-20 18:27:49.924119] [SEND] [Binary Data of size 3331]
[2025-06-20 18:27:59.173975] [SEND] ME_FD:147,AIRPLANE,775,672,GRASS_B,2025-06-20T09:27:59Z,3409
[2025-06-20 18:27:59.174164] [SEND] [Binary Data of size 3409]
[2025-06-20 18:28:06.585291] [SEND] ME_FD:161,AIRPLANE,775,673,GRASS_B,2025-06-20T09:28:06Z,3299
[2025-06-20 18:28:06.585362] [SEND] [Binary Data of size 3299]
[2025-06-20 18:28:08.016094] [SEND] ME_FD:164,BIRD,887,461,RWY_B,2025-06-20T09:28:08Z,2458
[2025-06-20 18:28:08.016163] [SEND] [Binary Data of size 2458]
[2025-06-20 18:28:08.552970] [SEND] ME_FD:170,PERSON,688,463,RWY_B,2025-06-20T09:28:08Z,6711
[2025-06-20 18:28:08.553101] [SEND] [Binary Data of size 6711]
[2025-06-20 18:28:09.756378] [SEND] ME_FD:172,PERSON,561,482,RWY_B,2025-06-20T09:28:09Z,9116
[2025-06-20 18:28:09.756609] [SEND] [Binary Data of size 9116]
[2025-06-20 18:28:09.884756] [SEND] ME_FD:173,PERSON,433,475,RWY_B,2025-06-20T09:28:09Z,16295
[2025-06-20 18:28:09.885333] [SEND] [Binary Data of size 16295]
[2025-06-20 18:28:10.621454] [SEND] ME_FD:176,PERSON,577,421,RWY_B,2025-06-20T09:28:10Z,9235
[2025-06-20 18:28:10.621530] [SEND] [Binary Data of size 9235]
[2025-06-20 18:28:11.258400] [SEND] ME_FD:178,BIRD,603,420,RWY_B,2025-06-20T09:28:11Z,12630
[2025-06-20 18:28:11.258486] [SEND] [Binary Data of size 12630]
[2025-06-20 18:28:11.460065] [SEND] ME_FD:180,PERSON,585,430,RWY_B,2025-06-20T09:28:11Z,13090
[2025-06-20 18:28:11.460191] [SEND] [Binary Data of size 13090]
[2025-06-20 18:28:13.273292] [SEND] ME_FD:182,PERSON,665,422,RWY_B,2025-06-20T09:28:13Z,12396
[2025-06-20 18:28:13.273397] [SEND] [Binary Data of size 12396]
[2025-06-20 18:28:13.510730] [SEND] ME_FD:183,BIRD,592,424,RWY_B,2025-06-20T09:28:13Z,9852
[2025-06-20 18:28:13.510856] [SEND] [Binary Data of size 9852]
[2025-06-20 18:28:13.838626] [SEND] ME_FD:185,PERSON,665,419,RWY_B,2025-06-20T09:28:13Z,14069
[2025-06-20 18:28:13.838685] [SEND] [Binary Data of size 14069]
[2025-06-20 18:28:14.548930] [SEND] ME_FD:187,PERSON,550,422,RWY_B,2025-06-20T09:28:14Z,10266
[2025-06-20 18:28:14.548996] [SEND] [Binary Data of size 10266]
[2025-06-20 20:14:35.040189] [SEND] ME_FD:1000,Animal,543,550,GRASS_B,2025-06-20T11:14:35Z
[2025-06-20 20:14:35.040256] [SEND] [Binary Data of size 1267]
[2025-06-20 20:14:35.040292] [SEND] ME_FD:1001,Animal,807,356,TWY_B,2025-06-20T11:14:35Z
[2025-06-20 20:14:35.040317] [SEND] [Binary Data of size 1586]
[2025-06-20 20:14:35.040343] [SEND] ME_FD:1002,FOD,824,457,RWY_B,2025-06-20T11:14:35Z
[2025-06-20 20:14:35.040366] [SEND] [Binary Data of size 1150]
[2025-06-20 20:14:35.519218] [SEND] ME_FD:1003,Airplane,852,525,TWY_D,2025-06-20T11:14:35Z
[2025-06-20 20:14:35.519397] [SEND] [Binary Data of size 1246]
[2025-06-20 20:14:35.519473] [SEND] ME_FD:1004,FOD,73,195,TWY_A,2025-06-20T11:14:35Z
[2025-06-20 20:14:35.519509] [SEND] [Binary Data of size 1209]
[2025-06-20 20:14:35.668366] [SEND] ME_FD:1005,FOD,820,462,RWY_B,2025-06-20T11:14:35Z
[2025-06-20 20:14:35.668477] [SEND] [Binary Data of size 1358]
[2025-06-20 20:14:38.783979] [SEND] ME_FD:1006,FOD,894,623,TWY_D,2025-06-20T11:14:38Z
[2025-06-20 20:14:38.784060] [SEND] [Binary Data of size 1513]
[2025-06-20 20:20:07.664947] [SEND] ME_FD:1000,Vehicle,939,498,RWY_B,2025-06-20T11:20:07Z
[2025-06-20 20:20:07.665143] [SEND] [Binary Data of size 1138]
[2025-06-20 20:20:08.362365] [SEND] ME_FD:1001,FOD,491,572,GRASS_B,2025-06-20T11:20:08Z
[2025-06-20 20:20:08.362461] [SEND] [Binary Data of size 1323]
[2025-06-20 20:20:14.250429] [SEND] ME_FD:1002,FOD,787,8,RWY_A,2025-06-20T11:20:14Z
[2025-06-20 20:20:14.250557] [SEND] [Binary Data of size 886]
[2025-06-20 20:20:14.443412] [SEND] ME_FD:1003,FOD,345,8,RWY_A,2025-06-20T11:20:14Z
[2025-06-20 20:20:14.443485] [SEND] [Binary Data of size 833]
[2025-06-20 20:20:32.845018] [SEND] ME_FD:1004,FOD,283,11,RWY_A,2025-06-20T11:20:32Z
[2025-06-20 20:20:32.845118] [SEND] [Binary Data of size 913]
[2025-06-20 20:20:34.925931] [SEND] ME_FD:1005,FOD,634,9,RWY_A,2025-06-20T11:20:34Z
[2025-06-20 20:20:34.926028] [SEND] [Binary Data of size 863]
[2025-06-20 20:24:43.152718] [SEND] ME_FD:1000,Animal,622,551,GRASS_B,2025-06-20T11:24:43Z
[2025-06-20 20:24:43.152802] [SEND] [Binary Data of size 1304]
[2025-06-20 20:24:43.152894] [SEND] ME_FD:1001,FOD,879,103,RWY_A,2025-06-20T11:24:43Z
[2025-06-20 20:24:43.152924] [SEND] [Binary Data of size 1853]
[2025-06-20 20:24:43.178213] [SEND] ME_FD:1002,Airplane,151,666,TWY_C,2025-06-20T11:24:43Z
[2025-06-20 20:24:43.178497] [SEND] [Binary Data of size 1237]
[2025-06-20 20:24:43.178571] [SEND] ME_FD:1003,Animal,622,558,GRASS_B,2025-06-20T11:24:43Z
[2025-06-20 20:24:43.178625] [SEND] [Binary Data of size 1259]
[2025-06-20 20:24:43.424513] [SEND] ME_FD:1004,FOD,184,51,RWY_A,2025-06-20T11:24:43Z
[2025-06-20 20:24:43.424628] [SEND] [Binary Data of size 1097]
[2025-06-20 20:24:44.258019] [SEND] ME_FD:1005,FOD,878,94,RWY_A,2025-06-20T11:24:44Z
[2025-06-20 20:24:44.258095] [SEND] [Binary Data of size 1583]
[2025-06-20 20:24:45.537001] [SEND] ME_FD:1006,FOD,190,192,GRASS_A,2025-06-20T11:24:45Z
[2025-06-20 20:24:45.537179] [SEND] [Binary Data of size 1508]
[2025-06-20 20:24:59.420193] [SEND] ME_FD:1007,FOD,877,109,RWY_A,2025-06-20T11:24:59Z
[2025-06-20 20:24:59.420270] [SEND] [Binary Data of size 1796]
[2025-06-20 20:36:40.794969] [SEND] ME_FD:1000,FOD,168,424,RWY_B,2025-06-20T11:36:40Z
[2025-06-20 20:36:40.795087] [SEND] [Binary Data of size 1581]
[2025-06-20 20:36:42.530994] [SEND] ME_FD:1001,FOD,327,422,RWY_B,2025-06-20T11:36:42Z
[2025-06-20 20:36:42.531076] [SEND] [Binary Data of size 1808]
[2025-06-20 20:36:47.642163] [SEND] ME_FD:1002,FOD,606,474,RWY_B,2025-06-20T11:36:47Z
[2025-06-20 20:36:47.642233] [SEND] [Binary Data of size 1094]
[2025-06-20 20:36:48.614848] [SEND] ME_FD:1003,FOD,189,669,GRASS_B,2025-06-20T11:36:48Z
[2025-06-20 20:36:48.614936] [SEND] [Binary Data of size 1938]
[2025-06-20 20:37:08.563881] [SEND] ME_FD:1004,Animal,783,229,TWY_B,2025-06-20T11:37:08Z
[2025-06-20 20:37:08.563955] [SEND] [Binary Data of size 1463]
[2025-06-20 20:37:27.261301] [SEND] ME_FD:1005,FOD,852,283,TWY_B,2025-06-20T11:37:27Z
[2025-06-20 20:37:27.261377] [SEND] [Binary Data of size 2659]
[2025-06-20 20:37:27.261416] [SEND] ME_FD:1006,Airplane,50,354,TWY_A,2025-06-20T11:37:27Z
[2025-06-20 20:37:27.261441] [SEND] [Binary Data of size 2179]
[2025-06-20 20:38:33.069431] [RECV] PING
[2025-06-20 21:02:00.606759] [SEND] ME_FD:1000,Animal,583,567,GRASS_B,2025-06-20T12:02:00Z
[2025-06-20 21:02:00.606900] [SEND] [Binary Data of size 1048]
[2025-06-20 21:02:00.606947] [SEND] ME_FD:1001,Airplane,835,376,RWY_B,2025-06-20T12:02:00Z
[2025-06-20 21:02:00.606982] [SEND] [Binary Data of size 1512]
[2025-06-20 21:02:00.607022] [SEND] ME_FD:1002,FOD,909,554,TWY_D,2025-06-20T12:02:00Z
[2025-06-20 21:02:00.607064] [SEND] [Binary Data of size 1134]
[2025-06-20 21:02:00.607091] [SEND] ME_FD:1003,Bird,583,567,GRASS_B,2025-06-20T12:02:00Z
[2025-06-20 21:02:00.607114] [SEND] [Binary Data of size 1040]
[2025-06-20 21:02:00.607141] [SEND] ME_FD:1004,FOD,900,545,TWY_D,2025-06-20T12:02:00Z
[2025-06-20 21:02:00.607169] [SEND] [Binary Data of size 1629]
[2025-06-20 21:03:04.409020] [SEND] ME_FD:1000,Bird,441,564,GRASS_B,2025-06-20T12:03:04Z
[2025-06-20 21:03:04.409116] [SEND] [Binary Data of size 1063]
[2025-06-20 21:03:04.516303] [SEND] ME_FD:1001,FOD,370,339,GRASS_A,2025-06-20T12:03:04Z
[2025-06-20 21:03:04.516368] [SEND] [Binary Data of size 1140]
[2025-06-20 21:03:05.018250] [SEND] ME_FD:1002,Person,746,386,RWY_B,2025-06-20T12:03:05Z
[2025-06-20 21:03:05.018331] [SEND] [Binary Data of size 748]
[2025-06-20 21:03:05.512214] [SEND] ME_FD:1003,Bird,444,581,GRASS_B,2025-06-20T12:03:05Z
[2025-06-20 21:03:05.512392] [SEND] [Binary Data of size 1076]
[2025-06-20 21:03:09.695545] [SEND] ME_FD:1004,FOD,379,372,GRASS_A,2025-06-20T12:03:09Z
[2025-06-20 21:03:09.695653] [SEND] [Binary Data of size 1062]
[2025-06-20 21:04:20.557253] [SEND] ME_FD:1000,bird,95,670,TWY_C,2025-06-20T12:04:20Z
[2025-06-20 21:04:20.557498] [SEND] [Binary Data of size 2747]
[2025-06-20 21:15:27.971808] [SEND] ME_FD:1000,BIRD,153,642,TWY_C,2025-06-20T12:15:27Z
[2025-06-20 21:15:27.971965] [SEND] [Binary Data of size 3693]
[2025-06-20 21:15:34.989197] [SEND] ME_FD:1001,BIRD,731,638,GRASS_B,2025-06-20T12:15:34Z
[2025-06-20 21:15:34.989276] [SEND] [Binary Data of size 3283]
[2025-06-20 21:15:36.685719] [SEND] ME_FD:1002,FIRE,524,367,GRASS_A,2025-06-20T12:15:36Z
[2025-06-20 21:15:36.685829] [SEND] [Binary Data of size 1046]
[2025-06-20 21:17:08.238140] [RECV] MC_CA
[2025-06-20 21:17:08.238691] [SEND] MR_CA:OK
[2025-06-20 21:17:31.363842] [SEND] ME_FD:1000,BIRD,137,605,TWY_C,2025-06-20T12:17:31Z
[2025-06-20 21:17:31.363928] [SEND] [Binary Data of size 4553]
[2025-06-20 21:17:46.611736] [RECV] MC_CA
[2025-06-20 21:17:46.611832] [SEND] MR_CA:OK
[2025-06-20 21:19:16.957852] [SEND] ME_FD:1001,BIRD,410,204,GRASS_A,2025-06-20T12:19:16Z
[2025-06-20 21:19:16.957977] [SEND] [Binary Data of size 4637]
[2025-06-20 21:19:55.855266] [SEND] ME_FD:1002,AIRPLANE,614,501,RWY_B,2025-06-20T12:19:55Z
[2025-06-20 21:19:55.855392] [SEND] [Binary Data of size 1034]
[2025-06-20 21:25:24.424901] [RECV] MC_CA
[2025-06-20 21:25:24.425050] [SEND] MR_CA:OK
[2025-06-20 21:25:32.327643] [RECV] MC_CA
[2025-06-20 21:25:32.327762] [SEND] MR_CA:OK
[2025-06-20 21:29:05.419308] [RECV] MC_CA
[2025-06-20 21:29:05.419453] [SEND] MR_CA:OK
[2025-06-20 21:32:12.957672] [SEND] ME_FD:1003,FIRE,879,240,TWY_B,2025-06-20T12:32:12Z
[2025-06-20 21:32:12.957754] [SEND] [Binary Data of size 831]
[2025-06-20 21:36:03.331671] [SEND] ME_FD:1004,BIRD,934,55,RWY_A,2025-06-20T12:36:03Z
[2025-06-20 21:36:03.331760] [SEND] [Binary Data of size 1324]
[2025-06-20 21:38:28.200825] [SEND] ME_FD:1005,FIRE,674,62,RWY_A,2025-06-20T12:38:28Z
[2025-06-20 21:38:28.200916] [SEND] [Binary Data of size 2286]
