[2025-06-25 17:13:20.673584] [SEND] ME_RB:1
[2025-06-25 17:13:20.910025] [SEND] ME_FD:1,17508392006261,AIRPLANE,328,467,RWY_B,2025-06-25T08:13:20Z,3979
[2025-06-25 17:13:20.910745] [SEND] [Binary Data of size 3979]
[2025-06-25 17:13:20.911050] [SEND] ME_FD:1,17508392006262,ANIMAL,564,321,GRASS_A,2025-06-25T08:13:20Z,2661
[2025-06-25 17:13:20.911231] [SEND] [Binary Data of size 2661]
[2025-06-25 17:13:20.911426] [SEND] ME_FD:2,17508392006263,VEHICLE,571,465,RWY_B,2025-06-25T08:13:20Z,2204
[2025-06-25 17:13:20.911585] [SEND] [Binary Data of size 2204]
[2025-06-25 17:13:20.911763] [SEND] ME_FD:1,17508392006264,BIRD,645,315,GRASS_A,2025-06-25T08:13:20Z,1381
[2025-06-25 17:13:20.911961] [SEND] [Binary Data of size 1381]
[2025-06-25 17:14:27.103531] [RECV] MC_CA
[2025-06-25 17:14:27.103944] [SEND] MR_CA:OK
[2025-06-25 17:14:37.720990] [RECV] MC_MP
[2025-06-25 17:14:37.721324] [SEND] MR_MP:OK
[2025-06-25 17:14:41.942303] [RECV] MC_OD:17508392006264
[2025-06-25 17:14:41.945299] [SEND] MR_OD:OK,1,17508392006264,BIRD,GRASS_A,2025-06-25T17:13:20Z,1381
[2025-06-25 17:14:41.945477] [SEND] [Binary Data of size 1381]
[2025-06-25 17:14:45.995531] [RECV] MC_OD:17508392006263
[2025-06-25 17:14:45.998372] [SEND] MR_OD:OK,2,17508392006263,VEHICLE,RWY_B,2025-06-25T17:13:20Z,2204
[2025-06-25 17:14:45.998555] [SEND] [Binary Data of size 2204]
[2025-06-25 17:14:48.466897] [RECV] MC_OD:17508392006262
[2025-06-25 17:14:48.469770] [SEND] MR_OD:OK,1,17508392006262,ANIMAL,GRASS_A,2025-06-25T17:13:20Z,2661
[2025-06-25 17:14:48.469995] [SEND] [Binary Data of size 2661]
[2025-06-25 17:14:51.198225] [RECV] MC_OD:17508392006261
[2025-06-25 17:14:51.201220] [SEND] MR_OD:OK,1,17508392006261,AIRPLANE,RWY_B,2025-06-25T17:13:20Z,3979
[2025-06-25 17:14:51.201407] [SEND] [Binary Data of size 3979]
[2025-06-25 17:14:56.525507] [RECV] MC_CA
[2025-06-25 17:14:56.525896] [SEND] MR_CA:OK
