2025-06-18 11:57:50,580 - ATC_GUI - DEBUG - label_map 크기: 622x400
2025-06-18 11:57:50,580 - ATC_GUI - DEBUG - 지도 이미지 업데이트 완료: 533x400
2025-06-18 11:57:50,583 - ATC_GUI - INFO - TCP 연결 시도 중...
2025-06-18 11:57:50,585 - ATC_GUI - INFO - UDP 클라이언트 초기화 완료 (연결은 CCTV 요청 시)
2025-06-18 11:57:50,605 - ATC_GUI - DEBUG - label_map 크기: 622x400
2025-06-18 11:57:50,605 - ATC_GUI - DEBUG - 지도 이미지 업데이트 완료: 533x400
2025-06-18 11:57:50,609 - ATC_GUI - DEBUG - label_map 크기: 953x713
2025-06-18 11:57:50,611 - ATC_GUI - DEBUG - 지도 이미지 업데이트 완료: 950x713
2025-06-18 11:57:50,616 - ATC_GUI - WARNING - TCP 연결 실패 (127.0.0.1:5100): 서버 응답 없음
2025-06-18 11:57:50,616 - ATC_GUI - INFO - TCP 연결 상태 변경: TCP 연결 오류: 연결 실패
2025-06-18 11:57:53,554 - ATC_GUI - INFO - TCP 재연결 시도 중... (시도 1회)
2025-06-18 11:57:53,555 - ATC_GUI - INFO - TCP 연결 상태 변경: TCP 연결 오류: 연결 실패
2025-06-18 12:08:27,384 - ATC_GUI - DEBUG - label_map 크기: 622x400
2025-06-18 12:08:27,385 - ATC_GUI - DEBUG - 지도 이미지 업데이트 완료: 533x400
2025-06-18 12:08:27,387 - ATC_GUI - INFO - TCP 연결 시도 중...
2025-06-18 12:08:27,405 - ATC_GUI - DEBUG - label_map 크기: 622x400
2025-06-18 12:08:27,406 - ATC_GUI - DEBUG - 지도 이미지 업데이트 완료: 533x400
2025-06-18 12:08:27,408 - ATC_GUI - DEBUG - label_map 크기: 953x713
2025-06-18 12:08:27,410 - ATC_GUI - DEBUG - 지도 이미지 업데이트 완료: 950x713
2025-06-18 12:08:27,412 - ATC_GUI - WARNING - TCP 연결 실패 (127.0.0.1:5100): 서버 응답 없음
2025-06-18 12:08:27,412 - ATC_GUI - INFO - TCP 연결 상태 변경: TCP 연결 오류: 연결 실패
2025-06-18 12:08:30,554 - ATC_GUI - INFO - TCP 재연결 시도 중... (시도 1회)
2025-06-18 12:08:30,556 - ATC_GUI - INFO - TCP 연결 상태 변경: TCP 연결 오류: 연결 실패
2025-06-18 12:08:33,554 - ATC_GUI - INFO - TCP 연결 상태 변경: TCP 연결 오류: 연결 실패
2025-06-18 13:26:15,392 - ATC_GUI - DEBUG - label_map 크기: 622x400
2025-06-18 13:26:15,393 - ATC_GUI - DEBUG - 지도 이미지 업데이트 완료: 533x400
2025-06-18 13:26:15,394 - ATC_GUI - INFO - TCP 연결 시도 중...
2025-06-18 13:26:15,396 - ATC_GUI - INFO - 조류 위험도 값이 없어 기본값(안전)으로 설정됨
2025-06-18 13:26:15,396 - ATC_GUI - INFO - 활주로 A 위험도 값이 없어 기본값(안전)으로 설정됨
2025-06-18 13:26:15,396 - ATC_GUI - INFO - 활주로 B 위험도 값이 없어 기본값(안전)으로 설정됨
2025-06-18 13:26:15,413 - ATC_GUI - DEBUG - label_map 크기: 622x400
2025-06-18 13:26:15,413 - ATC_GUI - DEBUG - 지도 이미지 업데이트 완료: 533x400
2025-06-18 13:26:15,416 - ATC_GUI - DEBUG - label_map 크기: 953x713
2025-06-18 13:26:15,417 - ATC_GUI - DEBUG - 지도 이미지 업데이트 완료: 950x713
2025-06-18 13:26:15,421 - ATC_GUI - WARNING - TCP 연결 실패 (127.0.0.1:5100): 서버 응답 없음
2025-06-18 13:26:15,422 - ATC_GUI - INFO - TCP 연결 상태 변경: TCP 연결 오류: 연결 실패
2025-06-18 13:26:18,554 - ATC_GUI - INFO - TCP 재연결 시도 중... (시도 1회)
2025-06-18 13:26:18,555 - ATC_GUI - INFO - TCP 연결 상태 변경: TCP 연결 오류: 연결 실패
2025-06-18 13:26:21,554 - ATC_GUI - INFO - TCP 연결 상태 변경: TCP 연결 오류: 연결 실패
2025-06-18 13:26:24,554 - ATC_GUI - INFO - TCP 연결 상태 변경: TCP 연결 오류: 연결 실패
2025-06-18 13:26:41,355 - ATC_GUI - DEBUG - label_map 크기: 622x400
2025-06-18 13:26:41,356 - ATC_GUI - DEBUG - 지도 이미지 업데이트 완료: 533x400
2025-06-18 13:26:41,357 - ATC_GUI - INFO - TCP 연결 시도 중...
2025-06-18 13:26:41,359 - ATC_GUI - INFO - 조류 위험도 값이 없어 기본값(안전)으로 설정됨
2025-06-18 13:26:41,359 - ATC_GUI - INFO - 활주로 A 위험도 값이 없어 기본값(안전)으로 설정됨
2025-06-18 13:26:41,359 - ATC_GUI - INFO - 활주로 B 위험도 값이 없어 기본값(안전)으로 설정됨
2025-06-18 13:26:41,378 - ATC_GUI - DEBUG - label_map 크기: 622x400
2025-06-18 13:26:41,379 - ATC_GUI - DEBUG - 지도 이미지 업데이트 완료: 533x400
2025-06-18 13:26:41,381 - ATC_GUI - DEBUG - label_map 크기: 953x713
2025-06-18 13:26:41,382 - ATC_GUI - DEBUG - 지도 이미지 업데이트 완료: 950x713
2025-06-18 13:26:41,386 - ATC_GUI - WARNING - TCP 연결 실패 (127.0.0.1:5100): 서버 응답 없음
2025-06-18 13:26:41,387 - ATC_GUI - INFO - TCP 연결 상태 변경: TCP 연결 오류: 연결 실패
2025-06-18 13:26:44,537 - ATC_GUI - INFO - TCP 재연결 시도 중... (시도 1회)
2025-06-18 13:26:44,539 - ATC_GUI - INFO - TCP 연결 상태 변경: TCP 연결 오류: 연결 실패
2025-06-18 13:26:51,656 - ATC_GUI - DEBUG - label_map 크기: 622x400
2025-06-18 13:26:51,657 - ATC_GUI - DEBUG - 지도 이미지 업데이트 완료: 533x400
2025-06-18 13:26:51,659 - ATC_GUI - INFO - TCP 연결 시도 중...
2025-06-18 13:26:51,661 - ATC_GUI - INFO - 조류 위험도 값이 없어 기본값(안전)으로 설정됨
2025-06-18 13:26:51,661 - ATC_GUI - INFO - 활주로 A 위험도 값이 없어 기본값(안전)으로 설정됨
2025-06-18 13:26:51,661 - ATC_GUI - INFO - 활주로 B 위험도 값이 없어 기본값(안전)으로 설정됨
2025-06-18 13:26:51,686 - ATC_GUI - DEBUG - label_map 크기: 622x400
2025-06-18 13:26:51,687 - ATC_GUI - DEBUG - 지도 이미지 업데이트 완료: 533x400
2025-06-18 13:26:51,690 - ATC_GUI - DEBUG - label_map 크기: 953x713
2025-06-18 13:26:51,692 - ATC_GUI - DEBUG - 지도 이미지 업데이트 완료: 950x713
2025-06-18 13:26:51,702 - ATC_GUI - WARNING - TCP 연결 실패 (127.0.0.1:5100): 서버 응답 없음
2025-06-18 13:26:51,702 - ATC_GUI - INFO - TCP 연결 상태 변경: TCP 연결 오류: 연결 실패
2025-06-18 13:26:54,554 - ATC_GUI - INFO - TCP 재연결 시도 중... (시도 1회)
2025-06-18 13:26:54,555 - ATC_GUI - INFO - TCP 연결 상태 변경: TCP 연결 오류: 연결 실패
2025-06-18 13:27:23,844 - ATC_GUI - DEBUG - label_map 크기: 622x400
2025-06-18 13:27:23,845 - ATC_GUI - DEBUG - 지도 이미지 업데이트 완료: 533x400
2025-06-18 13:27:23,847 - ATC_GUI - INFO - TCP 연결 시도 중...
2025-06-18 13:27:23,849 - ATC_GUI - INFO - 조류 위험도 값이 없어 기본값(안전)으로 설정됨
2025-06-18 13:27:23,849 - ATC_GUI - INFO - 활주로 A 위험도 값이 없어 기본값(안전)으로 설정됨
2025-06-18 13:27:23,849 - ATC_GUI - INFO - 활주로 B 위험도 값이 없어 기본값(안전)으로 설정됨
2025-06-18 13:27:23,869 - ATC_GUI - DEBUG - label_map 크기: 622x400
2025-06-18 13:27:23,870 - ATC_GUI - DEBUG - 지도 이미지 업데이트 완료: 533x400
2025-06-18 13:27:23,872 - ATC_GUI - DEBUG - label_map 크기: 953x713
2025-06-18 13:27:23,873 - ATC_GUI - DEBUG - 지도 이미지 업데이트 완료: 950x713
2025-06-18 13:27:23,876 - ATC_GUI - WARNING - TCP 연결 실패 (127.0.0.1:5100): 서버 응답 없음
2025-06-18 13:27:23,876 - ATC_GUI - INFO - TCP 연결 상태 변경: TCP 연결 오류: 연결 실패
2025-06-18 13:27:36,192 - ATC_GUI - DEBUG - label_map 크기: 622x400
2025-06-18 13:27:36,193 - ATC_GUI - DEBUG - 지도 이미지 업데이트 완료: 533x400
2025-06-18 13:27:36,194 - ATC_GUI - INFO - TCP 연결 시도 중...
2025-06-18 13:27:36,196 - ATC_GUI - INFO - 조류 위험도 값이 없어 기본값(안전)으로 설정됨
2025-06-18 13:27:36,196 - ATC_GUI - INFO - 활주로 A 위험도 값이 없어 기본값(안전)으로 설정됨
2025-06-18 13:27:36,196 - ATC_GUI - INFO - 활주로 B 위험도 값이 없어 기본값(안전)으로 설정됨
2025-06-18 13:27:36,216 - ATC_GUI - DEBUG - label_map 크기: 622x400
2025-06-18 13:27:36,217 - ATC_GUI - DEBUG - 지도 이미지 업데이트 완료: 533x400
2025-06-18 13:27:36,221 - ATC_GUI - DEBUG - label_map 크기: 953x713
2025-06-18 13:27:36,222 - ATC_GUI - DEBUG - 지도 이미지 업데이트 완료: 950x713
2025-06-18 13:27:36,225 - ATC_GUI - WARNING - TCP 연결 실패 (127.0.0.1:5100): 서버 응답 없음
2025-06-18 13:27:36,225 - ATC_GUI - INFO - TCP 연결 상태 변경: TCP 연결 오류: 연결 실패
2025-06-18 13:27:39,076 - ATC_GUI - INFO - TCP 재연결 시도 중... (시도 1회)
2025-06-18 13:27:39,078 - ATC_GUI - INFO - TCP 연결 상태 변경: TCP 연결 오류: 연결 실패
