2025-06-12 00:56:58,202 - ATC_GUI - DEBUG - 이미지 업데이트
2025-06-12 00:57:34,459 - ATC_GUI - DEBUG - 이미지 업데이트
2025-06-12 00:57:34,484 - ATC_GUI - DEBUG - 이미지 업데이트
2025-06-12 00:57:34,489 - ATC_GUI - DEBUG - 이미지 업데이트
2025-06-12 00:58:54,163 - ATC_GUI - DEBUG - 이미지 업데이트
2025-06-12 00:58:54,187 - ATC_GUI - DEBUG - 이미지 업데이트
2025-06-12 00:58:54,191 - ATC_GUI - DEBUG - 이미지 업데이트
2025-06-12 01:01:46,014 - ATC_GUI - DEBUG - CCTV 보기: 1
2025-06-12 01:01:47,700 - ATC_GUI - DEBUG - 지도 보기
2025-06-12 01:01:49,394 - ATC_GUI - DEBUG - CCTV 보기: 1
2025-06-12 01:01:50,159 - ATC_GUI - DEBUG - 지도 보기
2025-06-12 01:01:51,133 - ATC_GUI - WARNING - 선택된 객체가 없음
2025-06-12 01:04:00,453 - ATC_GUI - DEBUG - 이미지 업데이트
2025-06-12 01:04:00,476 - ATC_GUI - DEBUG - 이미지 업데이트
2025-06-12 01:04:00,480 - ATC_GUI - DEBUG - 이미지 업데이트
2025-06-12 01:04:16,904 - ATC_GUI - DEBUG - 지도 보기
2025-06-12 01:04:20,011 - ATC_GUI - DEBUG - CCTV 보기: 1
2025-06-12 01:04:21,863 - ATC_GUI - DEBUG - 지도 보기
2025-06-12 01:04:29,336 - ATC_GUI - WARNING - 선택된 객체가 없음
2025-06-12 01:04:32,291 - ATC_GUI - DEBUG - 지도 보기
2025-06-12 16:32:23,409 - ATC_GUI - DEBUG - 이미지 업데이트
2025-06-12 16:32:23,439 - ATC_GUI - DEBUG - 이미지 업데이트
2025-06-12 16:32:23,448 - ATC_GUI - DEBUG - 이미지 업데이트
2025-06-12 16:32:33,877 - ATC_GUI - DEBUG - CCTV 보기: 1
2025-06-12 21:29:05,137 - ATC_GUI - DEBUG - 이미지 업데이트
2025-06-12 21:29:55,061 - ATC_GUI - DEBUG - 이미지 업데이트
2025-06-12 21:41:38,919 - ATC_GUI - DEBUG - 이미지 업데이트
2025-06-12 21:41:38,923 - ATC_GUI - INFO - UDP 클라이언트 연결됨: 192.168.0.8:5100
2025-06-12 21:41:38,990 - ATC_GUI - DEBUG - 이미지 업데이트
2025-06-12 21:41:38,998 - ATC_GUI - DEBUG - 이미지 업데이트
2025-06-12 21:41:50,022 - ATC_GUI - DEBUG - CCTV 보기: 1
2025-06-12 21:42:02,601 - ATC_GUI - DEBUG - 이미지 업데이트
2025-06-12 21:42:02,606 - ATC_GUI - INFO - UDP 클라이언트 연결됨: 192.168.0.8:5100
2025-06-12 21:42:02,648 - ATC_GUI - DEBUG - 이미지 업데이트
2025-06-12 21:42:02,656 - ATC_GUI - DEBUG - 이미지 업데이트
2025-06-12 21:42:04,833 - ATC_GUI - DEBUG - CCTV 보기: 1
2025-06-12 21:48:17,346 - ATC_GUI - DEBUG - 이미지 업데이트
2025-06-12 21:48:17,350 - ATC_GUI - INFO - UDP 클라이언트 연결됨: 192.168.0.8:5100
2025-06-12 21:48:17,387 - ATC_GUI - DEBUG - 이미지 업데이트
2025-06-12 21:48:17,394 - ATC_GUI - DEBUG - 이미지 업데이트
2025-06-12 21:48:39,179 - ATC_GUI - DEBUG - 지도 보기
2025-06-12 21:48:43,975 - ATC_GUI - DEBUG - CCTV 보기: 1
2025-06-12 21:48:43,979 - ATC_GUI - ERROR - 연결되지 않은 상태에서 명령 전송 실패: MC_CA
2025-06-12 21:50:40,295 - ATC_GUI - DEBUG - 이미지 업데이트
2025-06-12 21:50:40,299 - ATC_GUI - INFO - UDP 클라이언트 연결됨: 192.168.0.8:5100
2025-06-12 21:50:40,341 - ATC_GUI - DEBUG - 이미지 업데이트
2025-06-12 21:50:40,345 - ATC_GUI - DEBUG - 이미지 업데이트
2025-06-12 21:55:57,953 - ATC_GUI - DEBUG - 이미지 업데이트
2025-06-12 21:55:57,957 - ATC_GUI - INFO - UDP 클라이언트 연결됨: 192.168.0.8:5100
2025-06-12 21:55:57,994 - ATC_GUI - DEBUG - 이미지 업데이트
2025-06-12 21:55:57,998 - ATC_GUI - DEBUG - 이미지 업데이트
2025-06-12 21:56:08,167 - ATC_GUI - DEBUG - 지도 보기
2025-06-12 21:59:42,761 - ATC_GUI - DEBUG - 이미지 업데이트
2025-06-12 21:59:42,764 - ATC_GUI - INFO - TCP 서버 연결 시도: 192.168.0.8:4100
2025-06-12 21:59:47,773 - ATC_GUI - ERROR - TCP 연결 오류: Socket operation timed out
2025-06-12 21:59:47,773 - ATC_GUI - INFO - 3초 후 재연결 시도
2025-06-12 21:59:47,774 - ATC_GUI - INFO - UDP 클라이언트 연결됨: 192.168.0.8:5100
2025-06-12 21:59:47,815 - ATC_GUI - DEBUG - 이미지 업데이트
2025-06-12 21:59:47,822 - ATC_GUI - DEBUG - 이미지 업데이트
2025-06-12 21:59:50,681 - ATC_GUI - INFO - TCP 서버 연결 시도: 192.168.0.8:4100
2025-06-12 21:59:55,688 - ATC_GUI - ERROR - TCP 연결 오류: Socket operation timed out
2025-06-12 21:59:55,688 - ATC_GUI - INFO - TCP 서버 연결 시도: 192.168.0.8:4100
2025-06-12 22:00:00,695 - ATC_GUI - ERROR - TCP 연결 오류: Socket operation timed out
2025-06-12 22:00:00,699 - ATC_GUI - INFO - TCP 서버 연결 시도: 192.168.0.8:4100
2025-06-12 22:00:05,705 - ATC_GUI - ERROR - TCP 연결 오류: Socket operation timed out
2025-06-12 22:00:05,706 - ATC_GUI - INFO - TCP 서버 연결 시도: 192.168.0.8:4100
2025-06-12 22:00:10,709 - ATC_GUI - ERROR - TCP 연결 오류: Socket operation timed out
2025-06-12 22:00:10,711 - ATC_GUI - INFO - TCP 서버 연결 시도: 192.168.0.8:4100
2025-06-12 22:00:15,717 - ATC_GUI - ERROR - TCP 연결 오류: Socket operation timed out
2025-06-12 22:00:50,963 - ATC_GUI - DEBUG - 이미지 업데이트
2025-06-12 22:00:50,967 - ATC_GUI - INFO - TCP 서버 연결 시도: 192.168.0.8:4100
2025-06-12 22:00:55,973 - ATC_GUI - ERROR - TCP 연결 오류: Socket operation timed out
2025-06-12 22:00:55,973 - ATC_GUI - INFO - 3초 후 재연결 시도
2025-06-12 22:00:55,974 - ATC_GUI - INFO - UDP 클라이언트 연결됨: 192.168.0.8:5100
2025-06-12 22:00:56,029 - ATC_GUI - DEBUG - 이미지 업데이트
2025-06-12 22:00:56,040 - ATC_GUI - DEBUG - 이미지 업데이트
2025-06-12 22:00:59,124 - ATC_GUI - INFO - TCP 서버 연결 시도: 192.168.0.8:4100
2025-06-12 22:01:04,130 - ATC_GUI - ERROR - TCP 연결 오류: Socket operation timed out
2025-06-12 22:01:04,134 - ATC_GUI - INFO - TCP 서버 연결 시도: 192.168.0.8:4100
2025-06-12 22:01:09,140 - ATC_GUI - ERROR - TCP 연결 오류: Socket operation timed out
2025-06-12 22:01:09,145 - ATC_GUI - INFO - TCP 서버 연결 시도: 192.168.0.8:4100
2025-06-12 22:01:14,151 - ATC_GUI - ERROR - TCP 연결 오류: Socket operation timed out
2025-06-12 22:01:14,165 - ATC_GUI - INFO - TCP 서버 연결 시도: 192.168.0.8:4100
2025-06-12 22:01:19,172 - ATC_GUI - ERROR - TCP 연결 오류: Socket operation timed out
2025-06-12 22:01:19,178 - ATC_GUI - INFO - TCP 서버 연결 시도: 192.168.0.8:4100
2025-06-12 22:01:24,181 - ATC_GUI - ERROR - TCP 연결 오류: Socket operation timed out
2025-06-12 22:08:51,648 - ATC_GUI - DEBUG - 이미지 업데이트
2025-06-12 22:08:51,652 - ATC_GUI - INFO - TCP 서버 연결 시도: 192.168.0.8:4100
2025-06-12 22:08:56,659 - ATC_GUI - ERROR - TCP 연결 오류: Socket operation timed out
2025-06-12 22:08:56,659 - ATC_GUI - INFO - 3초 후 재연결 시도
2025-06-12 22:08:56,660 - ATC_GUI - INFO - UDP 서버 연결 시도: 192.168.0.8:5100
2025-06-12 22:08:56,661 - ATC_GUI - INFO - UDP 서버 연결 성공: 192.168.0.8:5100
2025-06-12 22:08:56,711 - ATC_GUI - DEBUG - 이미지 업데이트
2025-06-12 22:08:56,718 - ATC_GUI - DEBUG - 이미지 업데이트
2025-06-12 22:08:59,681 - ATC_GUI - INFO - TCP 서버 연결 시도: 192.168.0.8:4100
2025-06-12 22:09:04,688 - ATC_GUI - ERROR - TCP 연결 오류: Socket operation timed out
2025-06-12 22:09:04,700 - ATC_GUI - INFO - TCP 서버 연결 시도: 192.168.0.8:4100
2025-06-12 22:09:09,706 - ATC_GUI - ERROR - TCP 연결 오류: Socket operation timed out
2025-06-12 22:09:09,706 - ATC_GUI - INFO - TCP 서버 연결 시도: 192.168.0.8:4100
2025-06-12 22:09:14,709 - ATC_GUI - ERROR - TCP 연결 오류: Socket operation timed out
2025-06-12 22:09:14,715 - ATC_GUI - INFO - TCP 서버 연결 시도: 192.168.0.8:4100
2025-06-12 22:09:19,722 - ATC_GUI - ERROR - TCP 연결 오류: Socket operation timed out
2025-06-12 22:09:19,726 - ATC_GUI - INFO - TCP 서버 연결 시도: 192.168.0.8:4100
2025-06-12 22:09:24,731 - ATC_GUI - ERROR - TCP 연결 오류: Socket operation timed out
2025-06-12 22:09:24,755 - ATC_GUI - INFO - TCP 서버 연결 시도: 192.168.0.8:4100
2025-06-12 22:09:29,761 - ATC_GUI - ERROR - TCP 연결 오류: Socket operation timed out
2025-06-12 22:09:29,764 - ATC_GUI - INFO - TCP 서버 연결 시도: 192.168.0.8:4100
2025-06-12 22:09:34,771 - ATC_GUI - ERROR - TCP 연결 오류: Socket operation timed out
2025-06-12 22:09:34,772 - ATC_GUI - INFO - TCP 서버 연결 시도: 192.168.0.8:4100
2025-06-12 22:09:39,777 - ATC_GUI - ERROR - TCP 연결 오류: Socket operation timed out
2025-06-12 22:09:39,777 - ATC_GUI - INFO - TCP 서버 연결 시도: 192.168.0.8:4100
2025-06-12 22:09:44,783 - ATC_GUI - ERROR - TCP 연결 오류: Socket operation timed out
2025-06-12 22:09:44,783 - ATC_GUI - INFO - TCP 서버 연결 시도: 192.168.0.8:4100
2025-06-12 22:09:49,789 - ATC_GUI - ERROR - TCP 연결 오류: Socket operation timed out
2025-06-12 22:09:49,789 - ATC_GUI - INFO - TCP 서버 연결 시도: 192.168.0.8:4100
2025-06-12 22:09:54,795 - ATC_GUI - ERROR - TCP 연결 오류: Socket operation timed out
2025-06-12 22:09:54,814 - ATC_GUI - INFO - TCP 서버 연결 시도: 192.168.0.8:4100
2025-06-12 22:09:59,820 - ATC_GUI - ERROR - TCP 연결 오류: Socket operation timed out
2025-06-12 22:09:59,824 - ATC_GUI - INFO - TCP 서버 연결 시도: 192.168.0.8:4100
2025-06-12 22:10:04,830 - ATC_GUI - ERROR - TCP 연결 오류: Socket operation timed out
2025-06-12 22:10:04,838 - ATC_GUI - INFO - TCP 서버 연결 시도: 192.168.0.8:4100
2025-06-12 22:12:22,622 - ATC_GUI - DEBUG - 이미지 업데이트
2025-06-12 22:12:22,632 - ATC_GUI - INFO - TCP 서버 연결 중...
2025-06-12 22:12:22,633 - ATC_GUI - INFO - UDP 서버 연결 중...
2025-06-12 22:12:22,633 - ATC_GUI - INFO - UDP 서버 연결 성공: 192.168.0.8:5100
2025-06-12 22:12:22,680 - ATC_GUI - DEBUG - 이미지 업데이트
2025-06-12 22:12:22,687 - ATC_GUI - DEBUG - 이미지 업데이트
2025-06-12 22:12:27,637 - ATC_GUI - ERROR - TCP 연결 오류: Socket operation timed out
2025-06-12 22:12:27,638 - ATC_GUI - INFO - 3초 후 재연결 시도
2025-06-12 22:13:49,298 - ATC_GUI - DEBUG - 이미지 업데이트
2025-06-12 22:13:49,302 - ATC_GUI - INFO - TCP 서버 연결 중...
2025-06-12 22:13:49,303 - ATC_GUI - INFO - UDP 서버 연결 중...
2025-06-12 22:13:49,303 - ATC_GUI - INFO - UDP 서버 연결 성공: 192.168.0.8:5100
2025-06-12 22:13:49,342 - ATC_GUI - DEBUG - 이미지 업데이트
2025-06-12 22:13:49,346 - ATC_GUI - DEBUG - 이미지 업데이트
2025-06-12 22:13:54,308 - ATC_GUI - ERROR - TCP 연결 오류: Socket operation timed out
2025-06-12 22:13:54,308 - ATC_GUI - INFO - 3초 후 재연결 시도
2025-06-12 22:13:57,181 - ATC_GUI - INFO - TCP 서버 연결 중...
2025-06-12 22:14:02,188 - ATC_GUI - ERROR - TCP 연결 오류: Socket operation timed out
2025-06-12 22:14:41,068 - ATC_GUI - DEBUG - 이미지 업데이트
2025-06-12 22:14:41,072 - ATC_GUI - INFO - TCP 서버 연결 중...
2025-06-12 22:14:41,073 - ATC_GUI - INFO - UDP 서버 연결 중...
2025-06-12 22:14:41,073 - ATC_GUI - INFO - UDP 서버 연결 성공: 192.168.0.8:5100
2025-06-12 22:14:41,112 - ATC_GUI - DEBUG - 이미지 업데이트
2025-06-12 22:14:41,116 - ATC_GUI - DEBUG - 이미지 업데이트
2025-06-12 22:14:46,078 - ATC_GUI - ERROR - TCP 연결 오류: Socket operation timed out
2025-06-12 22:14:46,078 - ATC_GUI - INFO - 3초 후 재연결 시도
2025-06-12 22:19:24,520 - ATC_GUI - DEBUG - 이미지 업데이트
2025-06-12 22:19:24,523 - ATC_GUI - INFO - TCP 서버 연결 중...
2025-06-12 22:19:24,524 - ATC_GUI - INFO - UDP 서버 연결 중...
2025-06-12 22:19:24,525 - ATC_GUI - INFO - UDP 서버 연결 성공: 192.168.0.8:5100
2025-06-12 22:19:24,563 - ATC_GUI - DEBUG - 이미지 업데이트
2025-06-12 22:19:24,567 - ATC_GUI - DEBUG - 이미지 업데이트
2025-06-12 22:19:29,530 - ATC_GUI - ERROR - TCP 연결 오류: Socket operation timed out
2025-06-12 22:19:29,531 - ATC_GUI - INFO - 3초 후 재연결 시도
2025-06-12 22:19:32,681 - ATC_GUI - INFO - TCP 서버 연결 중...
2025-06-12 22:19:37,687 - ATC_GUI - ERROR - TCP 연결 오류: Socket operation timed out
2025-06-12 22:21:36,721 - ATC_GUI - DEBUG - 이미지 업데이트
2025-06-12 22:21:36,725 - ATC_GUI - INFO - TCP 서버 연결 중...
2025-06-12 22:21:36,726 - ATC_GUI - INFO - UDP 서버 연결 중...
2025-06-12 22:21:36,726 - ATC_GUI - INFO - UDP 서버 연결 성공: 192.168.0.8:5100
2025-06-12 22:21:36,762 - ATC_GUI - DEBUG - 이미지 업데이트
2025-06-12 22:21:36,767 - ATC_GUI - DEBUG - 이미지 업데이트
2025-06-12 22:23:09,297 - ATC_GUI - DEBUG - 이미지 업데이트
2025-06-12 22:23:09,301 - ATC_GUI - INFO - TCP 서버 연결 중...
2025-06-12 22:23:14,306 - ATC_GUI - ERROR - TCP 연결 오류: Socket operation timed out
2025-06-12 22:23:14,307 - ATC_GUI - INFO - 3초 후 재연결 시도
2025-06-12 22:23:14,307 - ATC_GUI - INFO - UDP 서버 연결 중...
2025-06-12 22:23:14,308 - ATC_GUI - INFO - UDP 서버 연결 성공: 192.168.0.8:5100
2025-06-12 22:23:14,356 - ATC_GUI - DEBUG - 이미지 업데이트
2025-06-12 22:23:14,365 - ATC_GUI - DEBUG - 이미지 업데이트
2025-06-12 22:23:17,181 - ATC_GUI - INFO - TCP 서버 연결 중...
2025-06-12 22:23:22,187 - ATC_GUI - ERROR - TCP 연결 오류: Socket operation timed out
2025-06-12 22:23:22,197 - ATC_GUI - INFO - TCP 서버 연결 중...
2025-06-12 22:23:27,203 - ATC_GUI - ERROR - TCP 연결 오류: Socket operation timed out
2025-06-12 22:23:27,208 - ATC_GUI - INFO - TCP 서버 연결 중...
2025-06-12 22:23:32,214 - ATC_GUI - ERROR - TCP 연결 오류: Socket operation timed out
2025-06-12 22:26:48,052 - ATC_GUI - DEBUG - 이미지 업데이트
2025-06-12 22:26:48,056 - ATC_GUI - INFO - TCP 서버 연결 중... (시도 1/3)
2025-06-12 22:26:53,062 - ATC_GUI - ERROR - TCP 연결 오류: Socket operation timed out
2025-06-12 22:26:53,063 - ATC_GUI - INFO - 3.0초 후 재연결 시도
2025-06-12 22:26:53,063 - ATC_GUI - INFO - UDP 서버 연결 중...
2025-06-12 22:26:53,064 - ATC_GUI - INFO - UDP 서버 연결 성공: 192.168.0.8:5100
2025-06-12 22:26:53,133 - ATC_GUI - DEBUG - 이미지 업데이트
2025-06-12 22:26:53,144 - ATC_GUI - DEBUG - 이미지 업데이트
2025-06-12 22:26:56,181 - ATC_GUI - INFO - TCP 서버 연결 중... (시도 2/3)
2025-06-12 22:27:01,187 - ATC_GUI - ERROR - TCP 연결 오류: Socket operation timed out
2025-06-12 22:27:01,190 - ATC_GUI - INFO - TCP 서버 연결 중... (시도 3/3)
2025-06-12 22:27:06,196 - ATC_GUI - ERROR - TCP 연결 오류: Socket operation timed out
2025-06-12 22:27:06,209 - ATC_GUI - INFO - 연결 시도 횟수 초과. 6초 후 재시도
2025-06-12 22:28:50,314 - ATC_GUI - DEBUG - 이미지 업데이트
2025-06-12 22:28:50,319 - ATC_GUI - INFO - UDP 서버 연결 중...
2025-06-12 22:28:50,320 - ATC_GUI - INFO - UDP 서버 연결 성공: 192.168.0.8:5100
2025-06-12 22:28:50,372 - ATC_GUI - DEBUG - 이미지 업데이트
2025-06-12 22:28:50,378 - ATC_GUI - DEBUG - 이미지 업데이트
2025-06-12 22:28:51,319 - ATC_GUI - INFO - TCP 서버 연결 중... (시도 1/3)
2025-06-12 22:28:56,325 - ATC_GUI - ERROR - TCP 연결 오류: Socket operation timed out
2025-06-12 22:28:56,326 - ATC_GUI - INFO - 3.0초 후 재연결 시도
2025-06-12 22:28:59,182 - ATC_GUI - INFO - TCP 서버 연결 중... (시도 2/3)
2025-06-12 22:29:04,188 - ATC_GUI - ERROR - TCP 연결 오류: Socket operation timed out
2025-06-12 22:29:04,188 - ATC_GUI - INFO - TCP 서버 연결 중... (시도 3/3)
2025-06-12 22:29:09,195 - ATC_GUI - ERROR - TCP 연결 오류: Socket operation timed out
2025-06-12 22:29:09,199 - ATC_GUI - INFO - 연결 시도 횟수 초과. 6초 후 재시도
2025-06-12 22:29:15,181 - ATC_GUI - INFO - 연결 시도 횟수 초과. 6초 후 재시도
2025-06-12 22:34:35,246 - ATC_GUI - DEBUG - 이미지 업데이트
2025-06-12 22:34:35,250 - ATC_GUI - INFO - UDP 서버 연결 중...
2025-06-12 22:34:35,251 - ATC_GUI - INFO - UDP 서버 연결 성공: 192.168.0.8:5100
2025-06-12 22:34:35,293 - ATC_GUI - DEBUG - 이미지 업데이트
2025-06-12 22:34:35,297 - ATC_GUI - DEBUG - 이미지 업데이트
2025-06-12 22:34:36,251 - ATC_GUI - INFO - TCP 서버 연결 중... (시도 1/3)
2025-06-12 22:34:41,258 - ATC_GUI - ERROR - TCP 연결 오류: Socket operation timed out
2025-06-12 22:34:41,259 - ATC_GUI - INFO - 3.0초 후 재연결 시도
2025-06-12 22:34:44,181 - ATC_GUI - INFO - TCP 서버 연결 중... (시도 2/3)
2025-06-12 22:34:47,180 - ATC_GUI - INFO - TCP 서버 연결 중... (시도 3/3)
2025-06-12 22:34:47,181 - ATC_GUI - ERROR - TCP 연결 오류: Trying to connect while connection is in progress
2025-06-12 22:34:49,188 - ATC_GUI - ERROR - TCP 연결 오류: Socket operation timed out
2025-06-12 22:34:50,180 - ATC_GUI - INFO - 연결 시도 횟수 초과. 6초 후 재시도
2025-06-12 22:37:24,999 - ATC_GUI - DEBUG - 이미지 업데이트
2025-06-12 22:37:25,002 - ATC_GUI - INFO - UDP 서버 연결 중...
2025-06-12 22:37:25,003 - ATC_GUI - INFO - UDP 서버 연결 성공: 192.168.0.8:5100
2025-06-12 22:37:25,039 - ATC_GUI - DEBUG - 이미지 업데이트
2025-06-12 22:37:25,043 - ATC_GUI - DEBUG - 이미지 업데이트
2025-06-12 22:37:26,003 - ATC_GUI - INFO - TCP 서버 연결 중... (시도 1/3)
2025-06-12 22:38:10,358 - ATC_GUI - DEBUG - 이미지 업데이트
2025-06-12 22:38:10,362 - ATC_GUI - INFO - UDP 서버 연결 중...
2025-06-12 22:38:10,362 - ATC_GUI - INFO - UDP 서버 연결 성공: 192.168.0.8:5100
2025-06-12 22:38:10,400 - ATC_GUI - DEBUG - 이미지 업데이트
2025-06-12 22:38:10,405 - ATC_GUI - DEBUG - 이미지 업데이트
2025-06-12 22:38:11,362 - ATC_GUI - INFO - TCP 서버 연결 중... (시도 1/3)
2025-06-12 22:38:16,366 - ATC_GUI - ERROR - TCP 연결 오류: Socket operation timed out
2025-06-12 22:38:16,366 - ATC_GUI - INFO - 3.0초 후 재연결 시도
2025-06-12 22:38:19,219 - ATC_GUI - INFO - TCP 서버 연결 중... (시도 2/3)
2025-06-12 22:38:22,180 - ATC_GUI - INFO - TCP 서버 연결 중... (시도 3/3)
2025-06-12 22:38:22,182 - ATC_GUI - ERROR - TCP 연결 오류: Trying to connect while connection is in progress
2025-06-12 22:38:24,226 - ATC_GUI - ERROR - TCP 연결 오류: Socket operation timed out
2025-06-12 22:38:25,180 - ATC_GUI - INFO - 연결 시도 횟수 초과. 6초 후 재시도
2025-06-12 22:38:37,226 - ATC_GUI - DEBUG - 이미지 업데이트
2025-06-12 22:38:37,230 - ATC_GUI - INFO - UDP 서버 연결 중...
2025-06-12 22:38:37,230 - ATC_GUI - INFO - UDP 서버 연결 성공: 192.168.0.8:5100
2025-06-12 22:38:37,265 - ATC_GUI - DEBUG - 이미지 업데이트
2025-06-12 22:38:37,270 - ATC_GUI - DEBUG - 이미지 업데이트
2025-06-12 22:38:38,230 - ATC_GUI - INFO - TCP 서버 연결 중... (시도 1/3)
2025-06-12 22:38:43,237 - ATC_GUI - ERROR - TCP 연결 오류: Socket operation timed out
2025-06-12 22:38:43,238 - ATC_GUI - INFO - 3.0초 후 재연결 시도
2025-06-12 22:38:46,180 - ATC_GUI - INFO - TCP 서버 연결 중... (시도 2/3)
2025-06-12 22:38:49,181 - ATC_GUI - INFO - TCP 서버 연결 중... (시도 3/3)
2025-06-12 22:38:49,182 - ATC_GUI - ERROR - TCP 연결 오류: Trying to connect while connection is in progress
2025-06-12 22:38:51,183 - ATC_GUI - ERROR - TCP 연결 오류: Socket operation timed out
2025-06-12 22:38:52,182 - ATC_GUI - INFO - 연결 시도 횟수 초과. 6초 후 재시도
2025-06-12 22:40:07,847 - ATC_GUI - DEBUG - 이미지 업데이트
2025-06-12 22:40:07,850 - ATC_GUI - INFO - UDP 서버 연결 중...
2025-06-12 22:40:07,851 - ATC_GUI - INFO - UDP 서버 연결 성공: 192.168.0.8:5100
2025-06-12 22:40:07,885 - ATC_GUI - DEBUG - 이미지 업데이트
2025-06-12 22:40:07,891 - ATC_GUI - DEBUG - 이미지 업데이트
2025-06-12 22:40:08,851 - ATC_GUI - INFO - TCP 서버 연결 중... (시도 1/3)
2025-06-12 22:40:13,858 - ATC_GUI - ERROR - TCP 연결 오류: Socket operation timed out
2025-06-12 22:40:13,859 - ATC_GUI - INFO - 3.0초 후 재연결 시도
2025-06-12 22:40:16,709 - ATC_GUI - INFO - TCP 서버 연결 중... (시도 2/3)
2025-06-12 22:40:17,265 - ATC_GUI - DEBUG - 지도 보기
2025-06-12 22:40:18,232 - ATC_GUI - DEBUG - CCTV 보기: 1
2025-06-12 22:40:18,232 - ATC_GUI - ERROR - 연결되지 않은 상태에서 명령 전송 실패: MC_CA
2025-06-12 22:40:19,682 - ATC_GUI - INFO - TCP 서버 연결 중... (시도 3/3)
2025-06-12 22:40:19,683 - ATC_GUI - ERROR - TCP 연결 오류: Trying to connect while connection is in progress
2025-06-12 22:40:21,715 - ATC_GUI - ERROR - TCP 연결 오류: Socket operation timed out
2025-06-12 22:40:22,680 - ATC_GUI - INFO - 연결 시도 횟수 초과. 6초 후 재시도
2025-06-12 22:40:24,267 - ATC_GUI - DEBUG - CCTV 보기: 2
2025-06-12 22:40:24,268 - ATC_GUI - ERROR - 연결되지 않은 상태에서 명령 전송 실패: MC_CB
2025-06-12 22:40:36,684 - ATC_GUI - DEBUG - 이미지 업데이트
2025-06-12 22:40:36,689 - ATC_GUI - INFO - UDP 서버 연결 중...
2025-06-12 22:40:36,689 - ATC_GUI - INFO - UDP 서버 연결 성공: 192.168.0.8:5100
2025-06-12 22:40:36,730 - ATC_GUI - DEBUG - 이미지 업데이트
2025-06-12 22:40:36,735 - ATC_GUI - DEBUG - 이미지 업데이트
2025-06-12 22:40:37,689 - ATC_GUI - INFO - TCP 서버 연결 중... (시도 1/3)
2025-06-12 22:40:42,697 - ATC_GUI - ERROR - TCP 연결 오류: Socket operation timed out
2025-06-12 22:40:42,697 - ATC_GUI - INFO - 3.0초 후 재연결 시도
2025-06-12 22:40:45,681 - ATC_GUI - INFO - TCP 서버 연결 중... (시도 2/3)
2025-06-12 22:40:48,681 - ATC_GUI - INFO - TCP 서버 연결 중... (시도 3/3)
2025-06-12 22:40:48,682 - ATC_GUI - ERROR - TCP 연결 오류: Trying to connect while connection is in progress
2025-06-12 22:40:50,688 - ATC_GUI - ERROR - TCP 연결 오류: Socket operation timed out
2025-06-12 22:40:51,681 - ATC_GUI - INFO - 연결 시도 횟수 초과. 6초 후 재시도
2025-06-12 22:41:09,318 - ATC_GUI - DEBUG - 이미지 업데이트
2025-06-12 22:41:09,322 - ATC_GUI - INFO - UDP 서버 연결 중...
2025-06-12 22:41:09,323 - ATC_GUI - INFO - UDP 서버 연결 성공: 192.168.0.8:5100
2025-06-12 22:41:09,359 - ATC_GUI - DEBUG - 이미지 업데이트
2025-06-12 22:41:09,364 - ATC_GUI - DEBUG - 이미지 업데이트
2025-06-12 22:41:10,323 - ATC_GUI - INFO - TCP 서버 연결 중... (시도 1/3)
2025-06-12 22:41:15,331 - ATC_GUI - ERROR - TCP 연결 오류: Socket operation timed out
2025-06-12 22:41:15,331 - ATC_GUI - INFO - 3.0초 후 재연결 시도
2025-06-12 22:41:18,187 - ATC_GUI - INFO - TCP 서버 연결 중... (시도 2/3)
2025-06-12 22:41:21,183 - ATC_GUI - INFO - TCP 서버 연결 중... (시도 3/3)
2025-06-12 22:41:21,184 - ATC_GUI - ERROR - TCP 연결 오류: Trying to connect while connection is in progress
2025-06-12 22:41:23,195 - ATC_GUI - ERROR - TCP 연결 오류: Socket operation timed out
2025-06-12 22:41:24,182 - ATC_GUI - INFO - 연결 시도 횟수 초과. 6초 후 재시도
2025-06-12 22:44:21,202 - ATC_GUI - DEBUG - 이미지 업데이트
2025-06-12 22:44:21,204 - ATC_GUI - INFO - UDP 서버 연결 중...
2025-06-12 22:44:21,204 - ATC_GUI - INFO - UDP 서버 연결 성공: 192.168.0.8:5100
2025-06-12 22:44:21,240 - ATC_GUI - DEBUG - 이미지 업데이트
2025-06-12 22:44:21,245 - ATC_GUI - DEBUG - 이미지 업데이트
2025-06-12 22:44:22,204 - ATC_GUI - INFO - TCP 서버 연결 중... (시도 1/3)
2025-06-12 22:44:59,027 - ATC_GUI - DEBUG - 이미지 업데이트
2025-06-12 22:44:59,029 - ATC_GUI - INFO - UDP 서버 연결 중...
2025-06-12 22:44:59,030 - ATC_GUI - INFO - UDP 서버 연결 성공: 192.168.0.8:5100
2025-06-12 22:44:59,065 - ATC_GUI - DEBUG - 이미지 업데이트
2025-06-12 22:44:59,073 - ATC_GUI - DEBUG - 이미지 업데이트
2025-06-12 22:45:00,030 - ATC_GUI - INFO - TCP 서버 연결 중... (시도 1/3)
2025-06-12 22:45:05,038 - ATC_GUI - ERROR - TCP 연결 오류: Socket operation timed out
2025-06-12 22:45:05,038 - ATC_GUI - INFO - 3.0초 후 재연결 시도
2025-06-12 22:45:08,181 - ATC_GUI - INFO - TCP 서버 연결 중... (시도 2/3)
2025-06-12 22:45:11,181 - ATC_GUI - INFO - TCP 서버 연결 중... (시도 3/3)
2025-06-12 22:45:13,188 - ATC_GUI - ERROR - TCP 연결 오류: Socket operation timed out
2025-06-12 22:45:14,181 - ATC_GUI - INFO - 연결 시도 횟수 초과. 6초 후 재시도
2025-06-12 22:45:18,194 - ATC_GUI - ERROR - TCP 연결 오류: Socket operation timed out
2025-06-12 22:45:20,182 - ATC_GUI - INFO - 연결 시도 횟수 초과. 6초 후 재시도
2025-06-12 22:45:26,181 - ATC_GUI - INFO - 연결 시도 횟수 초과. 6초 후 재시도
2025-06-12 22:49:25,221 - ATC_GUI - DEBUG - 이미지 업데이트
2025-06-12 22:49:25,224 - ATC_GUI - INFO - UDP 서버 연결 중...
2025-06-12 22:49:25,225 - ATC_GUI - INFO - UDP 서버 연결 성공: 192.168.0.8:5100
2025-06-12 22:49:25,271 - ATC_GUI - DEBUG - 이미지 업데이트
2025-06-12 22:49:25,279 - ATC_GUI - DEBUG - 이미지 업데이트
2025-06-12 22:49:26,224 - ATC_GUI - INFO - TCP 서버 연결 시도 중... (1/3회)
2025-06-12 22:49:31,234 - ATC_GUI - ERROR - TCP 연결 오류: Socket operation timed out
2025-06-12 22:49:34,183 - ATC_GUI - INFO - TCP 서버 연결 시도 중... (2/3회)
2025-06-12 22:49:37,183 - ATC_GUI - INFO - TCP 서버 연결 시도 중... (3/3회)
2025-06-12 22:49:39,188 - ATC_GUI - ERROR - TCP 연결 오류: Socket operation timed out
2025-06-12 22:53:33,032 - ATC_GUI - DEBUG - 이미지 업데이트
2025-06-12 22:53:33,034 - ATC_GUI - INFO - UDP 서버 연결 중...
2025-06-12 22:53:33,034 - ATC_GUI - INFO - UDP 서버 연결 성공: 192.168.0.8:5100
2025-06-12 22:53:33,070 - ATC_GUI - DEBUG - 이미지 업데이트
2025-06-12 22:53:33,075 - ATC_GUI - DEBUG - 이미지 업데이트
2025-06-12 22:53:34,034 - ATC_GUI - INFO - TCP 서버 연결 시도 중... (1/3회)
2025-06-12 22:53:39,043 - ATC_GUI - ERROR - TCP 연결 실패: Socket operation timed out
2025-06-12 22:53:39,044 - ATC_GUI - ERROR - TCP 연결 오류: Socket operation timed out (시도 1/3회)
2025-06-12 22:53:42,181 - ATC_GUI - INFO - TCP 서버 연결 시도 중... (2/3회)
2025-06-12 22:53:45,180 - ATC_GUI - INFO - TCP 서버 연결 시도 중... (3/3회)
2025-06-12 22:53:47,186 - ATC_GUI - ERROR - TCP 연결 실패: Socket operation timed out
2025-06-12 22:53:47,191 - ATC_GUI - ERROR - TCP 연결 오류: Socket operation timed out (시도 3/3회)
2025-06-12 22:53:48,181 - ATC_GUI - INFO - 최대 연결 시도 횟수(3회) 초과. 6초 후 재시도
2025-06-12 23:02:16,483 - ATC_GUI - DEBUG - 이미지 업데이트
2025-06-12 23:02:16,487 - ATC_GUI - INFO - UDP 서버 연결 중...
2025-06-12 23:02:16,488 - ATC_GUI - INFO - UDP 서버 연결 성공: 192.168.0.8:5100
2025-06-12 23:02:16,527 - ATC_GUI - DEBUG - 이미지 업데이트
2025-06-12 23:02:16,532 - ATC_GUI - DEBUG - 이미지 업데이트
2025-06-12 23:02:17,488 - ATC_GUI - INFO - TCP 서버 연결 시도: 192.168.0.8:4100
2025-06-12 23:02:40,354 - ATC_GUI - DEBUG - 지도 보기
2025-06-12 23:02:42,150 - ATC_GUI - DEBUG - CCTV 보기: 1
2025-06-12 23:02:42,150 - ATC_GUI - ERROR - 연결되지 않은 상태에서 CCTV A 요청 실패
2025-06-12 23:02:44,131 - ATC_GUI - DEBUG - 지도 보기
2025-06-12 23:08:21,956 - ATC_GUI - DEBUG - 이미지 업데이트
2025-06-12 23:08:21,960 - ATC_GUI - INFO - UDP 서버 연결 시도: 192.168.0.8:5100
2025-06-12 23:08:21,960 - ATC_GUI - INFO - UDP 서버 연결 성공: 192.168.0.8:5100
2025-06-12 23:08:21,996 - ATC_GUI - DEBUG - 이미지 업데이트
2025-06-12 23:08:22,001 - ATC_GUI - DEBUG - 이미지 업데이트
2025-06-12 23:08:22,960 - ATC_GUI - INFO - TCP 서버 연결 시도: 192.168.0.8:4100
2025-06-12 23:08:22,961 - ATC_GUI - DEBUG - 연결 타임아웃 타이머 시작: 5초
2025-06-12 23:08:22,961 - ATC_GUI - DEBUG - connectToHost() 호출 완료, 연결 대기 중...
2025-06-12 23:08:28,183 - ATC_GUI - WARNING - 연결 타임아웃 (5초)
2025-06-12 23:08:28,183 - ATC_GUI - DEBUG - 현재 소켓 상태: 연결 중
2025-06-12 23:08:28,183 - ATC_GUI - ERROR - 연결 타임아웃 (시도 1/3회)
2025-06-12 23:08:31,183 - ATC_GUI - INFO - 재연결 시도 중... (2/3회)
2025-06-12 23:08:31,183 - ATC_GUI - INFO - TCP 서버 연결 시도: 192.168.0.8:4100
2025-06-12 23:08:31,183 - ATC_GUI - DEBUG - 연결 타임아웃 타이머 시작: 5초
2025-06-12 23:08:31,184 - ATC_GUI - DEBUG - connectToHost() 호출 완료, 연결 대기 중...
2025-06-12 23:08:36,181 - ATC_GUI - WARNING - 연결 타임아웃 (5초)
2025-06-12 23:08:36,181 - ATC_GUI - DEBUG - 현재 소켓 상태: 연결 중
2025-06-12 23:08:36,181 - ATC_GUI - ERROR - 연결 타임아웃 (시도 1/3회)
2025-06-12 23:08:39,181 - ATC_GUI - INFO - 재연결 시도 중... (2/3회)
2025-06-12 23:08:39,181 - ATC_GUI - INFO - TCP 서버 연결 시도: 192.168.0.8:4100
2025-06-12 23:08:39,184 - ATC_GUI - DEBUG - 연결 타임아웃 타이머 시작: 5초
2025-06-12 23:08:39,184 - ATC_GUI - DEBUG - connectToHost() 호출 완료, 연결 대기 중...
2025-06-12 23:08:44,182 - ATC_GUI - WARNING - 연결 타임아웃 (5초)
2025-06-12 23:08:44,182 - ATC_GUI - DEBUG - 현재 소켓 상태: 연결 중
2025-06-12 23:08:44,182 - ATC_GUI - ERROR - 연결 타임아웃 (시도 1/3회)
2025-06-12 23:08:47,181 - ATC_GUI - INFO - 재연결 시도 중... (2/3회)
2025-06-12 23:08:47,181 - ATC_GUI - INFO - TCP 서버 연결 시도: 192.168.0.8:4100
2025-06-12 23:08:47,181 - ATC_GUI - DEBUG - 연결 타임아웃 타이머 시작: 5초
2025-06-12 23:08:47,182 - ATC_GUI - DEBUG - connectToHost() 호출 완료, 연결 대기 중...
2025-06-12 23:08:52,185 - ATC_GUI - WARNING - 연결 타임아웃 (5초)
2025-06-12 23:08:52,185 - ATC_GUI - DEBUG - 현재 소켓 상태: 연결 중
2025-06-12 23:08:52,185 - ATC_GUI - ERROR - 연결 타임아웃 (시도 1/3회)
2025-06-12 23:10:26,729 - ATC_GUI - DEBUG - 이미지 업데이트
2025-06-12 23:10:26,733 - ATC_GUI - INFO - UDP 서버 연결 시도: 192.168.0.8:5100
2025-06-12 23:10:26,733 - ATC_GUI - INFO - UDP 서버 연결 성공: 192.168.0.8:5100
2025-06-12 23:10:26,768 - ATC_GUI - DEBUG - 이미지 업데이트
2025-06-12 23:10:26,774 - ATC_GUI - DEBUG - 이미지 업데이트
2025-06-12 23:10:27,733 - ATC_GUI - INFO - TCP 서버 연결 시도: 192.168.0.8:4100
2025-06-12 23:10:27,734 - ATC_GUI - DEBUG - 연결 타임아웃 타이머 시작: 5초
2025-06-12 23:10:27,734 - ATC_GUI - DEBUG - connectToHost() 호출 완료, 연결 대기 중...
2025-06-12 23:10:32,984 - ATC_GUI - ERROR - TCP 연결 실패: Socket operation timed out (시도 0/3회)
2025-06-12 23:10:32,985 - ATC_GUI - ERROR - TCP 연결 실패: Socket operation timed out (시도 1/3회)
2025-06-12 23:10:36,137 - ATC_GUI - INFO - TCP 서버 연결 시도: 192.168.0.8:4100 (시도 2/3회)
2025-06-12 23:10:36,137 - ATC_GUI - INFO - TCP 서버 연결 시도: 192.168.0.8:4100
2025-06-12 23:10:36,137 - ATC_GUI - DEBUG - 연결 타임아웃 타이머 시작: 5초
2025-06-12 23:10:36,138 - ATC_GUI - DEBUG - connectToHost() 호출 완료, 연결 대기 중...
2025-06-12 23:10:41,184 - ATC_GUI - ERROR - TCP 연결 실패: Socket operation timed out (시도 0/3회)
2025-06-12 23:10:41,184 - ATC_GUI - ERROR - TCP 연결 실패: Socket operation timed out (시도 1/3회)
2025-06-12 23:10:44,181 - ATC_GUI - INFO - TCP 서버 연결 시도: 192.168.0.8:4100 (시도 2/3회)
2025-06-12 23:10:44,181 - ATC_GUI - INFO - TCP 서버 연결 시도: 192.168.0.8:4100
2025-06-12 23:10:44,181 - ATC_GUI - DEBUG - 연결 타임아웃 타이머 시작: 5초
2025-06-12 23:10:44,182 - ATC_GUI - DEBUG - connectToHost() 호출 완료, 연결 대기 중...
2025-06-12 23:10:49,181 - ATC_GUI - ERROR - TCP 연결 실패: Socket operation timed out (시도 0/3회)
2025-06-12 23:10:49,181 - ATC_GUI - ERROR - TCP 연결 실패: Socket operation timed out (시도 1/3회)
2025-06-12 23:10:52,180 - ATC_GUI - INFO - TCP 서버 연결 시도: 192.168.0.8:4100 (시도 2/3회)
2025-06-12 23:10:52,180 - ATC_GUI - INFO - TCP 서버 연결 시도: 192.168.0.8:4100
2025-06-12 23:10:52,180 - ATC_GUI - DEBUG - 연결 타임아웃 타이머 시작: 5초
2025-06-12 23:10:52,181 - ATC_GUI - DEBUG - connectToHost() 호출 완료, 연결 대기 중...
2025-06-12 23:14:00,561 - ATC_GUI - DEBUG - 이미지 업데이트
2025-06-12 23:14:00,566 - ATC_GUI - INFO - UDP 서버 연결 시도: 192.168.0.8:5100
2025-06-12 23:14:00,567 - ATC_GUI - INFO - UDP 서버 연결 성공: 192.168.0.8:5100
2025-06-12 23:14:00,620 - ATC_GUI - DEBUG - 이미지 업데이트
2025-06-12 23:14:00,628 - ATC_GUI - DEBUG - 이미지 업데이트
2025-06-12 23:14:01,566 - ATC_GUI - INFO - TCP 서버 연결 시도: 192.168.0.8:4100 (1/3회)
2025-06-12 23:14:01,567 - ATC_GUI - DEBUG - 연결 타임아웃 타이머 시작: 5초
2025-06-12 23:14:01,567 - ATC_GUI - DEBUG - connectToHost() 호출 완료, 연결 대기 중...
2025-06-12 23:14:06,320 - ATC_GUI - WARNING - 연결 타임아웃 (5초)
2025-06-12 23:14:06,320 - ATC_GUI - DEBUG - 현재 소켓 상태: 연결 중
2025-06-12 23:14:06,321 - ATC_GUI - ERROR - 연결 타임아웃 (시도 1/3회)
2025-06-12 23:14:09,181 - ATC_GUI - INFO - 재연결 시도 중... (2/3회)
2025-06-12 23:14:09,181 - ATC_GUI - INFO - TCP 서버 연결 시도: 192.168.0.8:4100 (2/3회)
2025-06-12 23:14:09,182 - ATC_GUI - DEBUG - 연결 타임아웃 타이머 시작: 5초
2025-06-12 23:14:09,182 - ATC_GUI - DEBUG - connectToHost() 호출 완료, 연결 대기 중...
2025-06-12 23:14:14,185 - ATC_GUI - WARNING - 연결 타임아웃 (5초)
2025-06-12 23:14:14,186 - ATC_GUI - DEBUG - 현재 소켓 상태: 연결 중
2025-06-12 23:14:14,186 - ATC_GUI - ERROR - 연결 타임아웃 (시도 2/3회)
2025-06-12 23:14:17,180 - ATC_GUI - INFO - 재연결 시도 중... (3/3회)
2025-06-12 23:14:17,180 - ATC_GUI - INFO - TCP 서버 연결 시도: 192.168.0.8:4100 (3/3회)
2025-06-12 23:14:17,181 - ATC_GUI - DEBUG - 연결 타임아웃 타이머 시작: 5초
2025-06-12 23:14:17,181 - ATC_GUI - DEBUG - connectToHost() 호출 완료, 연결 대기 중...
2025-06-12 23:14:22,185 - ATC_GUI - WARNING - 연결 타임아웃 (5초)
2025-06-12 23:14:22,185 - ATC_GUI - DEBUG - 현재 소켓 상태: 연결 중
2025-06-12 23:14:22,186 - ATC_GUI - ERROR - 연결 타임아웃 (시도 3/3회)
2025-06-12 23:14:22,186 - ATC_GUI - INFO - 최대 연결 시도 횟수(3회) 초과. 6초 후 재시도
2025-06-12 23:19:44,669 - ATC_GUI - DEBUG - 이미지 업데이트
2025-06-12 23:19:44,673 - ATC_GUI - INFO - UDP 서버 연결 시도: 192.168.0.8:5100
2025-06-12 23:19:44,674 - ATC_GUI - INFO - UDP 서버 연결 성공: 192.168.0.8:5100
2025-06-12 23:19:44,711 - ATC_GUI - DEBUG - 이미지 업데이트
2025-06-12 23:19:44,715 - ATC_GUI - DEBUG - 이미지 업데이트
2025-06-12 23:19:45,674 - ATC_GUI - INFO - TCP 서버 연결 시도: 192.168.0.8:4100 (1/3회)
2025-06-12 23:19:45,674 - ATC_GUI - DEBUG - 연결 타임아웃 타이머 시작: 3초
2025-06-12 23:19:45,675 - ATC_GUI - DEBUG - connectToHost() 호출 완료, 연결 대기 중...
2025-06-12 23:19:48,681 - ATC_GUI - WARNING - 연결 타임아웃 (3초)
2025-06-12 23:19:48,681 - ATC_GUI - DEBUG - 현재 소켓 상태: 연결 중
2025-06-12 23:19:48,681 - ATC_GUI - ERROR - 연결 타임아웃 (시도 1/3회)
2025-06-12 23:24:01,270 - ATC_GUI - DEBUG - 이미지 업데이트
2025-06-12 23:24:01,274 - ATC_GUI - INFO - UDP 서버 연결 시도: 192.168.0.8:5100
2025-06-12 23:24:01,275 - ATC_GUI - INFO - UDP 서버 연결 성공: 192.168.0.8:5100
2025-06-12 23:24:01,316 - ATC_GUI - DEBUG - 이미지 업데이트
2025-06-12 23:24:01,323 - ATC_GUI - DEBUG - 이미지 업데이트
2025-06-12 23:24:02,275 - ATC_GUI - INFO - TCP 서버 연결 시도: 192.168.0.8:4100 (1/3회)
2025-06-12 23:24:02,275 - ATC_GUI - DEBUG - 연결 타임아웃 타이머 시작: 3초
2025-06-12 23:24:02,275 - ATC_GUI - DEBUG - connectToHost() 호출 완료, 연결 대기 중...
2025-06-12 23:24:15,949 - ATC_GUI - DEBUG - 이미지 업데이트
2025-06-12 23:24:15,952 - ATC_GUI - INFO - UDP 서버 연결 시도: 192.168.0.8:5100
2025-06-12 23:24:15,953 - ATC_GUI - INFO - UDP 서버 연결 성공: 192.168.0.8:5100
2025-06-12 23:24:15,994 - ATC_GUI - DEBUG - 이미지 업데이트
2025-06-12 23:24:15,999 - ATC_GUI - DEBUG - 이미지 업데이트
2025-06-12 23:24:16,953 - ATC_GUI - INFO - TCP 서버 연결 시도: 192.168.0.8:4100 (1/3회)
2025-06-12 23:24:16,953 - ATC_GUI - DEBUG - 연결 타임아웃 타이머 시작: 3초
2025-06-12 23:24:16,953 - ATC_GUI - DEBUG - connectToHost() 호출 완료, 연결 대기 중...
2025-06-12 23:24:20,103 - ATC_GUI - WARNING - 연결 타임아웃 (3초)
2025-06-12 23:24:20,103 - ATC_GUI - DEBUG - 현재 소켓 상태: 연결 중
2025-06-12 23:24:20,104 - ATC_GUI - ERROR - 연결 타임아웃 (시도 1/3회)
2025-06-12 23:24:23,183 - ATC_GUI - INFO - 재연결 시도 중... (2/3회)
2025-06-12 23:24:23,183 - ATC_GUI - INFO - TCP 서버 연결 시도: 192.168.0.8:4100 (2/3회)
2025-06-12 23:24:23,183 - ATC_GUI - DEBUG - 연결 타임아웃 타이머 시작: 3초
2025-06-12 23:24:23,184 - ATC_GUI - DEBUG - connectToHost() 호출 완료, 연결 대기 중...
2025-06-12 23:24:26,180 - ATC_GUI - WARNING - 연결 타임아웃 (3초)
2025-06-12 23:24:26,181 - ATC_GUI - DEBUG - 현재 소켓 상태: 연결 중
2025-06-12 23:24:26,181 - ATC_GUI - ERROR - 연결 타임아웃 (시도 2/3회)
2025-06-12 23:24:47,863 - ATC_GUI - DEBUG - 이미지 업데이트
2025-06-12 23:24:47,867 - ATC_GUI - INFO - UDP 서버 연결 시도: 192.168.0.8:5100
2025-06-12 23:24:47,867 - ATC_GUI - INFO - UDP 서버 연결 성공: 192.168.0.8:5100
2025-06-12 23:24:47,908 - ATC_GUI - DEBUG - 이미지 업데이트
2025-06-12 23:24:47,914 - ATC_GUI - DEBUG - 이미지 업데이트
2025-06-12 23:24:48,867 - ATC_GUI - INFO - TCP 서버 연결 시도: 192.168.0.8:4100 (1/3회)
2025-06-12 23:24:48,867 - ATC_GUI - DEBUG - 연결 타임아웃 타이머 시작: 3초
2025-06-12 23:24:48,868 - ATC_GUI - DEBUG - connectToHost() 호출 완료, 연결 대기 중...
2025-06-12 23:24:51,717 - ATC_GUI - WARNING - 연결 타임아웃 (3초)
2025-06-12 23:24:51,718 - ATC_GUI - DEBUG - 현재 소켓 상태: 연결 중
2025-06-12 23:24:51,718 - ATC_GUI - ERROR - 연결 타임아웃 (시도 1/3회)
2025-06-12 23:24:54,681 - ATC_GUI - INFO - 재연결 시도 중... (2/3회)
2025-06-12 23:24:54,681 - ATC_GUI - INFO - TCP 서버 연결 시도: 192.168.0.8:4100 (2/3회)
2025-06-12 23:24:54,681 - ATC_GUI - DEBUG - 연결 타임아웃 타이머 시작: 3초
2025-06-12 23:24:54,682 - ATC_GUI - DEBUG - connectToHost() 호출 완료, 연결 대기 중...
2025-06-12 23:24:57,681 - ATC_GUI - WARNING - 연결 타임아웃 (3초)
2025-06-12 23:24:57,682 - ATC_GUI - DEBUG - 현재 소켓 상태: 연결 중
2025-06-12 23:24:57,685 - ATC_GUI - ERROR - 연결 타임아웃 (시도 2/3회)
2025-06-12 23:27:48,466 - ATC_GUI - INFO - 지도 이미지 파일 확인됨: /home/jay/dev/deeplearning-repo-2/gui/atc_gui/pages/../resources/images/map.png
2025-06-12 23:27:48,466 - ATC_GUI - INFO - 마커 이미지 파일 확인됨: /home/jay/dev/deeplearning-repo-2/gui/atc_gui/pages/../resources/images/bird.png
2025-06-12 23:27:48,471 - ATC_GUI - INFO - 지도 이미지 로드 성공: /home/jay/dev/deeplearning-repo-2/gui/atc_gui/pages/../resources/images/map.png
2025-06-12 23:27:48,471 - ATC_GUI - INFO - 지도 이미지 크기: 569x322
2025-06-12 23:27:48,471 - ATC_GUI - DEBUG - label_map 크기: 622x400
2025-06-12 23:27:48,472 - ATC_GUI - DEBUG - 지도 이미지 업데이트 완료: 622x351
2025-06-12 23:27:48,476 - ATC_GUI - INFO - UDP 서버 연결 시도: 192.168.0.8:5100
2025-06-12 23:27:48,476 - ATC_GUI - INFO - UDP 서버 연결 성공: 192.168.0.8:5100
2025-06-12 23:27:48,480 - ATC_GUI - INFO - 마커 placeholder 제거됨
2025-06-12 23:27:48,480 - ATC_GUI - INFO - 마커 오버레이 설정 완료
2025-06-12 23:27:48,486 - ATC_GUI - INFO - MainPage 초기화 완료
2025-06-12 23:27:48,527 - ATC_GUI - DEBUG - label_map 크기: 622x400
2025-06-12 23:27:48,529 - ATC_GUI - DEBUG - 지도 이미지 업데이트 완료: 622x351
2025-06-12 23:27:48,535 - ATC_GUI - DEBUG - label_map 크기: 953x713
2025-06-12 23:27:48,538 - ATC_GUI - DEBUG - 지도 이미지 업데이트 완료: 953x539
2025-06-12 23:27:49,476 - ATC_GUI - INFO - TCP 서버 연결 시도: 192.168.0.8:4100 (1/3회)
2025-06-12 23:27:49,477 - ATC_GUI - DEBUG - 연결 타임아웃 타이머 시작: 3초
2025-06-12 23:27:49,477 - ATC_GUI - DEBUG - connectToHost() 호출 완료, 연결 대기 중...
2025-06-12 23:27:52,628 - ATC_GUI - WARNING - 연결 타임아웃 (3초)
2025-06-12 23:27:52,628 - ATC_GUI - DEBUG - 현재 소켓 상태: 연결 중
2025-06-12 23:27:52,628 - ATC_GUI - ERROR - 연결 타임아웃 (시도 1/3회)
2025-06-12 23:27:55,682 - ATC_GUI - INFO - 재연결 시도 중... (2/3회)
2025-06-12 23:27:55,682 - ATC_GUI - INFO - TCP 서버 연결 시도: 192.168.0.8:4100 (2/3회)
2025-06-12 23:27:55,682 - ATC_GUI - DEBUG - 연결 타임아웃 타이머 시작: 3초
2025-06-12 23:27:55,683 - ATC_GUI - DEBUG - connectToHost() 호출 완료, 연결 대기 중...
2025-06-12 23:27:58,680 - ATC_GUI - WARNING - 연결 타임아웃 (3초)
2025-06-12 23:27:58,681 - ATC_GUI - DEBUG - 현재 소켓 상태: 연결 중
2025-06-12 23:27:58,681 - ATC_GUI - ERROR - 연결 타임아웃 (시도 2/3회)
2025-06-12 23:28:01,683 - ATC_GUI - INFO - 재연결 시도 중... (3/3회)
2025-06-12 23:28:01,683 - ATC_GUI - INFO - TCP 서버 연결 시도: 192.168.0.8:4100 (3/3회)
2025-06-12 23:28:01,683 - ATC_GUI - DEBUG - 연결 타임아웃 타이머 시작: 3초
2025-06-12 23:28:01,684 - ATC_GUI - DEBUG - connectToHost() 호출 완료, 연결 대기 중...
2025-06-12 23:28:04,683 - ATC_GUI - WARNING - 연결 타임아웃 (3초)
2025-06-12 23:28:04,683 - ATC_GUI - DEBUG - 현재 소켓 상태: 연결 중
2025-06-12 23:28:04,683 - ATC_GUI - ERROR - 연결 타임아웃 (시도 3/3회)
2025-06-12 23:28:04,683 - ATC_GUI - INFO - 최대 연결 시도 횟수(3회) 초과. 6초 후 재시도
2025-06-12 23:28:10,985 - ATC_GUI - ERROR - 최대 연결 시도 횟수(3회) 초과. 연결을 포기합니다.
2025-06-12 23:28:18,801 - ATC_GUI - INFO - 지도 이미지 파일 확인됨: /home/jay/dev/deeplearning-repo-2/gui/atc_gui/pages/../resources/images/map.png
2025-06-12 23:28:18,801 - ATC_GUI - INFO - 마커 이미지 파일 확인됨: /home/jay/dev/deeplearning-repo-2/gui/atc_gui/pages/../resources/images/bird.png
2025-06-12 23:28:18,805 - ATC_GUI - INFO - 지도 이미지 로드 성공: /home/jay/dev/deeplearning-repo-2/gui/atc_gui/pages/../resources/images/map.png
2025-06-12 23:28:18,805 - ATC_GUI - INFO - 지도 이미지 크기: 569x322
2025-06-12 23:28:18,805 - ATC_GUI - DEBUG - label_map 크기: 622x400
2025-06-12 23:28:18,806 - ATC_GUI - DEBUG - 지도 이미지 업데이트 완료: 622x351
2025-06-12 23:28:18,809 - ATC_GUI - INFO - UDP 서버 연결 시도: 192.168.0.8:5100
2025-06-12 23:28:18,810 - ATC_GUI - INFO - UDP 서버 연결 성공: 192.168.0.8:5100
2025-06-12 23:28:18,812 - ATC_GUI - INFO - 마커 placeholder 제거됨
2025-06-12 23:28:18,812 - ATC_GUI - INFO - 마커 오버레이 설정 완료
2025-06-12 23:28:18,817 - ATC_GUI - INFO - MainPage 초기화 완료
2025-06-12 23:28:18,848 - ATC_GUI - DEBUG - label_map 크기: 622x400
2025-06-12 23:28:18,850 - ATC_GUI - DEBUG - 지도 이미지 업데이트 완료: 622x351
2025-06-12 23:28:18,855 - ATC_GUI - DEBUG - label_map 크기: 953x713
2025-06-12 23:28:18,858 - ATC_GUI - DEBUG - 지도 이미지 업데이트 완료: 953x539
2025-06-12 23:28:19,809 - ATC_GUI - INFO - TCP 서버 연결 시도: 192.168.0.8:4100 (1/3회)
2025-06-12 23:28:19,810 - ATC_GUI - DEBUG - 연결 타임아웃 타이머 시작: 3초
2025-06-12 23:28:19,810 - ATC_GUI - DEBUG - connectToHost() 호출 완료, 연결 대기 중...
2025-06-12 23:28:20,762 - ATC_GUI - INFO - CCTV 보기: 1
2025-06-12 23:28:20,763 - ATC_GUI - ERROR - 연결되지 않은 상태에서 CCTV A 요청 실패
2025-06-12 23:28:22,469 - ATC_GUI - INFO - CCTV 보기: 2
2025-06-12 23:28:22,470 - ATC_GUI - ERROR - 연결되지 않은 상태에서 CCTV B 요청 실패
2025-06-12 23:28:22,680 - ATC_GUI - WARNING - 연결 타임아웃 (3초)
2025-06-12 23:28:22,681 - ATC_GUI - DEBUG - 현재 소켓 상태: 연결 중
2025-06-12 23:28:22,681 - ATC_GUI - ERROR - 연결 타임아웃 (시도 1/3회)
2025-06-12 23:28:23,038 - ATC_GUI - INFO - 지도 보기
2025-06-12 23:28:23,139 - ATC_GUI - DEBUG - label_map 크기: 953x713
2025-06-12 23:28:23,145 - ATC_GUI - DEBUG - 지도 이미지 업데이트 완료: 953x539
2025-06-12 23:28:25,680 - ATC_GUI - INFO - 재연결 시도 중... (2/3회)
2025-06-12 23:28:25,680 - ATC_GUI - INFO - TCP 서버 연결 시도: 192.168.0.8:4100 (2/3회)
2025-06-12 23:28:25,680 - ATC_GUI - DEBUG - 연결 타임아웃 타이머 시작: 3초
2025-06-12 23:28:25,681 - ATC_GUI - DEBUG - connectToHost() 호출 완료, 연결 대기 중...
2025-06-12 23:28:28,682 - ATC_GUI - WARNING - 연결 타임아웃 (3초)
2025-06-12 23:28:28,682 - ATC_GUI - DEBUG - 현재 소켓 상태: 연결 중
2025-06-12 23:28:28,682 - ATC_GUI - ERROR - 연결 타임아웃 (시도 2/3회)
2025-06-12 23:28:31,683 - ATC_GUI - INFO - 재연결 시도 중... (3/3회)
2025-06-12 23:28:31,683 - ATC_GUI - INFO - TCP 서버 연결 시도: 192.168.0.8:4100 (3/3회)
2025-06-12 23:28:31,683 - ATC_GUI - DEBUG - 연결 타임아웃 타이머 시작: 3초
2025-06-12 23:28:31,684 - ATC_GUI - DEBUG - connectToHost() 호출 완료, 연결 대기 중...
