2025-06-30 11:36:19,980 - ATC_GUI - INFO - FALCON 시작
2025-06-30 11:36:20,085 - ATC_GUI - DEBUG - 지도 이미지 업데이트 완료: 925x720
2025-06-30 11:36:20,111 - ATC_GUI - INFO - 배경 이미지 설정 완료
2025-06-30 11:36:20,153 - ATC_GUI - INFO - 모든 로그 시그널 연결 완료
2025-06-30 11:36:20,155 - ATC_GUI - INFO - TCP 연결 시도 중...
2025-06-30 11:36:20,179 - ATC_GUI - WARNING - TCP 연결 실패 (192.168.0.12:5100): 서버 응답 없음
2025-06-30 11:36:24,931 - ATC_GUI - INFO - TCP 재연결 시도 중... (시도 1회)
2025-06-30 11:36:34,049 - ATC_GUI - INFO - Access 탭 전환
2025-06-30 11:36:34,050 - ATC_GUI - INFO - 출입 제어 설정 요청
2025-06-30 11:36:39,946 - ATC_GUI - INFO - Log 탭 전환
2025-06-30 11:36:42,607 - ATC_GUI - INFO - 로그 검색 요청: 위험요소 감지 이력, 기간: 2025-05-31 ~ 2025-06-30
2025-06-30 11:36:42,608 - ATC_GUI - INFO - 객체 감지 이력 조회 요청 전송: LC_OL:2025-05-31,2025-06-30
2025-06-30 11:36:44,894 - ATC_GUI - INFO - TCP 재연결 시도 중... (시도 5회)
2025-06-30 11:36:49,901 - ATC_GUI - INFO - TCP 연결 성공 (192.168.0.12:5100)
2025-06-30 11:36:49,916 - ATC_GUI - DEBUG - raw_data: b'AR_ERROR:Unknown access command\n'...
2025-06-30 11:36:49,916 - ATC_GUI - DEBUG - 바이너리 데이터 처리 시작: 32 bytes, 시작: b'AR_ERROR:Unknown acc'
2025-06-30 11:36:49,916 - ATC_GUI - DEBUG - 기타 바이너리 데이터: 32 bytes, 내용: AR_ERROR:Unknown access command
...
2025-06-30 11:36:51,558 - ATC_GUI - DEBUG - raw_data: b'MR_CA:OK\n'...
2025-06-30 11:36:51,558 - ATC_GUI - DEBUG - CCTV A 응답: OK
2025-06-30 11:36:51,558 - ATC_GUI - INFO - CCTV A 응답 수신: OK
2025-06-30 11:36:51,558 - ATC_GUI - INFO - UDP 연결 시도: 192.168.0.12:4100
2025-06-30 11:36:51,558 - ATC_GUI - DEBUG - 현재 소켓 상태: SocketState.UnconnectedState
2025-06-30 11:36:51,559 - ATC_GUI - INFO - UDP 소켓 바인드 성공: 포트 4100
2025-06-30 11:36:51,559 - ATC_GUI - INFO - UDP 클라이언트 연결 성공, 데이터 수신 대기 중...
2025-06-30 11:36:51,559 - ATC_GUI - DEBUG - 연결 후 소켓 상태: SocketState.BoundState
2025-06-30 11:36:51,559 - ATC_GUI - DEBUG - 소켓이 데이터 수신 대기 중: True
2025-06-30 11:36:54,410 - ATC_GUI - DEBUG - UDP 상태 체크: 연결됨, 소켓상태=SocketState.BoundState, 대기중데이터그램=False
2025-06-30 11:36:57,394 - ATC_GUI - DEBUG - UDP 상태 체크: 연결됨, 소켓상태=SocketState.BoundState, 대기중데이터그램=False
2025-06-30 11:37:00,394 - ATC_GUI - DEBUG - UDP 상태 체크: 연결됨, 소켓상태=SocketState.BoundState, 대기중데이터그램=False
2025-06-30 11:37:00,676 - ATC_GUI - DEBUG - 프레임 수신: 카메라 A, 이미지 ID 1751251020365388210
2025-06-30 11:37:00,684 - ATC_GUI - DEBUG - 프레임 처리 완료: 카메라 A, 이미지 ID 1751251020365388210
2025-06-30 11:37:00,684 - ATC_GUI - DEBUG - UDP 데이터그램 처리: 1개, 38827바이트
2025-06-30 11:37:00,698 - ATC_GUI - DEBUG - 프레임 수신: 카메라 A, 이미지 ID 1751251020392657698
2025-06-30 11:37:00,706 - ATC_GUI - DEBUG - 프레임 처리 완료: 카메라 A, 이미지 ID 1751251020392657698
2025-06-30 11:37:00,706 - ATC_GUI - DEBUG - UDP 데이터그램 처리: 1개, 38783바이트
2025-06-30 11:37:00,738 - ATC_GUI - DEBUG - 프레임 수신: 카메라 A, 이미지 ID 1751251020424121873
2025-06-30 11:37:00,764 - ATC_GUI - DEBUG - 프레임 처리 완료: 카메라 A, 이미지 ID 1751251020424121873
2025-06-30 11:37:00,764 - ATC_GUI - DEBUG - UDP 데이터그램 처리: 1개, 38779바이트
2025-06-30 11:37:00,769 - ATC_GUI - DEBUG - 프레임 수신: 카메라 A, 이미지 ID 1751251020477500442
2025-06-30 11:37:00,786 - ATC_GUI - DEBUG - 프레임 처리 완료: 카메라 A, 이미지 ID 1751251020477500442
2025-06-30 11:37:00,786 - ATC_GUI - DEBUG - UDP 데이터그램 처리: 1개, 45191바이트
2025-06-30 11:37:00,791 - ATC_GUI - DEBUG - 프레임 수신: 카메라 A, 이미지 ID 1751251020498172118
2025-06-30 11:37:00,798 - ATC_GUI - DEBUG - 프레임 처리 완료: 카메라 A, 이미지 ID 1751251020498172118
2025-06-30 11:37:00,798 - ATC_GUI - DEBUG - UDP 데이터그램 처리: 1개, 45166바이트
2025-06-30 11:37:00,819 - ATC_GUI - DEBUG - 프레임 수신: 카메라 A, 이미지 ID 1751251020523993269
2025-06-30 11:37:00,826 - ATC_GUI - DEBUG - 프레임 처리 완료: 카메라 A, 이미지 ID 1751251020523993269
2025-06-30 11:37:00,826 - ATC_GUI - DEBUG - UDP 데이터그램 처리: 1개, 45157바이트
2025-06-30 11:37:00,851 - ATC_GUI - DEBUG - 프레임 수신: 카메라 A, 이미지 ID 1751251020560051748
2025-06-30 11:37:00,856 - ATC_GUI - DEBUG - 프레임 처리 완료: 카메라 A, 이미지 ID 1751251020560051748
2025-06-30 11:37:00,856 - ATC_GUI - DEBUG - UDP 데이터그램 처리: 1개, 47210바이트
2025-06-30 11:37:00,881 - ATC_GUI - DEBUG - 프레임 수신: 카메라 A, 이미지 ID 1751251020593171138
2025-06-30 11:37:00,889 - ATC_GUI - DEBUG - 프레임 처리 완료: 카메라 A, 이미지 ID 1751251020593171138
2025-06-30 11:37:00,890 - ATC_GUI - DEBUG - UDP 데이터그램 처리: 1개, 47097바이트
2025-06-30 11:37:00,914 - ATC_GUI - DEBUG - 프레임 수신: 카메라 A, 이미지 ID 1751251020625378726
2025-06-30 11:37:00,939 - ATC_GUI - DEBUG - 프레임 처리 완료: 카메라 A, 이미지 ID 1751251020625378726
2025-06-30 11:37:00,939 - ATC_GUI - DEBUG - UDP 데이터그램 처리: 1개, 47167바이트
2025-06-30 11:37:00,950 - ATC_GUI - DEBUG - 프레임 수신: 카메라 A, 이미지 ID 1751251020664322389
2025-06-30 11:37:00,969 - ATC_GUI - DEBUG - 프레임 처리 완료: 카메라 A, 이미지 ID 1751251020664322389
2025-06-30 11:37:00,969 - ATC_GUI - DEBUG - UDP 데이터그램 처리: 1개, 47369바이트
2025-06-30 11:37:00,986 - ATC_GUI - DEBUG - 프레임 수신: 카메라 A, 이미지 ID 1751251020696904245
2025-06-30 11:37:01,001 - ATC_GUI - DEBUG - 프레임 처리 완료: 카메라 A, 이미지 ID 1751251020696904245
2025-06-30 11:37:01,001 - ATC_GUI - DEBUG - UDP 데이터그램 처리: 1개, 47299바이트
2025-06-30 11:37:01,031 - ATC_GUI - DEBUG - 프레임 수신: 카메라 A, 이미지 ID 1751251020728588450
2025-06-30 11:37:01,041 - ATC_GUI - DEBUG - 프레임 처리 완료: 카메라 A, 이미지 ID 1751251020728588450
2025-06-30 11:37:01,041 - ATC_GUI - DEBUG - UDP 데이터그램 처리: 1개, 47329바이트
2025-06-30 11:37:01,058 - ATC_GUI - DEBUG - 프레임 수신: 카메라 A, 이미지 ID 1751251020761616509
2025-06-30 11:37:01,064 - ATC_GUI - DEBUG - 프레임 처리 완료: 카메라 A, 이미지 ID 1751251020761616509
2025-06-30 11:37:01,065 - ATC_GUI - DEBUG - UDP 데이터그램 처리: 1개, 47269바이트
2025-06-30 11:37:01,083 - ATC_GUI - DEBUG - 프레임 수신: 카메라 A, 이미지 ID 1751251020796911484
2025-06-30 11:37:01,090 - ATC_GUI - DEBUG - 프레임 처리 완료: 카메라 A, 이미지 ID 1751251020796911484
2025-06-30 11:37:01,090 - ATC_GUI - DEBUG - UDP 데이터그램 처리: 1개, 47231바이트
2025-06-30 11:37:01,120 - ATC_GUI - DEBUG - 프레임 수신: 카메라 A, 이미지 ID 1751251020824883517
2025-06-30 11:37:01,140 - ATC_GUI - DEBUG - 프레임 처리 완료: 카메라 A, 이미지 ID 1751251020824883517
2025-06-30 11:37:01,141 - ATC_GUI - DEBUG - UDP 데이터그램 처리: 1개, 47342바이트
2025-06-30 11:37:01,148 - ATC_GUI - DEBUG - 프레임 수신: 카메라 A, 이미지 ID 1751251020862593845
2025-06-30 11:37:01,163 - ATC_GUI - DEBUG - 프레임 처리 완료: 카메라 A, 이미지 ID 1751251020862593845
2025-06-30 11:37:01,163 - ATC_GUI - DEBUG - UDP 데이터그램 처리: 1개, 47241바이트
2025-06-30 11:37:01,179 - ATC_GUI - DEBUG - 프레임 수신: 카메라 A, 이미지 ID 1751251020897354906
2025-06-30 11:37:01,187 - ATC_GUI - DEBUG - 프레임 처리 완료: 카메라 A, 이미지 ID 1751251020897354906
2025-06-30 11:37:01,188 - ATC_GUI - DEBUG - UDP 데이터그램 처리: 1개, 47245바이트
2025-06-30 11:37:01,213 - ATC_GUI - DEBUG - 프레임 수신: 카메라 A, 이미지 ID 1751251020928031420
2025-06-30 11:37:01,226 - ATC_GUI - DEBUG - 프레임 처리 완료: 카메라 A, 이미지 ID 1751251020928031420
2025-06-30 11:37:01,226 - ATC_GUI - DEBUG - UDP 데이터그램 처리: 1개, 47294바이트
2025-06-30 11:37:01,246 - ATC_GUI - DEBUG - 프레임 수신: 카메라 A, 이미지 ID 1751251020963582096
2025-06-30 11:37:01,256 - ATC_GUI - DEBUG - 프레임 처리 완료: 카메라 A, 이미지 ID 1751251020963582096
2025-06-30 11:37:01,256 - ATC_GUI - DEBUG - UDP 데이터그램 처리: 1개, 47238바이트
2025-06-30 11:37:01,289 - ATC_GUI - DEBUG - 프레임 수신: 카메라 A, 이미지 ID 1751251020996131331
2025-06-30 11:37:01,300 - ATC_GUI - DEBUG - 프레임 처리 완료: 카메라 A, 이미지 ID 1751251020996131331
2025-06-30 11:37:01,300 - ATC_GUI - DEBUG - UDP 데이터그램 처리: 1개, 47168바이트
2025-06-30 11:37:01,311 - ATC_GUI - DEBUG - 프레임 수신: 카메라 A, 이미지 ID 1751251021027566077
2025-06-30 11:37:01,320 - ATC_GUI - DEBUG - 프레임 처리 완료: 카메라 A, 이미지 ID 1751251021027566077
2025-06-30 11:37:01,320 - ATC_GUI - DEBUG - UDP 데이터그램 처리: 1개, 47227바이트
2025-06-30 11:37:01,349 - ATC_GUI - DEBUG - 프레임 수신: 카메라 A, 이미지 ID 1751251021064707984
2025-06-30 11:37:01,366 - ATC_GUI - DEBUG - 프레임 처리 완료: 카메라 A, 이미지 ID 1751251021064707984
2025-06-30 11:37:01,367 - ATC_GUI - DEBUG - UDP 데이터그램 처리: 1개, 47138바이트
2025-06-30 11:37:01,382 - ATC_GUI - DEBUG - 프레임 수신: 카메라 A, 이미지 ID 1751251021095422825
2025-06-30 11:37:01,400 - ATC_GUI - DEBUG - 프레임 처리 완료: 카메라 A, 이미지 ID 1751251021095422825
2025-06-30 11:37:01,401 - ATC_GUI - DEBUG - UDP 데이터그램 처리: 1개, 47148바이트
2025-06-30 11:37:01,413 - ATC_GUI - DEBUG - 프레임 수신: 카메라 A, 이미지 ID 1751251021128987958
2025-06-30 11:37:01,428 - ATC_GUI - DEBUG - 프레임 처리 완료: 카메라 A, 이미지 ID 1751251021128987958
2025-06-30 11:37:01,428 - ATC_GUI - DEBUG - UDP 데이터그램 처리: 1개, 47170바이트
2025-06-30 11:37:01,450 - ATC_GUI - DEBUG - 프레임 수신: 카메라 A, 이미지 ID 1751251021161255879
2025-06-30 11:37:01,459 - ATC_GUI - DEBUG - 프레임 처리 완료: 카메라 A, 이미지 ID 1751251021161255879
2025-06-30 11:37:01,460 - ATC_GUI - DEBUG - UDP 데이터그램 처리: 1개, 47135바이트
2025-06-30 11:37:01,477 - ATC_GUI - DEBUG - 프레임 수신: 카메라 A, 이미지 ID 1751251021193844810
2025-06-30 11:37:01,485 - ATC_GUI - DEBUG - 프레임 처리 완료: 카메라 A, 이미지 ID 1751251021193844810
2025-06-30 11:37:01,485 - ATC_GUI - DEBUG - UDP 데이터그램 처리: 1개, 47111바이트
2025-06-30 11:37:01,509 - ATC_GUI - DEBUG - 프레임 수신: 카메라 A, 이미지 ID 1751251021225885305
2025-06-30 11:37:01,516 - ATC_GUI - DEBUG - 프레임 처리 완료: 카메라 A, 이미지 ID 1751251021225885305
2025-06-30 11:37:01,516 - ATC_GUI - DEBUG - UDP 데이터그램 처리: 1개, 47081바이트
2025-06-30 11:37:01,546 - ATC_GUI - DEBUG - 프레임 수신: 카메라 A, 이미지 ID 1751251021260207340
2025-06-30 11:37:01,558 - ATC_GUI - DEBUG - 프레임 처리 완료: 카메라 A, 이미지 ID 1751251021260207340
2025-06-30 11:37:01,558 - ATC_GUI - DEBUG - UDP 데이터그램 처리: 1개, 47091바이트
2025-06-30 11:37:01,578 - ATC_GUI - DEBUG - 프레임 수신: 카메라 A, 이미지 ID 1751251021293168988
2025-06-30 11:37:01,585 - ATC_GUI - DEBUG - 프레임 처리 완료: 카메라 A, 이미지 ID 1751251021293168988
2025-06-30 11:37:01,586 - ATC_GUI - DEBUG - UDP 데이터그램 처리: 1개, 47095바이트
2025-06-30 11:37:01,609 - ATC_GUI - DEBUG - 프레임 수신: 카메라 A, 이미지 ID 1751251021325771300
2025-06-30 11:37:01,613 - ATC_GUI - DEBUG - 프레임 처리 완료: 카메라 A, 이미지 ID 1751251021325771300
2025-06-30 11:37:01,613 - ATC_GUI - DEBUG - UDP 데이터그램 처리: 1개, 47093바이트
2025-06-30 11:37:01,646 - ATC_GUI - DEBUG - 프레임 수신: 카메라 A, 이미지 ID 1751251021361705513
2025-06-30 11:37:01,651 - ATC_GUI - DEBUG - 프레임 처리 완료: 카메라 A, 이미지 ID 1751251021361705513
2025-06-30 11:37:01,651 - ATC_GUI - DEBUG - UDP 데이터그램 처리: 1개, 47131바이트
2025-06-30 11:37:01,682 - ATC_GUI - DEBUG - 프레임 수신: 카메라 A, 이미지 ID 1751251021393669438
2025-06-30 11:37:01,700 - ATC_GUI - DEBUG - 프레임 처리 완료: 카메라 A, 이미지 ID 1751251021393669438
2025-06-30 11:37:01,700 - ATC_GUI - DEBUG - UDP 데이터그램 처리: 1개, 47133바이트
2025-06-30 11:37:01,717 - ATC_GUI - DEBUG - 프레임 수신: 카메라 A, 이미지 ID 1751251021427215689
2025-06-30 11:37:01,728 - ATC_GUI - DEBUG - 프레임 처리 완료: 카메라 A, 이미지 ID 1751251021427215689
2025-06-30 11:37:01,728 - ATC_GUI - DEBUG - UDP 데이터그램 처리: 1개, 47090바이트
2025-06-30 11:37:01,748 - ATC_GUI - DEBUG - 프레임 수신: 카메라 A, 이미지 ID 1751251021461111891
2025-06-30 11:37:01,759 - ATC_GUI - DEBUG - 프레임 처리 완료: 카메라 A, 이미지 ID 1751251021461111891
2025-06-30 11:37:01,760 - ATC_GUI - DEBUG - UDP 데이터그램 처리: 1개, 47079바이트
2025-06-30 11:37:01,779 - ATC_GUI - DEBUG - 프레임 수신: 카메라 A, 이미지 ID 1751251021493555757
2025-06-30 11:37:01,792 - ATC_GUI - DEBUG - 프레임 처리 완료: 카메라 A, 이미지 ID 1751251021493555757
2025-06-30 11:37:01,792 - ATC_GUI - DEBUG - UDP 데이터그램 처리: 1개, 47129바이트
2025-06-30 11:37:01,813 - ATC_GUI - DEBUG - 프레임 수신: 카메라 A, 이미지 ID 1751251021525066655
2025-06-30 11:37:01,824 - ATC_GUI - DEBUG - 프레임 처리 완료: 카메라 A, 이미지 ID 1751251021525066655
2025-06-30 11:37:01,825 - ATC_GUI - DEBUG - UDP 데이터그램 처리: 1개, 47145바이트
2025-06-30 11:37:01,849 - ATC_GUI - DEBUG - 프레임 수신: 카메라 A, 이미지 ID 1751251021560890523
2025-06-30 11:37:01,857 - ATC_GUI - DEBUG - 프레임 처리 완료: 카메라 A, 이미지 ID 1751251021560890523
2025-06-30 11:37:01,857 - ATC_GUI - DEBUG - UDP 데이터그램 처리: 1개, 47080바이트
2025-06-30 11:37:01,883 - ATC_GUI - DEBUG - 프레임 수신: 카메라 A, 이미지 ID 1751251021592637932
2025-06-30 11:37:01,901 - ATC_GUI - DEBUG - 프레임 처리 완료: 카메라 A, 이미지 ID 1751251021592637932
2025-06-30 11:37:01,902 - ATC_GUI - DEBUG - UDP 데이터그램 처리: 1개, 47147바이트
2025-06-30 11:37:01,911 - ATC_GUI - DEBUG - 프레임 수신: 카메라 A, 이미지 ID 1751251021625499771
2025-06-30 11:37:01,928 - ATC_GUI - DEBUG - 프레임 처리 완료: 카메라 A, 이미지 ID 1751251021625499771
2025-06-30 11:37:01,928 - ATC_GUI - DEBUG - UDP 데이터그램 처리: 1개, 47110바이트
2025-06-30 11:37:01,947 - ATC_GUI - DEBUG - 프레임 수신: 카메라 A, 이미지 ID 1751251021660778636
2025-06-30 11:37:01,956 - ATC_GUI - DEBUG - 프레임 처리 완료: 카메라 A, 이미지 ID 1751251021660778636
2025-06-30 11:37:01,956 - ATC_GUI - DEBUG - UDP 데이터그램 처리: 1개, 47150바이트
2025-06-30 11:37:01,980 - ATC_GUI - DEBUG - 프레임 수신: 카메라 A, 이미지 ID 1751251021693664520
2025-06-30 11:37:01,990 - ATC_GUI - DEBUG - 프레임 처리 완료: 카메라 A, 이미지 ID 1751251021693664520
2025-06-30 11:37:01,991 - ATC_GUI - DEBUG - UDP 데이터그램 처리: 1개, 47065바이트
2025-06-30 11:37:02,010 - ATC_GUI - DEBUG - 프레임 수신: 카메라 A, 이미지 ID 1751251021728426483
2025-06-30 11:37:02,020 - ATC_GUI - DEBUG - 프레임 처리 완료: 카메라 A, 이미지 ID 1751251021728426483
2025-06-30 11:37:02,021 - ATC_GUI - DEBUG - UDP 데이터그램 처리: 1개, 47092바이트
2025-06-30 11:37:02,045 - ATC_GUI - DEBUG - 프레임 수신: 카메라 A, 이미지 ID 1751251021761281378
2025-06-30 11:37:02,060 - ATC_GUI - DEBUG - 프레임 처리 완료: 카메라 A, 이미지 ID 1751251021761281378
2025-06-30 11:37:02,060 - ATC_GUI - DEBUG - UDP 데이터그램 처리: 1개, 47117바이트
2025-06-30 11:37:02,075 - ATC_GUI - DEBUG - 프레임 수신: 카메라 A, 이미지 ID 1751251021793286745
2025-06-30 11:37:02,085 - ATC_GUI - DEBUG - 프레임 처리 완료: 카메라 A, 이미지 ID 1751251021793286745
2025-06-30 11:37:02,085 - ATC_GUI - DEBUG - UDP 데이터그램 처리: 1개, 47111바이트
2025-06-30 11:37:02,108 - ATC_GUI - DEBUG - 프레임 수신: 카메라 A, 이미지 ID 1751251021826006546
2025-06-30 11:37:02,126 - ATC_GUI - DEBUG - 프레임 처리 완료: 카메라 A, 이미지 ID 1751251021826006546
2025-06-30 11:37:02,126 - ATC_GUI - DEBUG - UDP 데이터그램 처리: 1개, 47132바이트
2025-06-30 11:37:02,149 - ATC_GUI - DEBUG - 프레임 수신: 카메라 A, 이미지 ID 1751251021861687865
2025-06-30 11:37:02,162 - ATC_GUI - DEBUG - 프레임 처리 완료: 카메라 A, 이미지 ID 1751251021861687865
2025-06-30 11:37:02,163 - ATC_GUI - DEBUG - UDP 데이터그램 처리: 1개, 47099바이트
2025-06-30 11:37:02,177 - ATC_GUI - DEBUG - 프레임 수신: 카메라 A, 이미지 ID 1751251021894357699
2025-06-30 11:37:02,189 - ATC_GUI - DEBUG - 프레임 처리 완료: 카메라 A, 이미지 ID 1751251021894357699
2025-06-30 11:37:02,190 - ATC_GUI - DEBUG - UDP 데이터그램 처리: 1개, 47094바이트
2025-06-30 11:37:02,208 - ATC_GUI - DEBUG - 프레임 수신: 카메라 A, 이미지 ID 1751251021926192410
2025-06-30 11:37:02,215 - ATC_GUI - DEBUG - 프레임 처리 완료: 카메라 A, 이미지 ID 1751251021926192410
2025-06-30 11:37:02,215 - ATC_GUI - DEBUG - UDP 데이터그램 처리: 1개, 47118바이트
2025-06-30 11:37:02,244 - ATC_GUI - DEBUG - 프레임 수신: 카메라 A, 이미지 ID 1751251021960821903
2025-06-30 11:37:02,251 - ATC_GUI - DEBUG - 프레임 처리 완료: 카메라 A, 이미지 ID 1751251021960821903
2025-06-30 11:37:02,251 - ATC_GUI - DEBUG - UDP 데이터그램 처리: 1개, 47113바이트
2025-06-30 11:37:02,278 - ATC_GUI - DEBUG - 프레임 수신: 카메라 A, 이미지 ID 1751251021993793265
2025-06-30 11:37:02,289 - ATC_GUI - DEBUG - 프레임 처리 완료: 카메라 A, 이미지 ID 1751251021993793265
2025-06-30 11:37:02,289 - ATC_GUI - DEBUG - UDP 데이터그램 처리: 1개, 47156바이트
2025-06-30 11:37:02,310 - ATC_GUI - DEBUG - 프레임 수신: 카메라 A, 이미지 ID 1751251022026091279
2025-06-30 11:37:02,319 - ATC_GUI - DEBUG - 프레임 처리 완료: 카메라 A, 이미지 ID 1751251022026091279
2025-06-30 11:37:02,319 - ATC_GUI - DEBUG - UDP 데이터그램 처리: 1개, 47136바이트
2025-06-30 11:37:02,345 - ATC_GUI - DEBUG - 프레임 수신: 카메라 A, 이미지 ID 1751251022060385856
2025-06-30 11:37:02,349 - ATC_GUI - DEBUG - 프레임 처리 완료: 카메라 A, 이미지 ID 1751251022060385856
2025-06-30 11:37:02,349 - ATC_GUI - DEBUG - UDP 데이터그램 처리: 1개, 47148바이트
2025-06-30 11:37:02,378 - ATC_GUI - DEBUG - 프레임 수신: 카메라 A, 이미지 ID 1751251022092376427
2025-06-30 11:37:02,397 - ATC_GUI - DEBUG - 프레임 처리 완료: 카메라 A, 이미지 ID 1751251022092376427
2025-06-30 11:37:02,398 - ATC_GUI - DEBUG - UDP 데이터그램 처리: 1개, 46992바이트
2025-06-30 11:37:02,410 - ATC_GUI - DEBUG - 프레임 수신: 카메라 A, 이미지 ID 1751251022125792124
2025-06-30 11:37:02,429 - ATC_GUI - DEBUG - 프레임 처리 완료: 카메라 A, 이미지 ID 1751251022125792124
2025-06-30 11:37:02,429 - ATC_GUI - DEBUG - UDP 데이터그램 처리: 1개, 47172바이트
2025-06-30 11:37:02,456 - ATC_GUI - DEBUG - 프레임 수신: 카메라 A, 이미지 ID 1751251022160347919
2025-06-30 11:37:02,467 - ATC_GUI - DEBUG - 프레임 처리 완료: 카메라 A, 이미지 ID 1751251022160347919
2025-06-30 11:37:02,468 - ATC_GUI - DEBUG - UDP 데이터그램 처리: 1개, 47109바이트
2025-06-30 11:37:02,477 - ATC_GUI - DEBUG - 프레임 수신: 카메라 A, 이미지 ID 1751251022194101686
2025-06-30 11:37:02,489 - ATC_GUI - DEBUG - 프레임 처리 완료: 카메라 A, 이미지 ID 1751251022194101686
2025-06-30 11:37:02,490 - ATC_GUI - DEBUG - UDP 데이터그램 처리: 1개, 47083바이트
2025-06-30 11:37:02,510 - ATC_GUI - DEBUG - 프레임 수신: 카메라 A, 이미지 ID 1751251022224558608
2025-06-30 11:37:02,519 - ATC_GUI - DEBUG - 프레임 처리 완료: 카메라 A, 이미지 ID 1751251022224558608
2025-06-30 11:37:02,520 - ATC_GUI - DEBUG - UDP 데이터그램 처리: 1개, 47082바이트
2025-06-30 11:37:02,543 - ATC_GUI - DEBUG - 프레임 수신: 카메라 A, 이미지 ID 1751251022260473333
2025-06-30 11:37:02,552 - ATC_GUI - DEBUG - 프레임 처리 완료: 카메라 A, 이미지 ID 1751251022260473333
2025-06-30 11:37:02,552 - ATC_GUI - DEBUG - UDP 데이터그램 처리: 1개, 47072바이트
2025-06-30 11:37:02,583 - ATC_GUI - DEBUG - 프레임 수신: 카메라 A, 이미지 ID 1751251022293445390
2025-06-30 11:37:02,601 - ATC_GUI - DEBUG - 프레임 처리 완료: 카메라 A, 이미지 ID 1751251022293445390
2025-06-30 11:37:02,601 - ATC_GUI - DEBUG - UDP 데이터그램 처리: 1개, 47128바이트
2025-06-30 11:37:02,619 - ATC_GUI - DEBUG - 프레임 수신: 카메라 A, 이미지 ID 1751251022325498866
2025-06-30 11:37:02,637 - ATC_GUI - DEBUG - 프레임 처리 완료: 카메라 A, 이미지 ID 1751251022325498866
2025-06-30 11:37:02,638 - ATC_GUI - DEBUG - UDP 데이터그램 처리: 1개, 47029바이트
2025-06-30 11:37:02,649 - ATC_GUI - DEBUG - 프레임 수신: 카메라 A, 이미지 ID 1751251022360020464
2025-06-30 11:37:02,665 - ATC_GUI - DEBUG - 프레임 처리 완료: 카메라 A, 이미지 ID 1751251022360020464
2025-06-30 11:37:02,665 - ATC_GUI - DEBUG - UDP 데이터그램 처리: 1개, 47100바이트
2025-06-30 11:37:02,678 - ATC_GUI - DEBUG - 프레임 수신: 카메라 A, 이미지 ID 1751251022394512055
2025-06-30 11:37:02,690 - ATC_GUI - DEBUG - 프레임 처리 완료: 카메라 A, 이미지 ID 1751251022394512055
2025-06-30 11:37:02,690 - ATC_GUI - DEBUG - UDP 데이터그램 처리: 1개, 47090바이트
2025-06-30 11:37:02,713 - ATC_GUI - DEBUG - 프레임 수신: 카메라 A, 이미지 ID 1751251022425091631
2025-06-30 11:37:02,719 - ATC_GUI - DEBUG - 프레임 처리 완료: 카메라 A, 이미지 ID 1751251022425091631
2025-06-30 11:37:02,719 - ATC_GUI - DEBUG - UDP 데이터그램 처리: 1개, 47075바이트
2025-06-30 11:37:02,747 - ATC_GUI - DEBUG - 프레임 수신: 카메라 A, 이미지 ID 1751251022460612344
2025-06-30 11:37:02,765 - ATC_GUI - DEBUG - 프레임 처리 완료: 카메라 A, 이미지 ID 1751251022460612344
2025-06-30 11:37:02,765 - ATC_GUI - DEBUG - UDP 데이터그램 처리: 1개, 47162바이트
2025-06-30 11:37:02,778 - ATC_GUI - DEBUG - 프레임 수신: 카메라 A, 이미지 ID 1751251022493729869
2025-06-30 11:37:02,796 - ATC_GUI - DEBUG - 프레임 처리 완료: 카메라 A, 이미지 ID 1751251022493729869
2025-06-30 11:37:02,796 - ATC_GUI - DEBUG - UDP 데이터그램 처리: 1개, 47141바이트
2025-06-30 11:37:02,810 - ATC_GUI - DEBUG - 프레임 수신: 카메라 A, 이미지 ID 1751251022525330777
2025-06-30 11:37:02,819 - ATC_GUI - DEBUG - 프레임 처리 완료: 카메라 A, 이미지 ID 1751251022525330777
2025-06-30 11:37:02,820 - ATC_GUI - DEBUG - UDP 데이터그램 처리: 1개, 47124바이트
2025-06-30 11:37:02,844 - ATC_GUI - DEBUG - 프레임 수신: 카메라 A, 이미지 ID 1751251022560336134
2025-06-30 11:37:02,854 - ATC_GUI - DEBUG - 프레임 처리 완료: 카메라 A, 이미지 ID 1751251022560336134
2025-06-30 11:37:02,855 - ATC_GUI - DEBUG - UDP 데이터그램 처리: 1개, 47078바이트
2025-06-30 11:37:02,878 - ATC_GUI - DEBUG - 프레임 수신: 카메라 A, 이미지 ID 1751251022594936046
2025-06-30 11:37:02,887 - ATC_GUI - DEBUG - 프레임 처리 완료: 카메라 A, 이미지 ID 1751251022594936046
2025-06-30 11:37:02,887 - ATC_GUI - DEBUG - UDP 데이터그램 처리: 1개, 47135바이트
2025-06-30 11:37:02,907 - ATC_GUI - DEBUG - 프레임 수신: 카메라 A, 이미지 ID 1751251022629461948
2025-06-30 11:37:02,917 - ATC_GUI - DEBUG - 프레임 처리 완료: 카메라 A, 이미지 ID 1751251022629461948
2025-06-30 11:37:02,917 - ATC_GUI - DEBUG - UDP 데이터그램 처리: 1개, 47162바이트
2025-06-30 11:37:02,943 - ATC_GUI - DEBUG - 프레임 수신: 카메라 A, 이미지 ID 1751251022664770156
2025-06-30 11:37:02,970 - ATC_GUI - DEBUG - 프레임 처리 완료: 카메라 A, 이미지 ID 1751251022664770156
2025-06-30 11:37:02,970 - ATC_GUI - DEBUG - UDP 데이터그램 처리: 1개, 47112바이트
2025-06-30 11:37:02,977 - ATC_GUI - DEBUG - 프레임 수신: 카메라 A, 이미지 ID 1751251022694255919
2025-06-30 11:37:02,992 - ATC_GUI - DEBUG - 프레임 처리 완료: 카메라 A, 이미지 ID 1751251022694255919
2025-06-30 11:37:02,993 - ATC_GUI - DEBUG - UDP 데이터그램 처리: 1개, 47066바이트
2025-06-30 11:37:03,010 - ATC_GUI - DEBUG - 프레임 수신: 카메라 A, 이미지 ID 1751251022726437886
2025-06-30 11:37:03,019 - ATC_GUI - DEBUG - 프레임 처리 완료: 카메라 A, 이미지 ID 1751251022726437886
2025-06-30 11:37:03,019 - ATC_GUI - DEBUG - UDP 데이터그램 처리: 1개, 47024바이트
2025-06-30 11:37:03,044 - ATC_GUI - DEBUG - 프레임 수신: 카메라 A, 이미지 ID 1751251022761860310
2025-06-30 11:37:03,061 - ATC_GUI - DEBUG - 프레임 처리 완료: 카메라 A, 이미지 ID 1751251022761860310
2025-06-30 11:37:03,062 - ATC_GUI - DEBUG - UDP 데이터그램 처리: 1개, 47048바이트
2025-06-30 11:37:03,076 - ATC_GUI - DEBUG - 프레임 수신: 카메라 A, 이미지 ID 1751251022792978229
2025-06-30 11:37:03,094 - ATC_GUI - DEBUG - 프레임 처리 완료: 카메라 A, 이미지 ID 1751251022792978229
2025-06-30 11:37:03,094 - ATC_GUI - DEBUG - UDP 데이터그램 처리: 1개, 47119바이트
2025-06-30 11:37:03,109 - ATC_GUI - DEBUG - 프레임 수신: 카메라 A, 이미지 ID 1751251022826770740
2025-06-30 11:37:03,125 - ATC_GUI - DEBUG - 프레임 처리 완료: 카메라 A, 이미지 ID 1751251022826770740
2025-06-30 11:37:03,126 - ATC_GUI - DEBUG - UDP 데이터그램 처리: 1개, 47021바이트
2025-06-30 11:37:03,149 - ATC_GUI - DEBUG - 프레임 수신: 카메라 A, 이미지 ID 1751251022860275299
2025-06-30 11:37:03,160 - ATC_GUI - DEBUG - 프레임 처리 완료: 카메라 A, 이미지 ID 1751251022860275299
2025-06-30 11:37:03,160 - ATC_GUI - DEBUG - UDP 데이터그램 처리: 1개, 47104바이트
2025-06-30 11:37:03,177 - ATC_GUI - DEBUG - 프레임 수신: 카메라 A, 이미지 ID 1751251022892565210
2025-06-30 11:37:03,190 - ATC_GUI - DEBUG - 프레임 처리 완료: 카메라 A, 이미지 ID 1751251022892565210
2025-06-30 11:37:03,190 - ATC_GUI - DEBUG - UDP 데이터그램 처리: 1개, 47095바이트
2025-06-30 11:37:03,213 - ATC_GUI - DEBUG - 프레임 수신: 카메라 A, 이미지 ID 1751251022925687560
2025-06-30 11:37:03,226 - ATC_GUI - DEBUG - 프레임 처리 완료: 카메라 A, 이미지 ID 1751251022925687560
2025-06-30 11:37:03,226 - ATC_GUI - DEBUG - UDP 데이터그램 처리: 1개, 47099바이트
2025-06-30 11:37:03,250 - ATC_GUI - DEBUG - 프레임 수신: 카메라 A, 이미지 ID 1751251022960251560
2025-06-30 11:37:03,274 - ATC_GUI - DEBUG - 프레임 처리 완료: 카메라 A, 이미지 ID 1751251022960251560
2025-06-30 11:37:03,275 - ATC_GUI - DEBUG - UDP 데이터그램 처리: 1개, 47066바이트
2025-06-30 11:37:03,282 - ATC_GUI - DEBUG - 프레임 수신: 카메라 A, 이미지 ID 1751251022993173567
2025-06-30 11:37:03,294 - ATC_GUI - DEBUG - 프레임 처리 완료: 카메라 A, 이미지 ID 1751251022993173567
2025-06-30 11:37:03,294 - ATC_GUI - DEBUG - UDP 데이터그램 처리: 1개, 46955바이트
2025-06-30 11:37:03,315 - ATC_GUI - DEBUG - 프레임 수신: 카메라 A, 이미지 ID 1751251023025979614
2025-06-30 11:37:03,322 - ATC_GUI - DEBUG - 프레임 처리 완료: 카메라 A, 이미지 ID 1751251023025979614
2025-06-30 11:37:03,322 - ATC_GUI - DEBUG - UDP 데이터그램 처리: 1개, 47089바이트
2025-06-30 11:37:03,346 - ATC_GUI - DEBUG - 프레임 수신: 카메라 A, 이미지 ID 1751251023060368539
2025-06-30 11:37:03,358 - ATC_GUI - DEBUG - 프레임 처리 완료: 카메라 A, 이미지 ID 1751251023060368539
2025-06-30 11:37:03,358 - ATC_GUI - DEBUG - UDP 데이터그램 처리: 1개, 47033바이트
2025-06-30 11:37:03,378 - ATC_GUI - DEBUG - 프레임 수신: 카메라 A, 이미지 ID 1751251023092716270
2025-06-30 11:37:03,393 - ATC_GUI - DEBUG - 프레임 처리 완료: 카메라 A, 이미지 ID 1751251023092716270
2025-06-30 11:37:03,393 - ATC_GUI - DEBUG - UDP 데이터그램 처리: 1개, 47075바이트
2025-06-30 11:37:03,401 - ATC_GUI - DEBUG - UDP 상태 체크: 연결됨, 소켓상태=SocketState.BoundState, 대기중데이터그램=False
2025-06-30 11:37:03,431 - ATC_GUI - DEBUG - 프레임 수신: 카메라 A, 이미지 ID 1751251023126397377
2025-06-30 11:37:03,442 - ATC_GUI - DEBUG - 프레임 처리 완료: 카메라 A, 이미지 ID 1751251023126397377
2025-06-30 11:37:03,442 - ATC_GUI - DEBUG - UDP 데이터그램 처리: 1개, 47071바이트
2025-06-30 11:37:03,446 - ATC_GUI - DEBUG - 프레임 수신: 카메라 A, 이미지 ID 1751251023161481166
2025-06-30 11:37:03,457 - ATC_GUI - DEBUG - 프레임 처리 완료: 카메라 A, 이미지 ID 1751251023161481166
2025-06-30 11:37:03,458 - ATC_GUI - DEBUG - UDP 데이터그램 처리: 1개, 47086바이트
2025-06-30 11:37:03,477 - ATC_GUI - DEBUG - 프레임 수신: 카메라 A, 이미지 ID 1751251023195085446
2025-06-30 11:37:03,484 - ATC_GUI - DEBUG - 프레임 처리 완료: 카메라 A, 이미지 ID 1751251023195085446
2025-06-30 11:37:03,484 - ATC_GUI - DEBUG - UDP 데이터그램 처리: 1개, 47008바이트
2025-06-30 11:37:03,507 - ATC_GUI - DEBUG - 프레임 수신: 카메라 A, 이미지 ID 1751251023227605541
2025-06-30 11:37:03,522 - ATC_GUI - DEBUG - 프레임 처리 완료: 카메라 A, 이미지 ID 1751251023227605541
2025-06-30 11:37:03,522 - ATC_GUI - DEBUG - UDP 데이터그램 처리: 1개, 47091바이트
2025-06-30 11:37:03,541 - ATC_GUI - DEBUG - 프레임 수신: 카메라 A, 이미지 ID 1751251023264129010
2025-06-30 11:37:03,550 - ATC_GUI - DEBUG - 프레임 처리 완료: 카메라 A, 이미지 ID 1751251023264129010
2025-06-30 11:37:03,550 - ATC_GUI - DEBUG - UDP 데이터그램 처리: 1개, 47059바이트
2025-06-30 11:37:03,578 - ATC_GUI - DEBUG - 프레임 수신: 카메라 A, 이미지 ID 1751251023296934996
2025-06-30 11:37:03,581 - ATC_GUI - DEBUG - 프레임 처리 완료: 카메라 A, 이미지 ID 1751251023296934996
2025-06-30 11:37:03,582 - ATC_GUI - DEBUG - UDP 데이터그램 처리: 1개, 47175바이트
2025-06-30 11:37:03,609 - ATC_GUI - DEBUG - 프레임 수신: 카메라 A, 이미지 ID 1751251023327908345
2025-06-30 11:37:03,628 - ATC_GUI - DEBUG - 프레임 처리 완료: 카메라 A, 이미지 ID 1751251023327908345
2025-06-30 11:37:03,629 - ATC_GUI - DEBUG - UDP 데이터그램 처리: 1개, 47006바이트
2025-06-30 11:37:03,645 - ATC_GUI - DEBUG - 프레임 수신: 카메라 A, 이미지 ID 1751251023362382486
2025-06-30 11:37:03,656 - ATC_GUI - DEBUG - 프레임 처리 완료: 카메라 A, 이미지 ID 1751251023362382486
2025-06-30 11:37:03,656 - ATC_GUI - DEBUG - UDP 데이터그램 처리: 1개, 47095바이트
2025-06-30 11:37:03,680 - ATC_GUI - DEBUG - 프레임 수신: 카메라 A, 이미지 ID 1751251023394456178
2025-06-30 11:37:03,691 - ATC_GUI - DEBUG - 프레임 처리 완료: 카메라 A, 이미지 ID 1751251023394456178
2025-06-30 11:37:03,691 - ATC_GUI - DEBUG - UDP 데이터그램 처리: 1개, 47021바이트
2025-06-30 11:37:03,710 - ATC_GUI - DEBUG - 프레임 수신: 카메라 A, 이미지 ID 1751251023425021480
2025-06-30 11:37:03,715 - ATC_GUI - DEBUG - 프레임 처리 완료: 카메라 A, 이미지 ID 1751251023425021480
2025-06-30 11:37:03,715 - ATC_GUI - DEBUG - UDP 데이터그램 처리: 1개, 47107바이트
2025-06-30 11:37:03,745 - ATC_GUI - DEBUG - 프레임 수신: 카메라 A, 이미지 ID 1751251023460508431
2025-06-30 11:37:03,764 - ATC_GUI - DEBUG - 프레임 처리 완료: 카메라 A, 이미지 ID 1751251023460508431
2025-06-30 11:37:03,764 - ATC_GUI - DEBUG - UDP 데이터그램 처리: 1개, 47037바이트
2025-06-30 11:37:03,778 - ATC_GUI - DEBUG - 프레임 수신: 카메라 A, 이미지 ID 1751251023493258549
2025-06-30 11:37:03,804 - ATC_GUI - DEBUG - 프레임 처리 완료: 카메라 A, 이미지 ID 1751251023493258549
2025-06-30 11:37:03,804 - ATC_GUI - DEBUG - UDP 데이터그램 처리: 1개, 47113바이트
2025-06-30 11:37:03,810 - ATC_GUI - DEBUG - 프레임 수신: 카메라 A, 이미지 ID 1751251023524951966
2025-06-30 11:37:03,821 - ATC_GUI - DEBUG - 프레임 처리 완료: 카메라 A, 이미지 ID 1751251023524951966
2025-06-30 11:37:03,821 - ATC_GUI - DEBUG - UDP 데이터그램 처리: 1개, 47045바이트
2025-06-30 11:37:03,846 - ATC_GUI - DEBUG - 프레임 수신: 카메라 A, 이미지 ID 1751251023560017677
2025-06-30 11:37:03,855 - ATC_GUI - DEBUG - 프레임 처리 완료: 카메라 A, 이미지 ID 1751251023560017677
2025-06-30 11:37:03,855 - ATC_GUI - DEBUG - UDP 데이터그램 처리: 1개, 47094바이트
2025-06-30 11:37:03,878 - ATC_GUI - DEBUG - 프레임 수신: 카메라 A, 이미지 ID 1751251023592952785
2025-06-30 11:37:03,884 - ATC_GUI - DEBUG - 프레임 처리 완료: 카메라 A, 이미지 ID 1751251023592952785
2025-06-30 11:37:03,884 - ATC_GUI - DEBUG - UDP 데이터그램 처리: 1개, 47097바이트
2025-06-30 11:37:03,914 - ATC_GUI - DEBUG - 프레임 수신: 카메라 A, 이미지 ID 1751251023625838706
2025-06-30 11:37:03,928 - ATC_GUI - DEBUG - 프레임 처리 완료: 카메라 A, 이미지 ID 1751251023625838706
2025-06-30 11:37:03,928 - ATC_GUI - DEBUG - UDP 데이터그램 처리: 1개, 47057바이트
2025-06-30 11:37:03,944 - ATC_GUI - DEBUG - 프레임 수신: 카메라 A, 이미지 ID 1751251023661174683
2025-06-30 11:37:03,953 - ATC_GUI - DEBUG - 프레임 처리 완료: 카메라 A, 이미지 ID 1751251023661174683
2025-06-30 11:37:03,953 - ATC_GUI - DEBUG - UDP 데이터그램 처리: 1개, 47031바이트
2025-06-30 11:37:04,006 - ATC_GUI - DEBUG - 프레임 수신: 카메라 A, 이미지 ID 1751251023725192422
2025-06-30 11:37:04,028 - ATC_GUI - DEBUG - 프레임 처리 완료: 카메라 A, 이미지 ID 1751251023725192422
2025-06-30 11:37:04,029 - ATC_GUI - DEBUG - UDP 데이터그램 처리: 1개, 47053바이트
2025-06-30 11:37:04,045 - ATC_GUI - DEBUG - 프레임 수신: 카메라 A, 이미지 ID 1751251023760699890
2025-06-30 11:37:04,069 - ATC_GUI - DEBUG - 프레임 처리 완료: 카메라 A, 이미지 ID 1751251023760699890
2025-06-30 11:37:04,069 - ATC_GUI - DEBUG - UDP 데이터그램 처리: 1개, 47087바이트
2025-06-30 11:37:04,076 - ATC_GUI - DEBUG - 프레임 수신: 카메라 A, 이미지 ID 1751251023793258697
2025-06-30 11:37:04,086 - ATC_GUI - DEBUG - 프레임 처리 완료: 카메라 A, 이미지 ID 1751251023793258697
2025-06-30 11:37:04,086 - ATC_GUI - DEBUG - UDP 데이터그램 처리: 1개, 47076바이트
2025-06-30 11:37:04,112 - ATC_GUI - DEBUG - 프레임 수신: 카메라 A, 이미지 ID 1751251023826101859
2025-06-30 11:37:04,130 - ATC_GUI - DEBUG - 프레임 처리 완료: 카메라 A, 이미지 ID 1751251023826101859
2025-06-30 11:37:04,131 - ATC_GUI - DEBUG - UDP 데이터그램 처리: 1개, 47088바이트
2025-06-30 11:37:04,147 - ATC_GUI - DEBUG - 프레임 수신: 카메라 A, 이미지 ID 1751251023861865157
2025-06-30 11:37:04,165 - ATC_GUI - DEBUG - 프레임 처리 완료: 카메라 A, 이미지 ID 1751251023861865157
2025-06-30 11:37:04,165 - ATC_GUI - DEBUG - UDP 데이터그램 처리: 1개, 47081바이트
2025-06-30 11:37:04,179 - ATC_GUI - DEBUG - 프레임 수신: 카메라 A, 이미지 ID 1751251023894810225
2025-06-30 11:37:04,185 - ATC_GUI - DEBUG - 프레임 처리 완료: 카메라 A, 이미지 ID 1751251023894810225
2025-06-30 11:37:04,185 - ATC_GUI - DEBUG - UDP 데이터그램 처리: 1개, 46958바이트
2025-06-30 11:37:04,213 - ATC_GUI - DEBUG - 프레임 수신: 카메라 A, 이미지 ID 1751251023925171982
2025-06-30 11:37:04,218 - ATC_GUI - DEBUG - 프레임 처리 완료: 카메라 A, 이미지 ID 1751251023925171982
2025-06-30 11:37:04,218 - ATC_GUI - DEBUG - UDP 데이터그램 처리: 1개, 47070바이트
2025-06-30 11:37:04,245 - ATC_GUI - DEBUG - 프레임 수신: 카메라 A, 이미지 ID 1751251023960593467
2025-06-30 11:37:04,253 - ATC_GUI - DEBUG - 프레임 처리 완료: 카메라 A, 이미지 ID 1751251023960593467
2025-06-30 11:37:04,253 - ATC_GUI - DEBUG - UDP 데이터그램 처리: 1개, 47042바이트
2025-06-30 11:37:04,279 - ATC_GUI - DEBUG - 프레임 수신: 카메라 A, 이미지 ID 1751251023993403266
2025-06-30 11:37:04,283 - ATC_GUI - DEBUG - 프레임 처리 완료: 카메라 A, 이미지 ID 1751251023993403266
2025-06-30 11:37:04,283 - ATC_GUI - DEBUG - UDP 데이터그램 처리: 1개, 47020바이트
2025-06-30 11:37:04,310 - ATC_GUI - DEBUG - 프레임 수신: 카메라 A, 이미지 ID 1751251024024095737
2025-06-30 11:37:04,338 - ATC_GUI - DEBUG - 프레임 처리 완료: 카메라 A, 이미지 ID 1751251024024095737
2025-06-30 11:37:04,338 - ATC_GUI - DEBUG - UDP 데이터그램 처리: 1개, 47093바이트
2025-06-30 11:37:04,345 - ATC_GUI - DEBUG - 프레임 수신: 카메라 A, 이미지 ID 1751251024060133266
2025-06-30 11:37:04,358 - ATC_GUI - DEBUG - 프레임 처리 완료: 카메라 A, 이미지 ID 1751251024060133266
2025-06-30 11:37:04,358 - ATC_GUI - DEBUG - UDP 데이터그램 처리: 1개, 47049바이트
2025-06-30 11:37:04,381 - ATC_GUI - DEBUG - 프레임 수신: 카메라 A, 이미지 ID 1751251024092710054
2025-06-30 11:37:04,386 - ATC_GUI - DEBUG - 프레임 처리 완료: 카메라 A, 이미지 ID 1751251024092710054
2025-06-30 11:37:04,386 - ATC_GUI - DEBUG - UDP 데이터그램 처리: 1개, 47081바이트
2025-06-30 11:37:04,412 - ATC_GUI - DEBUG - 프레임 수신: 카메라 A, 이미지 ID 1751251024126060232
2025-06-30 11:37:04,432 - ATC_GUI - DEBUG - 프레임 처리 완료: 카메라 A, 이미지 ID 1751251024126060232
2025-06-30 11:37:04,433 - ATC_GUI - DEBUG - UDP 데이터그램 처리: 1개, 47071바이트
2025-06-30 11:37:04,443 - ATC_GUI - DEBUG - 프레임 수신: 카메라 A, 이미지 ID 1751251024161770141
2025-06-30 11:37:04,456 - ATC_GUI - DEBUG - 프레임 처리 완료: 카메라 A, 이미지 ID 1751251024161770141
2025-06-30 11:37:04,457 - ATC_GUI - DEBUG - UDP 데이터그램 처리: 1개, 47133바이트
2025-06-30 11:37:04,475 - ATC_GUI - DEBUG - 프레임 수신: 카메라 A, 이미지 ID 1751251024194932070
2025-06-30 11:37:04,482 - ATC_GUI - DEBUG - 프레임 처리 완료: 카메라 A, 이미지 ID 1751251024194932070
2025-06-30 11:37:04,482 - ATC_GUI - DEBUG - UDP 데이터그램 처리: 1개, 47059바이트
2025-06-30 11:37:04,506 - ATC_GUI - DEBUG - 프레임 수신: 카메라 A, 이미지 ID 1751251024226092657
2025-06-30 11:37:04,511 - ATC_GUI - DEBUG - 프레임 처리 완료: 카메라 A, 이미지 ID 1751251024226092657
2025-06-30 11:37:04,511 - ATC_GUI - DEBUG - UDP 데이터그램 처리: 1개, 47018바이트
2025-06-30 11:37:04,540 - ATC_GUI - DEBUG - 프레임 수신: 카메라 A, 이미지 ID 1751251024260129272
2025-06-30 11:37:04,559 - ATC_GUI - DEBUG - 프레임 처리 완료: 카메라 A, 이미지 ID 1751251024260129272
2025-06-30 11:37:04,560 - ATC_GUI - DEBUG - UDP 데이터그램 처리: 1개, 47087바이트
2025-06-30 11:37:04,576 - ATC_GUI - DEBUG - 프레임 수신: 카메라 A, 이미지 ID 1751251024293095072
2025-06-30 11:37:04,601 - ATC_GUI - DEBUG - 프레임 처리 완료: 카메라 A, 이미지 ID 1751251024293095072
2025-06-30 11:37:04,601 - ATC_GUI - DEBUG - UDP 데이터그램 처리: 1개, 47043바이트
2025-06-30 11:37:04,610 - ATC_GUI - DEBUG - 프레임 수신: 카메라 A, 이미지 ID 1751251024325374886
2025-06-30 11:37:04,618 - ATC_GUI - DEBUG - 프레임 처리 완료: 카메라 A, 이미지 ID 1751251024325374886
2025-06-30 11:37:04,618 - ATC_GUI - DEBUG - UDP 데이터그램 처리: 1개, 47102바이트
2025-06-30 11:37:04,643 - ATC_GUI - DEBUG - 프레임 수신: 카메라 A, 이미지 ID 1751251024361769233
2025-06-30 11:37:04,648 - ATC_GUI - DEBUG - 프레임 처리 완료: 카메라 A, 이미지 ID 1751251024361769233
2025-06-30 11:37:04,648 - ATC_GUI - DEBUG - UDP 데이터그램 처리: 1개, 47042바이트
2025-06-30 11:37:04,677 - ATC_GUI - DEBUG - 프레임 수신: 카메라 A, 이미지 ID 1751251024395560209
2025-06-30 11:37:04,697 - ATC_GUI - DEBUG - 프레임 처리 완료: 카메라 A, 이미지 ID 1751251024395560209
2025-06-30 11:37:04,697 - ATC_GUI - DEBUG - UDP 데이터그램 처리: 1개, 47090바이트
2025-06-30 11:37:04,708 - ATC_GUI - DEBUG - 프레임 수신: 카메라 A, 이미지 ID 1751251024425328958
2025-06-30 11:37:04,727 - ATC_GUI - DEBUG - 프레임 처리 완료: 카메라 A, 이미지 ID 1751251024425328958
2025-06-30 11:37:04,728 - ATC_GUI - DEBUG - UDP 데이터그램 처리: 1개, 47045바이트
2025-06-30 11:37:04,742 - ATC_GUI - DEBUG - 프레임 수신: 카메라 A, 이미지 ID 1751251024460557836
2025-06-30 11:37:04,749 - ATC_GUI - DEBUG - 프레임 처리 완료: 카메라 A, 이미지 ID 1751251024460557836
2025-06-30 11:37:04,749 - ATC_GUI - DEBUG - UDP 데이터그램 처리: 1개, 47032바이트
2025-06-30 11:37:04,785 - ATC_GUI - DEBUG - 프레임 수신: 카메라 A, 이미지 ID 1751251024493260910
2025-06-30 11:37:04,792 - ATC_GUI - DEBUG - 프레임 처리 완료: 카메라 A, 이미지 ID 1751251024493260910
2025-06-30 11:37:04,793 - ATC_GUI - DEBUG - UDP 데이터그램 처리: 1개, 47099바이트
2025-06-30 11:37:04,820 - ATC_GUI - DEBUG - 프레임 수신: 카메라 A, 이미지 ID 1751251024524533632
2025-06-30 11:37:04,827 - ATC_GUI - DEBUG - 프레임 처리 완료: 카메라 A, 이미지 ID 1751251024524533632
2025-06-30 11:37:04,827 - ATC_GUI - DEBUG - UDP 데이터그램 처리: 1개, 47060바이트
2025-06-30 11:37:04,853 - ATC_GUI - DEBUG - 프레임 수신: 카메라 A, 이미지 ID 1751251024557221815
2025-06-30 11:37:04,863 - ATC_GUI - DEBUG - 프레임 처리 완료: 카메라 A, 이미지 ID 1751251024557221815
2025-06-30 11:37:04,864 - ATC_GUI - DEBUG - UDP 데이터그램 처리: 1개, 46963바이트
2025-06-30 11:37:04,891 - ATC_GUI - DEBUG - 프레임 수신: 카메라 A, 이미지 ID 1751251024592439316
2025-06-30 11:37:04,901 - ATC_GUI - DEBUG - 프레임 처리 완료: 카메라 A, 이미지 ID 1751251024592439316
2025-06-30 11:37:04,901 - ATC_GUI - DEBUG - UDP 데이터그램 처리: 1개, 47048바이트
2025-06-30 11:37:04,916 - ATC_GUI - DEBUG - 프레임 수신: 카메라 A, 이미지 ID 1751251024625780605
2025-06-30 11:37:04,924 - ATC_GUI - DEBUG - 프레임 처리 완료: 카메라 A, 이미지 ID 1751251024625780605
2025-06-30 11:37:04,924 - ATC_GUI - DEBUG - UDP 데이터그램 처리: 1개, 47051바이트
2025-06-30 11:37:04,945 - ATC_GUI - DEBUG - 프레임 수신: 카메라 A, 이미지 ID 1751251024658103408
2025-06-30 11:37:04,953 - ATC_GUI - DEBUG - 프레임 처리 완료: 카메라 A, 이미지 ID 1751251024658103408
2025-06-30 11:37:04,953 - ATC_GUI - DEBUG - UDP 데이터그램 처리: 1개, 47048바이트
2025-06-30 11:37:04,976 - ATC_GUI - DEBUG - 프레임 수신: 카메라 A, 이미지 ID 1751251024693810703
2025-06-30 11:37:04,982 - ATC_GUI - DEBUG - 프레임 처리 완료: 카메라 A, 이미지 ID 1751251024693810703
2025-06-30 11:37:04,982 - ATC_GUI - DEBUG - UDP 데이터그램 처리: 1개, 47057바이트
2025-06-30 11:37:05,011 - ATC_GUI - DEBUG - 프레임 수신: 카메라 A, 이미지 ID 1751251024724626316
2025-06-30 11:37:05,016 - ATC_GUI - DEBUG - 프레임 처리 완료: 카메라 A, 이미지 ID 1751251024724626316
2025-06-30 11:37:05,016 - ATC_GUI - DEBUG - UDP 데이터그램 처리: 1개, 46999바이트
2025-06-30 11:37:05,040 - ATC_GUI - DEBUG - 프레임 수신: 카메라 A, 이미지 ID 1751251024758290677
2025-06-30 11:37:05,045 - ATC_GUI - DEBUG - 프레임 처리 완료: 카메라 A, 이미지 ID 1751251024758290677
2025-06-30 11:37:05,045 - ATC_GUI - DEBUG - UDP 데이터그램 처리: 1개, 47069바이트
2025-06-30 11:37:05,076 - ATC_GUI - DEBUG - 프레임 수신: 카메라 A, 이미지 ID 1751251024794896865
2025-06-30 11:37:05,095 - ATC_GUI - DEBUG - 프레임 처리 완료: 카메라 A, 이미지 ID 1751251024794896865
2025-06-30 11:37:05,095 - ATC_GUI - DEBUG - UDP 데이터그램 처리: 1개, 47102바이트
2025-06-30 11:37:05,108 - ATC_GUI - DEBUG - 프레임 수신: 카메라 A, 이미지 ID 1751251024827985868
2025-06-30 11:37:05,117 - ATC_GUI - DEBUG - 프레임 처리 완료: 카메라 A, 이미지 ID 1751251024827985868
2025-06-30 11:37:05,118 - ATC_GUI - DEBUG - UDP 데이터그램 처리: 1개, 46985바이트
2025-06-30 11:37:05,143 - ATC_GUI - DEBUG - 프레임 수신: 카메라 A, 이미지 ID 1751251024858133822
2025-06-30 11:37:05,159 - ATC_GUI - DEBUG - 프레임 처리 완료: 카메라 A, 이미지 ID 1751251024858133822
2025-06-30 11:37:05,159 - ATC_GUI - DEBUG - UDP 데이터그램 처리: 1개, 47059바이트
2025-06-30 11:37:05,178 - ATC_GUI - DEBUG - 프레임 수신: 카메라 A, 이미지 ID 1751251024894004511
2025-06-30 11:37:05,184 - ATC_GUI - DEBUG - 프레임 처리 완료: 카메라 A, 이미지 ID 1751251024894004511
2025-06-30 11:37:05,184 - ATC_GUI - DEBUG - UDP 데이터그램 처리: 1개, 47088바이트
2025-06-30 11:37:05,212 - ATC_GUI - DEBUG - 프레임 수신: 카메라 A, 이미지 ID 1751251024925945049
2025-06-30 11:37:05,217 - ATC_GUI - DEBUG - 프레임 처리 완료: 카메라 A, 이미지 ID 1751251024925945049
2025-06-30 11:37:05,217 - ATC_GUI - DEBUG - UDP 데이터그램 처리: 1개, 47019바이트
2025-06-30 11:37:05,241 - ATC_GUI - DEBUG - 프레임 수신: 카메라 A, 이미지 ID 1751251024959543381
2025-06-30 11:37:05,245 - ATC_GUI - DEBUG - 프레임 처리 완료: 카메라 A, 이미지 ID 1751251024959543381
2025-06-30 11:37:05,245 - ATC_GUI - DEBUG - UDP 데이터그램 처리: 1개, 47041바이트
2025-06-30 11:37:05,278 - ATC_GUI - DEBUG - 프레임 수신: 카메라 A, 이미지 ID 1751251024994369036
2025-06-30 11:37:05,296 - ATC_GUI - DEBUG - 프레임 처리 완료: 카메라 A, 이미지 ID 1751251024994369036
2025-06-30 11:37:05,296 - ATC_GUI - DEBUG - UDP 데이터그램 처리: 1개, 46998바이트
2025-06-30 11:37:05,310 - ATC_GUI - DEBUG - 프레임 수신: 카메라 A, 이미지 ID 1751251025026020182
2025-06-30 11:37:05,329 - ATC_GUI - DEBUG - 프레임 처리 완료: 카메라 A, 이미지 ID 1751251025026020182
2025-06-30 11:37:05,329 - ATC_GUI - DEBUG - UDP 데이터그램 처리: 1개, 47102바이트
2025-06-30 11:37:05,342 - ATC_GUI - DEBUG - 프레임 수신: 카메라 A, 이미지 ID 1751251025056787668
2025-06-30 11:37:05,355 - ATC_GUI - DEBUG - 프레임 처리 완료: 카메라 A, 이미지 ID 1751251025056787668
2025-06-30 11:37:05,356 - ATC_GUI - DEBUG - UDP 데이터그램 처리: 1개, 47083바이트
2025-06-30 11:37:05,375 - ATC_GUI - DEBUG - 프레임 수신: 카메라 A, 이미지 ID 1751251025092568675
2025-06-30 11:37:05,381 - ATC_GUI - DEBUG - 프레임 처리 완료: 카메라 A, 이미지 ID 1751251025092568675
2025-06-30 11:37:05,381 - ATC_GUI - DEBUG - UDP 데이터그램 처리: 1개, 47071바이트
2025-06-30 11:37:05,409 - ATC_GUI - DEBUG - 프레임 수신: 카메라 A, 이미지 ID 1751251025125587093
2025-06-30 11:37:05,417 - ATC_GUI - DEBUG - 프레임 처리 완료: 카메라 A, 이미지 ID 1751251025125587093
2025-06-30 11:37:05,418 - ATC_GUI - DEBUG - UDP 데이터그램 처리: 1개, 47032바이트
2025-06-30 11:37:05,442 - ATC_GUI - DEBUG - 프레임 수신: 카메라 A, 이미지 ID 1751251025158125248
2025-06-30 11:37:05,452 - ATC_GUI - DEBUG - 프레임 처리 완료: 카메라 A, 이미지 ID 1751251025158125248
2025-06-30 11:37:05,453 - ATC_GUI - DEBUG - UDP 데이터그램 처리: 1개, 47033바이트
2025-06-30 11:37:05,475 - ATC_GUI - DEBUG - 프레임 수신: 카메라 A, 이미지 ID 1751251025192749470
2025-06-30 11:37:05,482 - ATC_GUI - DEBUG - 프레임 처리 완료: 카메라 A, 이미지 ID 1751251025192749470
2025-06-30 11:37:05,482 - ATC_GUI - DEBUG - UDP 데이터그램 처리: 1개, 46983바이트
2025-06-30 11:37:05,507 - ATC_GUI - DEBUG - 프레임 수신: 카메라 A, 이미지 ID 1751251025227215510
2025-06-30 11:37:05,515 - ATC_GUI - DEBUG - 프레임 처리 완료: 카메라 A, 이미지 ID 1751251025227215510
2025-06-30 11:37:05,515 - ATC_GUI - DEBUG - UDP 데이터그램 처리: 1개, 47053바이트
2025-06-30 11:37:05,540 - ATC_GUI - DEBUG - 프레임 수신: 카메라 A, 이미지 ID 1751251025258009131
2025-06-30 11:37:05,548 - ATC_GUI - DEBUG - 프레임 처리 완료: 카메라 A, 이미지 ID 1751251025258009131
2025-06-30 11:37:05,548 - ATC_GUI - DEBUG - UDP 데이터그램 처리: 1개, 47077바이트
2025-06-30 11:37:05,575 - ATC_GUI - DEBUG - 프레임 수신: 카메라 A, 이미지 ID 1751251025292901651
2025-06-30 11:37:05,581 - ATC_GUI - DEBUG - 프레임 처리 완료: 카메라 A, 이미지 ID 1751251025292901651
2025-06-30 11:37:05,582 - ATC_GUI - DEBUG - UDP 데이터그램 처리: 1개, 47046바이트
2025-06-30 11:37:05,608 - ATC_GUI - DEBUG - 프레임 수신: 카메라 A, 이미지 ID 1751251025326090824
2025-06-30 11:37:05,613 - ATC_GUI - DEBUG - 프레임 처리 완료: 카메라 A, 이미지 ID 1751251025326090824
2025-06-30 11:37:05,613 - ATC_GUI - DEBUG - UDP 데이터그램 처리: 1개, 47048바이트
2025-06-30 11:37:05,642 - ATC_GUI - DEBUG - 프레임 수신: 카메라 A, 이미지 ID 1751251025357794266
2025-06-30 11:37:05,661 - ATC_GUI - DEBUG - 프레임 처리 완료: 카메라 A, 이미지 ID 1751251025357794266
2025-06-30 11:37:05,661 - ATC_GUI - DEBUG - UDP 데이터그램 처리: 1개, 46983바이트
2025-06-30 11:37:05,679 - ATC_GUI - DEBUG - 프레임 수신: 카메라 A, 이미지 ID 1751251025392874213
2025-06-30 11:37:05,692 - ATC_GUI - DEBUG - 프레임 처리 완료: 카메라 A, 이미지 ID 1751251025392874213
2025-06-30 11:37:05,692 - ATC_GUI - DEBUG - UDP 데이터그램 처리: 1개, 47021바이트
2025-06-30 11:37:05,715 - ATC_GUI - DEBUG - 프레임 수신: 카메라 A, 이미지 ID 1751251025425856466
2025-06-30 11:37:05,733 - ATC_GUI - DEBUG - 프레임 처리 완료: 카메라 A, 이미지 ID 1751251025425856466
2025-06-30 11:37:05,734 - ATC_GUI - DEBUG - UDP 데이터그램 처리: 1개, 47069바이트
2025-06-30 11:37:05,746 - ATC_GUI - DEBUG - 프레임 수신: 카메라 A, 이미지 ID 1751251025458664580
2025-06-30 11:37:05,761 - ATC_GUI - DEBUG - 프레임 처리 완료: 카메라 A, 이미지 ID 1751251025458664580
2025-06-30 11:37:05,761 - ATC_GUI - DEBUG - UDP 데이터그램 처리: 1개, 47111바이트
2025-06-30 11:37:05,777 - ATC_GUI - DEBUG - 프레임 수신: 카메라 A, 이미지 ID 1751251025492106656
2025-06-30 11:37:05,780 - ATC_GUI - DEBUG - 프레임 처리 완료: 카메라 A, 이미지 ID 1751251025492106656
2025-06-30 11:37:05,781 - ATC_GUI - DEBUG - UDP 데이터그램 처리: 1개, 46969바이트
2025-06-30 11:37:05,811 - ATC_GUI - DEBUG - 프레임 수신: 카메라 A, 이미지 ID 1751251025524721922
2025-06-30 11:37:05,836 - ATC_GUI - DEBUG - 프레임 처리 완료: 카메라 A, 이미지 ID 1751251025524721922
2025-06-30 11:37:05,837 - ATC_GUI - DEBUG - UDP 데이터그램 처리: 1개, 47070바이트
2025-06-30 11:37:05,845 - ATC_GUI - DEBUG - 프레임 수신: 카메라 A, 이미지 ID 1751251025557234134
2025-06-30 11:37:05,856 - ATC_GUI - DEBUG - 프레임 처리 완료: 카메라 A, 이미지 ID 1751251025557234134
2025-06-30 11:37:05,856 - ATC_GUI - DEBUG - UDP 데이터그램 처리: 1개, 47087바이트
2025-06-30 11:37:05,882 - ATC_GUI - DEBUG - 프레임 수신: 카메라 A, 이미지 ID 1751251025592525547
2025-06-30 11:37:05,891 - ATC_GUI - DEBUG - 프레임 처리 완료: 카메라 A, 이미지 ID 1751251025592525547
2025-06-30 11:37:05,892 - ATC_GUI - DEBUG - UDP 데이터그램 처리: 1개, 46997바이트
2025-06-30 11:37:05,907 - ATC_GUI - DEBUG - raw_data: b'MR_MP:OK\n'...
2025-06-30 11:37:05,908 - ATC_GUI - DEBUG - 지도 응답: OK
2025-06-30 11:37:11,129 - ATC_GUI - INFO - Log 탭 전환
2025-06-30 11:37:12,007 - ATC_GUI - INFO - 로그 검색 요청: 위험요소 감지 이력, 기간: 2025-05-31 ~ 2025-06-30
2025-06-30 11:37:12,008 - ATC_GUI - INFO - 객체 감지 이력 조회 요청 전송: LC_OL:2025-05-31,2025-06-30
2025-06-30 11:37:12,058 - ATC_GUI - DEBUG - raw_data: b'LR_OL:OK,UNAUTH,1751250790995189,WORK_PERSON,RWY_B,2025-06-30T11:33:11Z;UNAUTH,1751250790562189,PERS'...
2025-06-30 11:37:12,058 - ATC_GUI - DEBUG - LR_OL 응답 수신: OK,UNAUTH,1751250790995189,WORK_PERSON,RWY_B,2025-06-30T11:33:11Z;UNAUTH,1751250790562189,PERSON,RWY_B,2025-06-30T11:33:10Z;HAZARD,1751250742250166,FOD,RWY_A,2025-06-30T11:32:22Z;UNAUTH,17512507409841...
2025-06-30 11:37:12,059 - ATC_GUI - DEBUG - LR_OL 전체 응답: OK,UNAUTH,1751250790995189,WORK_PERSON,RWY_B,2025-06-30T11:33:11Z;UNAUTH,1751250790562189,PERSON,RWY_B,2025-06-30T11:33:10Z;HAZARD,1751250742250166,FOD,RWY_A,2025-06-30T11:32:22Z;UNAUTH,1751250740984163,WORK_PERSON,RWY_B,2025-06-30T11:32:21Z;UNAUTH,1751250740656162,PERSON,RWY_B,2025-06-30T11:32:20Z;UNAUTH,1751250740656163,PERSON,RWY_B,2025-06-30T11:32:20Z;UNAUTH,1751250622154152,PERSON,RWY_B,2025-06-30T11:32:08Z;UNAUTH,1751250685545157,VEHICLE,RWY_A,2025-06-30T11:31:25Z;UNAUTH,1751250622371152,WORK_PERSON,RWY_B,2025-06-30T11:30:44Z;UNAUTH,1751250621941150,PERSON,RWY_B,2025-06-30T11:30:44Z;UNAUTH,1751250621941151,VEHICLE,TWY_B,2025-06-30T11:30:21Z;UNAUTH,1751250606801146,VEHICLE,RWY_A,2025-06-30T11:30:06Z;UNAUTH,1751250604055140,VEHICLE,TWY_C,2025-06-30T11:30:04Z;UNAUTH,1751250604661145,PERSON,GRASS_A,2025-06-30T11:30:04Z;HAZARD,1751250596075138,FOD,None,2025-06-30T11:29:56Z;HAZARD,175125056810059,ANIMAL,RWY_B,2025-06-30T11:29:28Z;HAZARD,1751250565799134,FOD,RWY_A,2025-06-30T11:29:25Z;UNAUTH,1751250554205106,PERSON,GRASS_A,2025-06-30T11:29:14Z;HAZARD,1751250554468109,ANIMAL,RWY_B,2025-06-30T11:29:14Z;UNAUTH,175125036505188,VEHICLE,RWY_A,2025-06-30T11:26:05Z;HAZARD,175125035780084,FOD,RWY_A,2025-06-30T11:25:57Z;HAZARD,175125034989380,FOD,RWY_A,2025-06-30T11:25:49Z;HAZARD,175125034148775,FOD,RWY_A,2025-06-30T11:25:41Z;UNAUTH,175125033238559,PERSON,RWY_B,2025-06-30T11:25:32Z;UNAUTH,175125033259459,WORK_PERSON,RWY_B,2025-06-30T11:25:32Z;UNAUTH,175125031568652,VEHICLE,RWY_A,2025-06-30T11:25:15Z;HAZARD,175125031583049,BIRD,TWY_A,2025-06-30T11:25:15Z;HAZARD,175125031506849,ANIMAL,TWY_A,2025-06-30T11:25:15Z;UNAUTH,17512497884792,PERSON,RWY_B,2025-06-30T11:23:06Z;HAZARD,175124998503327,FOD,RWY_A,2025-06-30T11:19:45Z;HAZARD,175124998018925,FOD,RWY_A,2025-06-30T11:19:40Z;HAZARD,175124996799320,FOD,RWY_A,2025-06-30T11:19:27Z;UNAUTH,17512497886172,WORK_PERSON,RWY_B,2025-06-30T11:16:28Z;UNAUTH,17512497884791,PERSON,RWY_B,2025-06-30T11:16:28Z;UNAUTH,17512496172192,WORK_PERSON,RWY_B,2025-06-30T11:13:37Z;UNAUTH,17512496172191,PERSON,RWY_B,2025-06-30T11:13:37Z;UNAUTH,17512494978162,WORK_PERSON,RWY_B,2025-06-30T11:11:38Z;UNAUTH,17512494976651,PERSON,RWY_B,2025-06-30T11:11:38Z;UNAUTH,17512493995852,WORK_PERSON,RWY_B,2025-06-30T11:09:59Z;UNAUTH,17512493994511,PERSON,RWY_B,2025-06-30T11:09:59Z;UNAUTH,17512491497432,WORK_PERSON,RWY_B,2025-06-30T11:05:50Z;UNAUTH,17512491497431,PERSON,RWY_B,2025-06-30T11:05:50Z;UNAUTH,17512484476211,VEHICLE,RWY_B,2025-06-30T10:54:07Z;UNAUTH,17512484460888,VEHICLE,None,2025-06-30T10:54:06Z;UNAUTH,17512484448792,VEHICLE,TWY_A,2025-06-30T10:54:04Z;UNAUTH,17512484261721,PERSON,RWY_B,2025-06-30T10:53:46Z;UNAUTH,17512483117311,PERSON,RWY_B,2025-06-30T10:51:52Z;UNAUTH,175124822009816,PERSON,RWY_B,2025-06-30T10:50:20Z;HAZARD,175124821952414,BIRD,GRASS_A,2025-06-30T10:50:19Z;UNAUTH,175124821965614,PERSON,GRASS_A,2025-06-30T10:50:19Z;UNAUTH,17512481850101,PERSON,RWY_B,2025-06-30T10:49:45Z;UNAUTH,17512478789081,PERSON,RWY_B,2025-06-30T10:44:39Z
2025-06-30 11:37:12,059 - ATC_GUI - INFO - 객체 감지 로그 파싱: 52개 레코드
2025-06-30 11:37:12,060 - ATC_GUI - DEBUG - 객체 감지 로그 레코드 1 파싱 성공: ID=1751250790995189, Type=작업자, Area=RWY_B
2025-06-30 11:37:12,060 - ATC_GUI - DEBUG - 객체 감지 로그 레코드 2 파싱 성공: ID=1751250790562189, Type=일반인, Area=RWY_B
2025-06-30 11:37:12,060 - ATC_GUI - DEBUG - 객체 감지 로그 레코드 3 파싱 성공: ID=1751250742250166, Type=FOD, Area=RWY_A
2025-06-30 11:37:12,061 - ATC_GUI - DEBUG - 객체 감지 로그 레코드 4 파싱 성공: ID=1751250740984163, Type=작업자, Area=RWY_B
2025-06-30 11:37:12,061 - ATC_GUI - DEBUG - 객체 감지 로그 레코드 5 파싱 성공: ID=1751250740656162, Type=일반인, Area=RWY_B
2025-06-30 11:37:12,061 - ATC_GUI - DEBUG - 객체 감지 로그 레코드 6 파싱 성공: ID=1751250740656163, Type=일반인, Area=RWY_B
2025-06-30 11:37:12,061 - ATC_GUI - DEBUG - 객체 감지 로그 레코드 7 파싱 성공: ID=1751250622154152, Type=일반인, Area=RWY_B
2025-06-30 11:37:12,062 - ATC_GUI - DEBUG - 객체 감지 로그 레코드 8 파싱 성공: ID=1751250685545157, Type=일반차량, Area=RWY_A
2025-06-30 11:37:12,062 - ATC_GUI - DEBUG - 객체 감지 로그 레코드 9 파싱 성공: ID=1751250622371152, Type=작업자, Area=RWY_B
2025-06-30 11:37:12,062 - ATC_GUI - DEBUG - 객체 감지 로그 레코드 10 파싱 성공: ID=1751250621941150, Type=일반인, Area=RWY_B
2025-06-30 11:37:12,063 - ATC_GUI - DEBUG - 객체 감지 로그 레코드 11 파싱 성공: ID=1751250621941151, Type=일반차량, Area=TWY_B
2025-06-30 11:37:12,063 - ATC_GUI - DEBUG - 객체 감지 로그 레코드 12 파싱 성공: ID=1751250606801146, Type=일반차량, Area=RWY_A
2025-06-30 11:37:12,063 - ATC_GUI - DEBUG - 객체 감지 로그 레코드 13 파싱 성공: ID=1751250604055140, Type=일반차량, Area=TWY_C
2025-06-30 11:37:12,063 - ATC_GUI - DEBUG - 객체 감지 로그 레코드 14 파싱 성공: ID=1751250604661145, Type=일반인, Area=GRASS_A
2025-06-30 11:37:12,064 - ATC_GUI - WARNING - 알 수 없는 구역 이름: None, TWY_A로 기본 설정
2025-06-30 11:37:12,064 - ATC_GUI - DEBUG - 객체 감지 로그 레코드 15 파싱 성공: ID=1751250596075138, Type=FOD, Area=TWY_A
2025-06-30 11:37:12,064 - ATC_GUI - DEBUG - 객체 감지 로그 레코드 16 파싱 성공: ID=175125056810059, Type=동물, Area=RWY_B
2025-06-30 11:37:12,064 - ATC_GUI - DEBUG - 객체 감지 로그 레코드 17 파싱 성공: ID=1751250565799134, Type=FOD, Area=RWY_A
2025-06-30 11:37:12,065 - ATC_GUI - DEBUG - 객체 감지 로그 레코드 18 파싱 성공: ID=1751250554205106, Type=일반인, Area=GRASS_A
2025-06-30 11:37:12,065 - ATC_GUI - DEBUG - 객체 감지 로그 레코드 19 파싱 성공: ID=1751250554468109, Type=동물, Area=RWY_B
2025-06-30 11:37:12,065 - ATC_GUI - DEBUG - 객체 감지 로그 레코드 20 파싱 성공: ID=175125036505188, Type=일반차량, Area=RWY_A
2025-06-30 11:37:12,065 - ATC_GUI - DEBUG - 객체 감지 로그 레코드 21 파싱 성공: ID=175125035780084, Type=FOD, Area=RWY_A
2025-06-30 11:37:12,065 - ATC_GUI - DEBUG - 객체 감지 로그 레코드 22 파싱 성공: ID=175125034989380, Type=FOD, Area=RWY_A
2025-06-30 11:37:12,065 - ATC_GUI - DEBUG - 객체 감지 로그 레코드 23 파싱 성공: ID=175125034148775, Type=FOD, Area=RWY_A
2025-06-30 11:37:12,065 - ATC_GUI - DEBUG - 객체 감지 로그 레코드 24 파싱 성공: ID=175125033238559, Type=일반인, Area=RWY_B
2025-06-30 11:37:12,065 - ATC_GUI - DEBUG - 객체 감지 로그 레코드 25 파싱 성공: ID=175125033259459, Type=작업자, Area=RWY_B
2025-06-30 11:37:12,066 - ATC_GUI - DEBUG - 객체 감지 로그 레코드 26 파싱 성공: ID=175125031568652, Type=일반차량, Area=RWY_A
2025-06-30 11:37:12,066 - ATC_GUI - DEBUG - 객체 감지 로그 레코드 27 파싱 성공: ID=175125031583049, Type=조류, Area=TWY_A
2025-06-30 11:37:12,066 - ATC_GUI - DEBUG - 객체 감지 로그 레코드 28 파싱 성공: ID=175125031506849, Type=동물, Area=TWY_A
2025-06-30 11:37:12,066 - ATC_GUI - DEBUG - 객체 감지 로그 레코드 29 파싱 성공: ID=17512497884792, Type=일반인, Area=RWY_B
2025-06-30 11:37:12,066 - ATC_GUI - DEBUG - 객체 감지 로그 레코드 30 파싱 성공: ID=175124998503327, Type=FOD, Area=RWY_A
2025-06-30 11:37:12,066 - ATC_GUI - DEBUG - 객체 감지 로그 레코드 31 파싱 성공: ID=175124998018925, Type=FOD, Area=RWY_A
2025-06-30 11:37:12,066 - ATC_GUI - DEBUG - 객체 감지 로그 레코드 32 파싱 성공: ID=175124996799320, Type=FOD, Area=RWY_A
2025-06-30 11:37:12,066 - ATC_GUI - DEBUG - 객체 감지 로그 레코드 33 파싱 성공: ID=17512497886172, Type=작업자, Area=RWY_B
2025-06-30 11:37:12,066 - ATC_GUI - DEBUG - 객체 감지 로그 레코드 34 파싱 성공: ID=17512497884791, Type=일반인, Area=RWY_B
2025-06-30 11:37:12,066 - ATC_GUI - DEBUG - 객체 감지 로그 레코드 35 파싱 성공: ID=17512496172192, Type=작업자, Area=RWY_B
2025-06-30 11:37:12,066 - ATC_GUI - DEBUG - 객체 감지 로그 레코드 36 파싱 성공: ID=17512496172191, Type=일반인, Area=RWY_B
2025-06-30 11:37:12,066 - ATC_GUI - DEBUG - 객체 감지 로그 레코드 37 파싱 성공: ID=17512494978162, Type=작업자, Area=RWY_B
2025-06-30 11:37:12,066 - ATC_GUI - DEBUG - 객체 감지 로그 레코드 38 파싱 성공: ID=17512494976651, Type=일반인, Area=RWY_B
2025-06-30 11:37:12,066 - ATC_GUI - DEBUG - 객체 감지 로그 레코드 39 파싱 성공: ID=17512493995852, Type=작업자, Area=RWY_B
2025-06-30 11:37:12,066 - ATC_GUI - DEBUG - 객체 감지 로그 레코드 40 파싱 성공: ID=17512493994511, Type=일반인, Area=RWY_B
2025-06-30 11:37:12,066 - ATC_GUI - DEBUG - 객체 감지 로그 레코드 41 파싱 성공: ID=17512491497432, Type=작업자, Area=RWY_B
2025-06-30 11:37:12,067 - ATC_GUI - DEBUG - 객체 감지 로그 레코드 42 파싱 성공: ID=17512491497431, Type=일반인, Area=RWY_B
2025-06-30 11:37:12,067 - ATC_GUI - DEBUG - 객체 감지 로그 레코드 43 파싱 성공: ID=17512484476211, Type=일반차량, Area=RWY_B
2025-06-30 11:37:12,067 - ATC_GUI - WARNING - 알 수 없는 구역 이름: None, TWY_A로 기본 설정
2025-06-30 11:37:12,067 - ATC_GUI - DEBUG - 객체 감지 로그 레코드 44 파싱 성공: ID=17512484460888, Type=일반차량, Area=TWY_A
2025-06-30 11:37:12,067 - ATC_GUI - DEBUG - 객체 감지 로그 레코드 45 파싱 성공: ID=17512484448792, Type=일반차량, Area=TWY_A
2025-06-30 11:37:12,067 - ATC_GUI - DEBUG - 객체 감지 로그 레코드 46 파싱 성공: ID=17512484261721, Type=일반인, Area=RWY_B
2025-06-30 11:37:12,067 - ATC_GUI - DEBUG - 객체 감지 로그 레코드 47 파싱 성공: ID=17512483117311, Type=일반인, Area=RWY_B
2025-06-30 11:37:12,067 - ATC_GUI - DEBUG - 객체 감지 로그 레코드 48 파싱 성공: ID=175124822009816, Type=일반인, Area=RWY_B
2025-06-30 11:37:12,067 - ATC_GUI - DEBUG - 객체 감지 로그 레코드 49 파싱 성공: ID=175124821952414, Type=조류, Area=GRASS_A
2025-06-30 11:37:12,067 - ATC_GUI - DEBUG - 객체 감지 로그 레코드 50 파싱 성공: ID=175124821965614, Type=일반인, Area=GRASS_A
2025-06-30 11:37:12,067 - ATC_GUI - DEBUG - 객체 감지 로그 레코드 51 파싱 성공: ID=17512481850101, Type=일반인, Area=RWY_B
2025-06-30 11:37:12,067 - ATC_GUI - DEBUG - 객체 감지 로그 레코드 52 파싱 성공: ID=17512478789081, Type=일반인, Area=RWY_B
2025-06-30 11:37:12,067 - ATC_GUI - INFO - 객체 감지 로그 파싱 완료: 성공 52개/52개
2025-06-30 11:37:12,068 - ATC_GUI - INFO - 객체 감지 로그 데이터 수신: 52건
2025-06-30 11:37:12,069 - ATC_GUI - INFO - 객체 감지 로그 테이블 업데이트 완료: 52건
2025-06-30 11:37:12,069 - ATC_GUI - INFO - 객체 감지 로그 응답 처리 완료: 52건
2025-06-30 11:37:16,896 - ATC_GUI - INFO - 로그 타입 변경: 조류 위험도 등급 변화 이력, 페이지 인덱스: 1
2025-06-30 11:37:18,007 - ATC_GUI - INFO - 로그 검색 요청: 조류 위험도 등급 변화 이력, 기간: 2025-05-31 ~ 2025-06-30
2025-06-30 11:37:18,007 - ATC_GUI - INFO - 조류 위험도 등급 변화 이력 조회 요청 전송: LC_BL:2025-05-31,2025-06-30
2025-06-30 11:37:18,047 - ATC_GUI - DEBUG - raw_data: b'LR_BL:OK,3,2025-06-26T19:44:18Z;2,2025-06-26T19:44:17Z;3,2025-06-26T19:43:41Z;3,2025-06-26T19:41:48Z'...
2025-06-30 11:37:18,047 - ATC_GUI - DEBUG - LR_BL 응답 수신: OK,3,2025-06-26T19:44:18Z;2,2025-06-26T19:44:17Z;3,2025-06-26T19:43:41Z;3,2025-06-26T19:41:48Z;2,2025-06-26T19:41:47Z;3,2025-06-26T19:41:05Z;2,2025-06-26T19:41:02Z;3,2025-06-26T19:40:59Z;2,2025-06-26T...
2025-06-30 11:37:18,047 - ATC_GUI - DEBUG - LR_BL 전체 응답: OK,3,2025-06-26T19:44:18Z;2,2025-06-26T19:44:17Z;3,2025-06-26T19:43:41Z;3,2025-06-26T19:41:48Z;2,2025-06-26T19:41:47Z;3,2025-06-26T19:41:05Z;2,2025-06-26T19:41:02Z;3,2025-06-26T19:40:59Z;2,2025-06-26T19:40:58Z;3,2025-06-26T19:40:55Z;2,2025-06-26T19:40:53Z;3,2025-06-26T19:40:12Z;2,2025-06-26T19:40:02Z;3,2025-06-26T19:39:24Z;2,2025-06-26T19:39:23Z;3,2025-06-26T19:39:22Z;2,2025-06-26T19:39:21Z;3,2025-06-26T19:39:20Z;3,2025-06-26T19:37:43Z;2,2025-06-26T19:37:37Z;3,2025-06-26T19:37:32Z;2,2025-06-26T19:37:31Z;3,2025-06-26T19:37:15Z;3,2025-06-26T19:37:15Z;2,2025-06-26T19:37:15Z;3,2025-06-26T19:30:08Z;2,2025-06-26T19:29:56Z;3,2025-06-26T19:29:21Z;2,2025-06-26T19:29:13Z;3,2025-06-26T19:27:38Z;2,2025-06-26T19:27:25Z;1,2025-06-26T19:26:38Z;2,2025-06-26T19:26:34Z;3,2025-06-26T19:25:50Z;2,2025-06-26T19:25:44Z;3,2025-06-26T19:25:09Z;2,2025-06-26T19:25:07Z;2,2025-06-26T19:24:57Z;3,2025-06-26T19:24:57Z;3,2025-06-26T19:24:16Z;2,2025-06-26T19:24:14Z;3,2025-06-26T19:14:13Z;3,2025-06-26T19:07:24Z;2,2025-06-26T19:07:22Z;3,2025-06-26T19:07:21Z;2,2025-06-26T19:07:12Z;3,2025-06-26T19:06:27Z;2,2025-06-26T19:06:22Z;3,2025-06-26T19:05:41Z;2,2025-06-26T19:05:31Z;3,2025-06-24T21:03:20Z;3,2025-06-24T21:03:20Z;1,2025-06-24T21:03:20Z;2,2025-06-24T21:03:20Z;3,2025-06-24T20:56:50Z;1,2025-06-24T20:56:50Z;1,2025-06-24T20:56:48Z;3,2025-06-24T20:55:40Z;2,2025-06-24T20:55:32Z;3,2025-06-24T20:54:43Z;2,2025-06-24T20:54:31Z;1,2025-06-24T20:54:25Z;2,2025-06-24T20:54:17Z;3,2025-06-24T20:53:34Z;3,2025-06-24T20:52:53Z;2,2025-06-24T20:52:40Z;1,2025-06-24T20:52:35Z;3,2025-06-24T20:50:58Z;2,2025-06-24T20:50:53Z;1,2025-06-24T20:50:52Z;3,2025-06-24T20:50:39Z;3,2025-06-24T20:11:47Z;3,2025-06-24T20:11:22Z;3,2025-06-24T20:01:32Z;3,2025-06-24T20:01:12Z;3,2025-06-24T19:29:48Z;3,2025-06-24T19:18:57Z;3,2025-06-24T19:17:57Z;3,2025-06-24T19:17:39Z;3,2025-06-24T19:08:01Z;3,2025-06-24T19:06:57Z;3,2025-06-24T19:04:28Z;3,2025-06-24T19:03:41Z;3,2025-06-24T18:59:01Z;3,2025-06-24T18:53:54Z;3,2025-06-24T18:53:14Z;3,2025-06-24T18:52:04Z;3,2025-06-24T17:45:37Z;2,2025-06-24T17:45:17Z;3,2025-06-24T17:45:10Z;2,2025-06-24T17:44:48Z;3,2025-06-24T17:44:11Z;2,2025-06-24T17:44:03Z;1,2025-06-24T17:44:00Z;3,2025-06-24T17:43:29Z;2,2025-06-24T17:43:07Z;1,2025-06-24T17:43:02Z;3,2025-06-24T17:42:25Z;2,2025-06-24T17:42:15Z;3,2025-06-24T17:40:41Z;2,2025-06-24T17:40:31Z;3,2025-06-24T17:39:52Z;3,2025-06-24T17:37:45Z;3,2025-06-24T17:37:02Z;3,2025-06-24T17:36:48Z;3,2025-06-24T17:24:13Z;2,2025-06-24T17:24:05Z;1,2025-06-24T17:24:00Z;3,2025-06-24T17:21:34Z;2,2025-06-24T17:21:28Z;3,2025-06-24T17:21:02Z;2,2025-06-24T17:20:48Z;1,2025-06-24T17:20:36Z;3,2025-06-24T17:20:16Z;1,2025-06-24T17:20:02Z;2,2025-06-24T17:19:48Z;3,2025-06-24T17:19:21Z;1,2025-06-24T17:14:44Z;3,2025-06-24T17:13:56Z;3,2025-06-24T17:07:44Z;3,2025-06-24T16:44:38Z;3,2025-06-24T16:39:32Z;3,2025-06-24T16:27:09Z;3,2025-06-24T16:21:55Z;1,2025-06-24T16:21:45Z;2,2025-06-24T16:21:32Z;3,2025-06-24T16:21:13Z;1,2025-06-24T16:20:54Z;3,2025-06-24T16:20:13Z;3,2025-06-24T16:19:58Z;2,2025-06-24T16:19:50Z;1,2025-06-24T16:19:43Z;2,2025-06-24T16:19:37Z;3,2025-06-24T16:19:15Z;2,2025-06-24T16:18:53Z;3,2025-06-24T16:18:35Z;3,2025-06-24T16:17:17Z;3,2025-06-24T16:16:57Z;2,2025-06-24T16:16:44Z;1,2025-06-24T16:16:36Z;2,2025-06-24T16:16:21Z;3,2025-06-24T16:15:53Z;2,2025-06-24T16:15:31Z;3,2025-06-24T16:14:58Z;2,2025-06-24T16:14:55Z;3,2025-06-24T16:14:53Z;2,2025-06-24T16:14:47Z;1,2025-06-24T16:14:42Z;2,2025-06-24T16:14:39Z;1,2025-06-24T16:14:37Z;2,2025-06-24T16:14:35Z;3,2025-06-24T16:14:06Z;3,2025-06-24T16:14:04Z;2,2025-06-24T16:14:04Z;2,2025-06-24T16:13:53Z;1,2025-06-24T16:13:46Z;2,2025-06-24T16:13:43Z;3,2025-06-24T16:13:28Z;2,2025-06-24T16:12:57Z;3,2025-06-24T16:12:55Z;2,2025-06-24T16:12:53Z;1,2025-06-24T16:12:12Z;2,2025-06-24T16:12:10Z;3,2025-06-24T16:11:45Z;3,2025-06-24T16:06:50Z;1,2025-06-24T16:06:42Z;2,2025-06-24T16:06:24Z;3,2025-06-24T16:06:20Z;1,2025-06-24T16:06:20Z;1,2025-06-24T16:06:17Z;2,2025-06-24T16:06:12Z;3,2025-06-24T16:06:06Z;3,2025-06-24T15:54:28Z;2,2025-06-24T15:54:23Z;3,2025-06-24T15:53:40Z;2,2025-06-24T15:53:34Z;1,2025-06-24T15:53:28Z;2,2025-06-24T15:53:26Z;3,2025-06-24T15:53:10Z;3,2025-06-24T15:51:38Z;2,2025-06-24T15:51:28Z;3,2025-06-24T15:51:10Z;3,2025-06-24T15:51:09Z;2,2025-06-24T15:50:58Z;1,2025-06-24T15:50:40Z;2,2025-06-24T15:50:25Z;1,2025-06-24T15:50:13Z;3,2025-06-24T15:47:37Z;3,2025-06-24T15:45:56Z;3,2025-06-24T15:40:59Z;1,2025-06-24T15:40:34Z;3,2025-06-24T15:40:04Z;2,2025-06-24T15:39:39Z;2,2025-06-24T15:38:13Z;3,2025-06-24T15:37:56Z;3,2025-06-24T15:37:33Z;3,2025-06-24T15:26:37Z;2,2025-06-24T15:26:21Z;3,2025-06-24T15:25:43Z;2,2025-06-24T15:25:23Z;3,2025-06-24T15:23:33Z;2,2025-06-24T15:20:46Z;3,2025-06-24T15:20:32Z;3,2025-06-24T15:15:33Z;2,2025-06-24T15:15:25Z;3,2025-06-24T15:15:25Z;2,2025-06-24T15:15:25Z;3,2025-06-24T15:15:24Z;2,2025-06-24T15:15:11Z;3,2025-06-24T15:15:03Z;2,2025-06-24T15:14:42Z;3,2025-06-24T15:13:04Z;1,2025-06-24T15:11:55Z;3,2025-06-24T15:11:50Z;1,2025-06-24T15:11:38Z;2,2025-06-24T15:11:34Z;3,2025-06-24T15:11:31Z;2,2025-06-24T15:11:13Z;3,2025-06-24T15:11:11Z;2,2025-06-24T15:11:02Z;3,2025-06-24T15:10:51Z;3,2025-06-24T15:06:20Z;2,2025-06-24T15:06:17Z;3,2025-06-24T15:06:14Z;2,2025-06-24T15:06:13Z;3,2025-06-24T15:06:13Z;2,2025-06-24T15:06:13Z;2,2025-06-24T15:06:12Z;3,2025-06-24T15:06:12Z;3,2025-06-24T15:06:10Z;2,2025-06-24T15:06:09Z;3,2025-06-24T15:06:07Z;2,2025-06-24T15:06:04Z;3,2025-06-24T15:06:00Z;3,2025-06-24T15:05:52Z;2,2025-06-24T15:05:52Z;2,2025-06-24T15:00:06Z;3,2025-06-24T15:00:01Z;3,2025-06-24T14:56:10Z;1,2025-06-24T14:56:08Z;3,2025-06-24T14:56:05Z;2,2025-06-24T14:56:02Z;3,2025-06-24T14:55:55Z;3,2025-06-24T14:52:36Z;3,2025-06-24T14:51:02Z;3,2025-06-24T14:50:41Z;2,2025-06-24T14:50:41Z;2,2025-06-24T14:50:17Z;3,2025-06-24T14:50:16Z;3,2025-06-24T14:47:24Z;3,2025-06-24T14:43:56Z;3,2025-06-24T14:42:49Z;3,2025-06-24T14:36:52Z;2,2025-06-24T14:36:49Z;1,2025-06-24T14:36:48Z;2,2025-06-24T14:36:45Z;3,2025-06-24T14:36:32Z;2,2025-06-24T14:36:25Z;1,2025-06-24T14:35:02Z;1,2025-06-24T14:35:01Z;3,2025-06-24T14:34:39Z;2,2025-06-24T14:34:38Z;3,2025-06-24T14:28:40Z;3,2025-06-24T14:12:11Z;3,2025-06-24T14:07:19Z;1,2025-06-24T13:50:07Z
2025-06-30 11:37:18,047 - ATC_GUI - INFO - 조류 위험도 로그 파싱: 266개 레코드
2025-06-30 11:37:18,047 - ATC_GUI - DEBUG - 조류 위험도 로그 레코드 1 파싱 성공: CLEAR
2025-06-30 11:37:18,047 - ATC_GUI - DEBUG - 조류 위험도 로그 레코드 2 파싱 성공: CAUTION
2025-06-30 11:37:18,047 - ATC_GUI - DEBUG - 조류 위험도 로그 레코드 3 파싱 성공: CLEAR
2025-06-30 11:37:18,047 - ATC_GUI - DEBUG - 조류 위험도 로그 레코드 4 파싱 성공: CLEAR
2025-06-30 11:37:18,047 - ATC_GUI - DEBUG - 조류 위험도 로그 레코드 5 파싱 성공: CAUTION
2025-06-30 11:37:18,047 - ATC_GUI - DEBUG - 조류 위험도 로그 레코드 6 파싱 성공: CLEAR
2025-06-30 11:37:18,047 - ATC_GUI - DEBUG - 조류 위험도 로그 레코드 7 파싱 성공: CAUTION
2025-06-30 11:37:18,047 - ATC_GUI - DEBUG - 조류 위험도 로그 레코드 8 파싱 성공: CLEAR
2025-06-30 11:37:18,047 - ATC_GUI - DEBUG - 조류 위험도 로그 레코드 9 파싱 성공: CAUTION
2025-06-30 11:37:18,047 - ATC_GUI - DEBUG - 조류 위험도 로그 레코드 10 파싱 성공: CLEAR
2025-06-30 11:37:18,048 - ATC_GUI - DEBUG - 조류 위험도 로그 레코드 11 파싱 성공: CAUTION
2025-06-30 11:37:18,048 - ATC_GUI - DEBUG - 조류 위험도 로그 레코드 12 파싱 성공: CLEAR
2025-06-30 11:37:18,048 - ATC_GUI - DEBUG - 조류 위험도 로그 레코드 13 파싱 성공: CAUTION
2025-06-30 11:37:18,048 - ATC_GUI - DEBUG - 조류 위험도 로그 레코드 14 파싱 성공: CLEAR
2025-06-30 11:37:18,048 - ATC_GUI - DEBUG - 조류 위험도 로그 레코드 15 파싱 성공: CAUTION
2025-06-30 11:37:18,048 - ATC_GUI - DEBUG - 조류 위험도 로그 레코드 16 파싱 성공: CLEAR
2025-06-30 11:37:18,048 - ATC_GUI - DEBUG - 조류 위험도 로그 레코드 17 파싱 성공: CAUTION
2025-06-30 11:37:18,048 - ATC_GUI - DEBUG - 조류 위험도 로그 레코드 18 파싱 성공: CLEAR
2025-06-30 11:37:18,048 - ATC_GUI - DEBUG - 조류 위험도 로그 레코드 19 파싱 성공: CLEAR
2025-06-30 11:37:18,048 - ATC_GUI - DEBUG - 조류 위험도 로그 레코드 20 파싱 성공: CAUTION
2025-06-30 11:37:18,048 - ATC_GUI - DEBUG - 조류 위험도 로그 레코드 21 파싱 성공: CLEAR
2025-06-30 11:37:18,048 - ATC_GUI - DEBUG - 조류 위험도 로그 레코드 22 파싱 성공: CAUTION
2025-06-30 11:37:18,048 - ATC_GUI - DEBUG - 조류 위험도 로그 레코드 23 파싱 성공: CLEAR
2025-06-30 11:37:18,048 - ATC_GUI - DEBUG - 조류 위험도 로그 레코드 24 파싱 성공: CLEAR
2025-06-30 11:37:18,048 - ATC_GUI - DEBUG - 조류 위험도 로그 레코드 25 파싱 성공: CAUTION
2025-06-30 11:37:18,048 - ATC_GUI - DEBUG - 조류 위험도 로그 레코드 26 파싱 성공: CLEAR
2025-06-30 11:37:18,048 - ATC_GUI - DEBUG - 조류 위험도 로그 레코드 27 파싱 성공: CAUTION
2025-06-30 11:37:18,048 - ATC_GUI - DEBUG - 조류 위험도 로그 레코드 28 파싱 성공: CLEAR
2025-06-30 11:37:18,048 - ATC_GUI - DEBUG - 조류 위험도 로그 레코드 29 파싱 성공: CAUTION
2025-06-30 11:37:18,048 - ATC_GUI - DEBUG - 조류 위험도 로그 레코드 30 파싱 성공: CLEAR
2025-06-30 11:37:18,048 - ATC_GUI - DEBUG - 조류 위험도 로그 레코드 31 파싱 성공: CAUTION
2025-06-30 11:37:18,048 - ATC_GUI - DEBUG - 조류 위험도 로그 레코드 32 파싱 성공: WARNING
2025-06-30 11:37:18,048 - ATC_GUI - DEBUG - 조류 위험도 로그 레코드 33 파싱 성공: CAUTION
2025-06-30 11:37:18,049 - ATC_GUI - DEBUG - 조류 위험도 로그 레코드 34 파싱 성공: CLEAR
2025-06-30 11:37:18,049 - ATC_GUI - DEBUG - 조류 위험도 로그 레코드 35 파싱 성공: CAUTION
2025-06-30 11:37:18,049 - ATC_GUI - DEBUG - 조류 위험도 로그 레코드 36 파싱 성공: CLEAR
2025-06-30 11:37:18,049 - ATC_GUI - DEBUG - 조류 위험도 로그 레코드 37 파싱 성공: CAUTION
2025-06-30 11:37:18,049 - ATC_GUI - DEBUG - 조류 위험도 로그 레코드 38 파싱 성공: CAUTION
2025-06-30 11:37:18,049 - ATC_GUI - DEBUG - 조류 위험도 로그 레코드 39 파싱 성공: CLEAR
2025-06-30 11:37:18,049 - ATC_GUI - DEBUG - 조류 위험도 로그 레코드 40 파싱 성공: CLEAR
2025-06-30 11:37:18,049 - ATC_GUI - DEBUG - 조류 위험도 로그 레코드 41 파싱 성공: CAUTION
2025-06-30 11:37:18,049 - ATC_GUI - DEBUG - 조류 위험도 로그 레코드 42 파싱 성공: CLEAR
2025-06-30 11:37:18,049 - ATC_GUI - DEBUG - 조류 위험도 로그 레코드 43 파싱 성공: CLEAR
2025-06-30 11:37:18,049 - ATC_GUI - DEBUG - 조류 위험도 로그 레코드 44 파싱 성공: CAUTION
2025-06-30 11:37:18,049 - ATC_GUI - DEBUG - 조류 위험도 로그 레코드 45 파싱 성공: CLEAR
2025-06-30 11:37:18,049 - ATC_GUI - DEBUG - 조류 위험도 로그 레코드 46 파싱 성공: CAUTION
2025-06-30 11:37:18,049 - ATC_GUI - DEBUG - 조류 위험도 로그 레코드 47 파싱 성공: CLEAR
2025-06-30 11:37:18,049 - ATC_GUI - DEBUG - 조류 위험도 로그 레코드 48 파싱 성공: CAUTION
2025-06-30 11:37:18,049 - ATC_GUI - DEBUG - 조류 위험도 로그 레코드 49 파싱 성공: CLEAR
2025-06-30 11:37:18,049 - ATC_GUI - DEBUG - 조류 위험도 로그 레코드 50 파싱 성공: CAUTION
2025-06-30 11:37:18,049 - ATC_GUI - DEBUG - 조류 위험도 로그 레코드 51 파싱 성공: CLEAR
2025-06-30 11:37:18,049 - ATC_GUI - DEBUG - 조류 위험도 로그 레코드 52 파싱 성공: CLEAR
2025-06-30 11:37:18,049 - ATC_GUI - DEBUG - 조류 위험도 로그 레코드 53 파싱 성공: WARNING
2025-06-30 11:37:18,049 - ATC_GUI - DEBUG - 조류 위험도 로그 레코드 54 파싱 성공: CAUTION
2025-06-30 11:37:18,049 - ATC_GUI - DEBUG - 조류 위험도 로그 레코드 55 파싱 성공: CLEAR
2025-06-30 11:37:18,049 - ATC_GUI - DEBUG - 조류 위험도 로그 레코드 56 파싱 성공: WARNING
2025-06-30 11:37:18,049 - ATC_GUI - DEBUG - 조류 위험도 로그 레코드 57 파싱 성공: WARNING
2025-06-30 11:37:18,049 - ATC_GUI - DEBUG - 조류 위험도 로그 레코드 58 파싱 성공: CLEAR
2025-06-30 11:37:18,049 - ATC_GUI - DEBUG - 조류 위험도 로그 레코드 59 파싱 성공: CAUTION
2025-06-30 11:37:18,049 - ATC_GUI - DEBUG - 조류 위험도 로그 레코드 60 파싱 성공: CLEAR
2025-06-30 11:37:18,050 - ATC_GUI - DEBUG - 조류 위험도 로그 레코드 61 파싱 성공: CAUTION
2025-06-30 11:37:18,050 - ATC_GUI - DEBUG - 조류 위험도 로그 레코드 62 파싱 성공: WARNING
2025-06-30 11:37:18,050 - ATC_GUI - DEBUG - 조류 위험도 로그 레코드 63 파싱 성공: CAUTION
2025-06-30 11:37:18,050 - ATC_GUI - DEBUG - 조류 위험도 로그 레코드 64 파싱 성공: CLEAR
2025-06-30 11:37:18,050 - ATC_GUI - DEBUG - 조류 위험도 로그 레코드 65 파싱 성공: CLEAR
2025-06-30 11:37:18,050 - ATC_GUI - DEBUG - 조류 위험도 로그 레코드 66 파싱 성공: CAUTION
2025-06-30 11:37:18,050 - ATC_GUI - DEBUG - 조류 위험도 로그 레코드 67 파싱 성공: WARNING
2025-06-30 11:37:18,050 - ATC_GUI - DEBUG - 조류 위험도 로그 레코드 68 파싱 성공: CLEAR
2025-06-30 11:37:18,050 - ATC_GUI - DEBUG - 조류 위험도 로그 레코드 69 파싱 성공: CAUTION
2025-06-30 11:37:18,050 - ATC_GUI - DEBUG - 조류 위험도 로그 레코드 70 파싱 성공: WARNING
2025-06-30 11:37:18,050 - ATC_GUI - DEBUG - 조류 위험도 로그 레코드 71 파싱 성공: CLEAR
2025-06-30 11:37:18,050 - ATC_GUI - DEBUG - 조류 위험도 로그 레코드 72 파싱 성공: CLEAR
2025-06-30 11:37:18,050 - ATC_GUI - DEBUG - 조류 위험도 로그 레코드 73 파싱 성공: CLEAR
2025-06-30 11:37:18,050 - ATC_GUI - DEBUG - 조류 위험도 로그 레코드 74 파싱 성공: CLEAR
2025-06-30 11:37:18,050 - ATC_GUI - DEBUG - 조류 위험도 로그 레코드 75 파싱 성공: CLEAR
2025-06-30 11:37:18,050 - ATC_GUI - DEBUG - 조류 위험도 로그 레코드 76 파싱 성공: CLEAR
2025-06-30 11:37:18,050 - ATC_GUI - DEBUG - 조류 위험도 로그 레코드 77 파싱 성공: CLEAR
2025-06-30 11:37:18,050 - ATC_GUI - DEBUG - 조류 위험도 로그 레코드 78 파싱 성공: CLEAR
2025-06-30 11:37:18,050 - ATC_GUI - DEBUG - 조류 위험도 로그 레코드 79 파싱 성공: CLEAR
2025-06-30 11:37:18,050 - ATC_GUI - DEBUG - 조류 위험도 로그 레코드 80 파싱 성공: CLEAR
2025-06-30 11:37:18,050 - ATC_GUI - DEBUG - 조류 위험도 로그 레코드 81 파싱 성공: CLEAR
2025-06-30 11:37:18,050 - ATC_GUI - DEBUG - 조류 위험도 로그 레코드 82 파싱 성공: CLEAR
2025-06-30 11:37:18,050 - ATC_GUI - DEBUG - 조류 위험도 로그 레코드 83 파싱 성공: CLEAR
2025-06-30 11:37:18,050 - ATC_GUI - DEBUG - 조류 위험도 로그 레코드 84 파싱 성공: CLEAR
2025-06-30 11:37:18,050 - ATC_GUI - DEBUG - 조류 위험도 로그 레코드 85 파싱 성공: CLEAR
2025-06-30 11:37:18,051 - ATC_GUI - DEBUG - 조류 위험도 로그 레코드 86 파싱 성공: CLEAR
2025-06-30 11:37:18,051 - ATC_GUI - DEBUG - 조류 위험도 로그 레코드 87 파싱 성공: CLEAR
2025-06-30 11:37:18,051 - ATC_GUI - DEBUG - 조류 위험도 로그 레코드 88 파싱 성공: CLEAR
2025-06-30 11:37:18,051 - ATC_GUI - DEBUG - 조류 위험도 로그 레코드 89 파싱 성공: CAUTION
2025-06-30 11:37:18,051 - ATC_GUI - DEBUG - 조류 위험도 로그 레코드 90 파싱 성공: CLEAR
2025-06-30 11:37:18,051 - ATC_GUI - DEBUG - 조류 위험도 로그 레코드 91 파싱 성공: CAUTION
2025-06-30 11:37:18,051 - ATC_GUI - DEBUG - 조류 위험도 로그 레코드 92 파싱 성공: CLEAR
2025-06-30 11:37:18,051 - ATC_GUI - DEBUG - 조류 위험도 로그 레코드 93 파싱 성공: CAUTION
2025-06-30 11:37:18,051 - ATC_GUI - DEBUG - 조류 위험도 로그 레코드 94 파싱 성공: WARNING
2025-06-30 11:37:18,051 - ATC_GUI - DEBUG - 조류 위험도 로그 레코드 95 파싱 성공: CLEAR
2025-06-30 11:37:18,051 - ATC_GUI - DEBUG - 조류 위험도 로그 레코드 96 파싱 성공: CAUTION
2025-06-30 11:37:18,051 - ATC_GUI - DEBUG - 조류 위험도 로그 레코드 97 파싱 성공: WARNING
2025-06-30 11:37:18,051 - ATC_GUI - DEBUG - 조류 위험도 로그 레코드 98 파싱 성공: CLEAR
2025-06-30 11:37:18,051 - ATC_GUI - DEBUG - 조류 위험도 로그 레코드 99 파싱 성공: CAUTION
2025-06-30 11:37:18,051 - ATC_GUI - DEBUG - 조류 위험도 로그 레코드 100 파싱 성공: CLEAR
2025-06-30 11:37:18,051 - ATC_GUI - DEBUG - 조류 위험도 로그 레코드 101 파싱 성공: CAUTION
2025-06-30 11:37:18,051 - ATC_GUI - DEBUG - 조류 위험도 로그 레코드 102 파싱 성공: CLEAR
2025-06-30 11:37:18,051 - ATC_GUI - DEBUG - 조류 위험도 로그 레코드 103 파싱 성공: CLEAR
2025-06-30 11:37:18,051 - ATC_GUI - DEBUG - 조류 위험도 로그 레코드 104 파싱 성공: CLEAR
2025-06-30 11:37:18,051 - ATC_GUI - DEBUG - 조류 위험도 로그 레코드 105 파싱 성공: CLEAR
2025-06-30 11:37:18,051 - ATC_GUI - DEBUG - 조류 위험도 로그 레코드 106 파싱 성공: CLEAR
2025-06-30 11:37:18,051 - ATC_GUI - DEBUG - 조류 위험도 로그 레코드 107 파싱 성공: CAUTION
2025-06-30 11:37:18,051 - ATC_GUI - DEBUG - 조류 위험도 로그 레코드 108 파싱 성공: WARNING
2025-06-30 11:37:18,051 - ATC_GUI - DEBUG - 조류 위험도 로그 레코드 109 파싱 성공: CLEAR
2025-06-30 11:37:18,051 - ATC_GUI - DEBUG - 조류 위험도 로그 레코드 110 파싱 성공: CAUTION
2025-06-30 11:37:18,051 - ATC_GUI - DEBUG - 조류 위험도 로그 레코드 111 파싱 성공: CLEAR
2025-06-30 11:37:18,051 - ATC_GUI - DEBUG - 조류 위험도 로그 레코드 112 파싱 성공: CAUTION
2025-06-30 11:37:18,052 - ATC_GUI - DEBUG - 조류 위험도 로그 레코드 113 파싱 성공: WARNING
2025-06-30 11:37:18,052 - ATC_GUI - DEBUG - 조류 위험도 로그 레코드 114 파싱 성공: CLEAR
2025-06-30 11:37:18,052 - ATC_GUI - DEBUG - 조류 위험도 로그 레코드 115 파싱 성공: WARNING
2025-06-30 11:37:18,052 - ATC_GUI - DEBUG - 조류 위험도 로그 레코드 116 파싱 성공: CAUTION
2025-06-30 11:37:18,052 - ATC_GUI - DEBUG - 조류 위험도 로그 레코드 117 파싱 성공: CLEAR
2025-06-30 11:37:18,052 - ATC_GUI - DEBUG - 조류 위험도 로그 레코드 118 파싱 성공: WARNING
2025-06-30 11:37:18,052 - ATC_GUI - DEBUG - 조류 위험도 로그 레코드 119 파싱 성공: CLEAR
2025-06-30 11:37:18,052 - ATC_GUI - DEBUG - 조류 위험도 로그 레코드 120 파싱 성공: CLEAR
2025-06-30 11:37:18,052 - ATC_GUI - DEBUG - 조류 위험도 로그 레코드 121 파싱 성공: CLEAR
2025-06-30 11:37:18,052 - ATC_GUI - DEBUG - 조류 위험도 로그 레코드 122 파싱 성공: CLEAR
2025-06-30 11:37:18,052 - ATC_GUI - DEBUG - 조류 위험도 로그 레코드 123 파싱 성공: CLEAR
2025-06-30 11:37:18,052 - ATC_GUI - DEBUG - 조류 위험도 로그 레코드 124 파싱 성공: CLEAR
2025-06-30 11:37:18,052 - ATC_GUI - DEBUG - 조류 위험도 로그 레코드 125 파싱 성공: WARNING
2025-06-30 11:37:18,052 - ATC_GUI - DEBUG - 조류 위험도 로그 레코드 126 파싱 성공: CAUTION
2025-06-30 11:37:18,052 - ATC_GUI - DEBUG - 조류 위험도 로그 레코드 127 파싱 성공: CLEAR
2025-06-30 11:37:18,052 - ATC_GUI - DEBUG - 조류 위험도 로그 레코드 128 파싱 성공: WARNING
2025-06-30 11:37:18,052 - ATC_GUI - DEBUG - 조류 위험도 로그 레코드 129 파싱 성공: CLEAR
2025-06-30 11:37:18,052 - ATC_GUI - DEBUG - 조류 위험도 로그 레코드 130 파싱 성공: CLEAR
2025-06-30 11:37:18,052 - ATC_GUI - DEBUG - 조류 위험도 로그 레코드 131 파싱 성공: CAUTION
2025-06-30 11:37:18,052 - ATC_GUI - DEBUG - 조류 위험도 로그 레코드 132 파싱 성공: WARNING
2025-06-30 11:37:18,052 - ATC_GUI - DEBUG - 조류 위험도 로그 레코드 133 파싱 성공: CAUTION
2025-06-30 11:37:18,052 - ATC_GUI - DEBUG - 조류 위험도 로그 레코드 134 파싱 성공: CLEAR
2025-06-30 11:37:18,052 - ATC_GUI - DEBUG - 조류 위험도 로그 레코드 135 파싱 성공: CAUTION
2025-06-30 11:37:18,052 - ATC_GUI - DEBUG - 조류 위험도 로그 레코드 136 파싱 성공: CLEAR
2025-06-30 11:37:18,052 - ATC_GUI - DEBUG - 조류 위험도 로그 레코드 137 파싱 성공: CLEAR
2025-06-30 11:37:18,053 - ATC_GUI - DEBUG - 조류 위험도 로그 레코드 138 파싱 성공: CLEAR
2025-06-30 11:37:18,053 - ATC_GUI - DEBUG - 조류 위험도 로그 레코드 139 파싱 성공: CAUTION
2025-06-30 11:37:18,053 - ATC_GUI - DEBUG - 조류 위험도 로그 레코드 140 파싱 성공: WARNING
2025-06-30 11:37:18,053 - ATC_GUI - DEBUG - 조류 위험도 로그 레코드 141 파싱 성공: CAUTION
2025-06-30 11:37:18,053 - ATC_GUI - DEBUG - 조류 위험도 로그 레코드 142 파싱 성공: CLEAR
2025-06-30 11:37:18,053 - ATC_GUI - DEBUG - 조류 위험도 로그 레코드 143 파싱 성공: CAUTION
2025-06-30 11:37:18,053 - ATC_GUI - DEBUG - 조류 위험도 로그 레코드 144 파싱 성공: CLEAR
2025-06-30 11:37:18,053 - ATC_GUI - DEBUG - 조류 위험도 로그 레코드 145 파싱 성공: CAUTION
2025-06-30 11:37:18,053 - ATC_GUI - DEBUG - 조류 위험도 로그 레코드 146 파싱 성공: CLEAR
2025-06-30 11:37:18,053 - ATC_GUI - DEBUG - 조류 위험도 로그 레코드 147 파싱 성공: CAUTION
2025-06-30 11:37:18,053 - ATC_GUI - DEBUG - 조류 위험도 로그 레코드 148 파싱 성공: WARNING
2025-06-30 11:37:18,053 - ATC_GUI - DEBUG - 조류 위험도 로그 레코드 149 파싱 성공: CAUTION
2025-06-30 11:37:18,053 - ATC_GUI - DEBUG - 조류 위험도 로그 레코드 150 파싱 성공: WARNING
2025-06-30 11:37:18,053 - ATC_GUI - DEBUG - 조류 위험도 로그 레코드 151 파싱 성공: CAUTION
2025-06-30 11:37:18,053 - ATC_GUI - DEBUG - 조류 위험도 로그 레코드 152 파싱 성공: CLEAR
2025-06-30 11:37:18,053 - ATC_GUI - DEBUG - 조류 위험도 로그 레코드 153 파싱 성공: CLEAR
2025-06-30 11:37:18,053 - ATC_GUI - DEBUG - 조류 위험도 로그 레코드 154 파싱 성공: CAUTION
2025-06-30 11:37:18,053 - ATC_GUI - DEBUG - 조류 위험도 로그 레코드 155 파싱 성공: CAUTION
2025-06-30 11:37:18,053 - ATC_GUI - DEBUG - 조류 위험도 로그 레코드 156 파싱 성공: WARNING
2025-06-30 11:37:18,053 - ATC_GUI - DEBUG - 조류 위험도 로그 레코드 157 파싱 성공: CAUTION
2025-06-30 11:37:18,053 - ATC_GUI - DEBUG - 조류 위험도 로그 레코드 158 파싱 성공: CLEAR
2025-06-30 11:37:18,053 - ATC_GUI - DEBUG - 조류 위험도 로그 레코드 159 파싱 성공: CAUTION
2025-06-30 11:37:18,053 - ATC_GUI - DEBUG - 조류 위험도 로그 레코드 160 파싱 성공: CLEAR
2025-06-30 11:37:18,053 - ATC_GUI - DEBUG - 조류 위험도 로그 레코드 161 파싱 성공: CAUTION
2025-06-30 11:37:18,053 - ATC_GUI - DEBUG - 조류 위험도 로그 레코드 162 파싱 성공: WARNING
2025-06-30 11:37:18,053 - ATC_GUI - DEBUG - 조류 위험도 로그 레코드 163 파싱 성공: CAUTION
2025-06-30 11:37:18,054 - ATC_GUI - DEBUG - 조류 위험도 로그 레코드 164 파싱 성공: CLEAR
2025-06-30 11:37:18,054 - ATC_GUI - DEBUG - 조류 위험도 로그 레코드 165 파싱 성공: CLEAR
2025-06-30 11:37:18,054 - ATC_GUI - DEBUG - 조류 위험도 로그 레코드 166 파싱 성공: WARNING
2025-06-30 11:37:18,054 - ATC_GUI - DEBUG - 조류 위험도 로그 레코드 167 파싱 성공: CAUTION
2025-06-30 11:37:18,054 - ATC_GUI - DEBUG - 조류 위험도 로그 레코드 168 파싱 성공: CLEAR
2025-06-30 11:37:18,054 - ATC_GUI - DEBUG - 조류 위험도 로그 레코드 169 파싱 성공: WARNING
2025-06-30 11:37:18,054 - ATC_GUI - DEBUG - 조류 위험도 로그 레코드 170 파싱 성공: WARNING
2025-06-30 11:37:18,054 - ATC_GUI - DEBUG - 조류 위험도 로그 레코드 171 파싱 성공: CAUTION
2025-06-30 11:37:18,054 - ATC_GUI - DEBUG - 조류 위험도 로그 레코드 172 파싱 성공: CLEAR
2025-06-30 11:37:18,054 - ATC_GUI - DEBUG - 조류 위험도 로그 레코드 173 파싱 성공: CLEAR
2025-06-30 11:37:18,054 - ATC_GUI - DEBUG - 조류 위험도 로그 레코드 174 파싱 성공: CAUTION
2025-06-30 11:37:18,054 - ATC_GUI - DEBUG - 조류 위험도 로그 레코드 175 파싱 성공: CLEAR
2025-06-30 11:37:18,054 - ATC_GUI - DEBUG - 조류 위험도 로그 레코드 176 파싱 성공: CAUTION
2025-06-30 11:37:18,054 - ATC_GUI - DEBUG - 조류 위험도 로그 레코드 177 파싱 성공: WARNING
2025-06-30 11:37:18,054 - ATC_GUI - DEBUG - 조류 위험도 로그 레코드 178 파싱 성공: CAUTION
2025-06-30 11:37:18,054 - ATC_GUI - DEBUG - 조류 위험도 로그 레코드 179 파싱 성공: CLEAR
2025-06-30 11:37:18,054 - ATC_GUI - DEBUG - 조류 위험도 로그 레코드 180 파싱 성공: CLEAR
2025-06-30 11:37:18,054 - ATC_GUI - DEBUG - 조류 위험도 로그 레코드 181 파싱 성공: CAUTION
2025-06-30 11:37:18,054 - ATC_GUI - DEBUG - 조류 위험도 로그 레코드 182 파싱 성공: CLEAR
2025-06-30 11:37:18,054 - ATC_GUI - DEBUG - 조류 위험도 로그 레코드 183 파싱 성공: CLEAR
2025-06-30 11:37:18,054 - ATC_GUI - DEBUG - 조류 위험도 로그 레코드 184 파싱 성공: CAUTION
2025-06-30 11:37:18,054 - ATC_GUI - DEBUG - 조류 위험도 로그 레코드 185 파싱 성공: WARNING
2025-06-30 11:37:18,054 - ATC_GUI - DEBUG - 조류 위험도 로그 레코드 186 파싱 성공: CAUTION
2025-06-30 11:37:18,054 - ATC_GUI - DEBUG - 조류 위험도 로그 레코드 187 파싱 성공: WARNING
2025-06-30 11:37:18,054 - ATC_GUI - DEBUG - 조류 위험도 로그 레코드 188 파싱 성공: CLEAR
2025-06-30 11:37:18,054 - ATC_GUI - DEBUG - 조류 위험도 로그 레코드 189 파싱 성공: CLEAR
2025-06-30 11:37:18,054 - ATC_GUI - DEBUG - 조류 위험도 로그 레코드 190 파싱 성공: CLEAR
2025-06-30 11:37:18,054 - ATC_GUI - DEBUG - 조류 위험도 로그 레코드 191 파싱 성공: WARNING
2025-06-30 11:37:18,055 - ATC_GUI - DEBUG - 조류 위험도 로그 레코드 192 파싱 성공: CLEAR
2025-06-30 11:37:18,055 - ATC_GUI - DEBUG - 조류 위험도 로그 레코드 193 파싱 성공: CAUTION
2025-06-30 11:37:18,055 - ATC_GUI - DEBUG - 조류 위험도 로그 레코드 194 파싱 성공: CAUTION
2025-06-30 11:37:18,055 - ATC_GUI - DEBUG - 조류 위험도 로그 레코드 195 파싱 성공: CLEAR
2025-06-30 11:37:18,055 - ATC_GUI - DEBUG - 조류 위험도 로그 레코드 196 파싱 성공: CLEAR
2025-06-30 11:37:18,055 - ATC_GUI - DEBUG - 조류 위험도 로그 레코드 197 파싱 성공: CLEAR
2025-06-30 11:37:18,055 - ATC_GUI - DEBUG - 조류 위험도 로그 레코드 198 파싱 성공: CAUTION
2025-06-30 11:37:18,055 - ATC_GUI - DEBUG - 조류 위험도 로그 레코드 199 파싱 성공: CLEAR
2025-06-30 11:37:18,055 - ATC_GUI - DEBUG - 조류 위험도 로그 레코드 200 파싱 성공: CAUTION
2025-06-30 11:37:18,055 - ATC_GUI - DEBUG - 조류 위험도 로그 레코드 201 파싱 성공: CLEAR
2025-06-30 11:37:18,055 - ATC_GUI - DEBUG - 조류 위험도 로그 레코드 202 파싱 성공: CAUTION
2025-06-30 11:37:18,055 - ATC_GUI - DEBUG - 조류 위험도 로그 레코드 203 파싱 성공: CLEAR
2025-06-30 11:37:18,055 - ATC_GUI - DEBUG - 조류 위험도 로그 레코드 204 파싱 성공: CLEAR
2025-06-30 11:37:18,055 - ATC_GUI - DEBUG - 조류 위험도 로그 레코드 205 파싱 성공: CAUTION
2025-06-30 11:37:18,055 - ATC_GUI - DEBUG - 조류 위험도 로그 레코드 206 파싱 성공: CLEAR
2025-06-30 11:37:18,055 - ATC_GUI - DEBUG - 조류 위험도 로그 레코드 207 파싱 성공: CAUTION
2025-06-30 11:37:18,055 - ATC_GUI - DEBUG - 조류 위험도 로그 레코드 208 파싱 성공: CLEAR
2025-06-30 11:37:18,055 - ATC_GUI - DEBUG - 조류 위험도 로그 레코드 209 파싱 성공: CAUTION
2025-06-30 11:37:18,055 - ATC_GUI - DEBUG - 조류 위험도 로그 레코드 210 파싱 성공: CLEAR
2025-06-30 11:37:18,055 - ATC_GUI - DEBUG - 조류 위험도 로그 레코드 211 파싱 성공: CAUTION
2025-06-30 11:37:18,055 - ATC_GUI - DEBUG - 조류 위험도 로그 레코드 212 파싱 성공: CLEAR
2025-06-30 11:37:18,055 - ATC_GUI - DEBUG - 조류 위험도 로그 레코드 213 파싱 성공: WARNING
2025-06-30 11:37:18,055 - ATC_GUI - DEBUG - 조류 위험도 로그 레코드 214 파싱 성공: CLEAR
2025-06-30 11:37:18,055 - ATC_GUI - DEBUG - 조류 위험도 로그 레코드 215 파싱 성공: WARNING
2025-06-30 11:37:18,055 - ATC_GUI - DEBUG - 조류 위험도 로그 레코드 216 파싱 성공: CAUTION
2025-06-30 11:37:18,056 - ATC_GUI - DEBUG - 조류 위험도 로그 레코드 217 파싱 성공: CLEAR
2025-06-30 11:37:18,056 - ATC_GUI - DEBUG - 조류 위험도 로그 레코드 218 파싱 성공: CAUTION
2025-06-30 11:37:18,056 - ATC_GUI - DEBUG - 조류 위험도 로그 레코드 219 파싱 성공: CLEAR
2025-06-30 11:37:18,056 - ATC_GUI - DEBUG - 조류 위험도 로그 레코드 220 파싱 성공: CAUTION
2025-06-30 11:37:18,056 - ATC_GUI - DEBUG - 조류 위험도 로그 레코드 221 파싱 성공: CLEAR
2025-06-30 11:37:18,056 - ATC_GUI - DEBUG - 조류 위험도 로그 레코드 222 파싱 성공: CLEAR
2025-06-30 11:37:18,056 - ATC_GUI - DEBUG - 조류 위험도 로그 레코드 223 파싱 성공: CAUTION
2025-06-30 11:37:18,056 - ATC_GUI - DEBUG - 조류 위험도 로그 레코드 224 파싱 성공: CLEAR
2025-06-30 11:37:18,056 - ATC_GUI - DEBUG - 조류 위험도 로그 레코드 225 파싱 성공: CAUTION
2025-06-30 11:37:18,056 - ATC_GUI - DEBUG - 조류 위험도 로그 레코드 226 파싱 성공: CLEAR
2025-06-30 11:37:18,056 - ATC_GUI - DEBUG - 조류 위험도 로그 레코드 227 파싱 성공: CAUTION
2025-06-30 11:37:18,056 - ATC_GUI - DEBUG - 조류 위험도 로그 레코드 228 파싱 성공: CAUTION
2025-06-30 11:37:18,056 - ATC_GUI - DEBUG - 조류 위험도 로그 레코드 229 파싱 성공: CLEAR
2025-06-30 11:37:18,056 - ATC_GUI - DEBUG - 조류 위험도 로그 레코드 230 파싱 성공: CLEAR
2025-06-30 11:37:18,056 - ATC_GUI - DEBUG - 조류 위험도 로그 레코드 231 파싱 성공: CAUTION
2025-06-30 11:37:18,056 - ATC_GUI - DEBUG - 조류 위험도 로그 레코드 232 파싱 성공: CLEAR
2025-06-30 11:37:18,056 - ATC_GUI - DEBUG - 조류 위험도 로그 레코드 233 파싱 성공: CAUTION
2025-06-30 11:37:18,056 - ATC_GUI - DEBUG - 조류 위험도 로그 레코드 234 파싱 성공: CLEAR
2025-06-30 11:37:18,056 - ATC_GUI - DEBUG - 조류 위험도 로그 레코드 235 파싱 성공: CLEAR
2025-06-30 11:37:18,056 - ATC_GUI - DEBUG - 조류 위험도 로그 레코드 236 파싱 성공: CAUTION
2025-06-30 11:37:18,056 - ATC_GUI - DEBUG - 조류 위험도 로그 레코드 237 파싱 성공: CAUTION
2025-06-30 11:37:18,056 - ATC_GUI - DEBUG - 조류 위험도 로그 레코드 238 파싱 성공: CLEAR
2025-06-30 11:37:18,056 - ATC_GUI - DEBUG - 조류 위험도 로그 레코드 239 파싱 성공: CLEAR
2025-06-30 11:37:18,056 - ATC_GUI - DEBUG - 조류 위험도 로그 레코드 240 파싱 성공: WARNING
2025-06-30 11:37:18,056 - ATC_GUI - DEBUG - 조류 위험도 로그 레코드 241 파싱 성공: CLEAR
2025-06-30 11:37:18,056 - ATC_GUI - DEBUG - 조류 위험도 로그 레코드 242 파싱 성공: CAUTION
2025-06-30 11:37:18,057 - ATC_GUI - DEBUG - 조류 위험도 로그 레코드 243 파싱 성공: CLEAR
2025-06-30 11:37:18,057 - ATC_GUI - DEBUG - 조류 위험도 로그 레코드 244 파싱 성공: CLEAR
2025-06-30 11:37:18,057 - ATC_GUI - DEBUG - 조류 위험도 로그 레코드 245 파싱 성공: CLEAR
2025-06-30 11:37:18,057 - ATC_GUI - DEBUG - 조류 위험도 로그 레코드 246 파싱 성공: CLEAR
2025-06-30 11:37:18,057 - ATC_GUI - DEBUG - 조류 위험도 로그 레코드 247 파싱 성공: CAUTION
2025-06-30 11:37:18,057 - ATC_GUI - DEBUG - 조류 위험도 로그 레코드 248 파싱 성공: CAUTION
2025-06-30 11:37:18,057 - ATC_GUI - DEBUG - 조류 위험도 로그 레코드 249 파싱 성공: CLEAR
2025-06-30 11:37:18,057 - ATC_GUI - DEBUG - 조류 위험도 로그 레코드 250 파싱 성공: CLEAR
2025-06-30 11:37:18,057 - ATC_GUI - DEBUG - 조류 위험도 로그 레코드 251 파싱 성공: CLEAR
2025-06-30 11:37:18,057 - ATC_GUI - DEBUG - 조류 위험도 로그 레코드 252 파싱 성공: CLEAR
2025-06-30 11:37:18,057 - ATC_GUI - DEBUG - 조류 위험도 로그 레코드 253 파싱 성공: CLEAR
2025-06-30 11:37:18,057 - ATC_GUI - DEBUG - 조류 위험도 로그 레코드 254 파싱 성공: CAUTION
2025-06-30 11:37:18,057 - ATC_GUI - DEBUG - 조류 위험도 로그 레코드 255 파싱 성공: WARNING
2025-06-30 11:37:18,057 - ATC_GUI - DEBUG - 조류 위험도 로그 레코드 256 파싱 성공: CAUTION
2025-06-30 11:37:18,057 - ATC_GUI - DEBUG - 조류 위험도 로그 레코드 257 파싱 성공: CLEAR
2025-06-30 11:37:18,057 - ATC_GUI - DEBUG - 조류 위험도 로그 레코드 258 파싱 성공: CAUTION
2025-06-30 11:37:18,057 - ATC_GUI - DEBUG - 조류 위험도 로그 레코드 259 파싱 성공: WARNING
2025-06-30 11:37:18,057 - ATC_GUI - DEBUG - 조류 위험도 로그 레코드 260 파싱 성공: WARNING
2025-06-30 11:37:18,057 - ATC_GUI - DEBUG - 조류 위험도 로그 레코드 261 파싱 성공: CLEAR
2025-06-30 11:37:18,057 - ATC_GUI - DEBUG - 조류 위험도 로그 레코드 262 파싱 성공: CAUTION
2025-06-30 11:37:18,057 - ATC_GUI - DEBUG - 조류 위험도 로그 레코드 263 파싱 성공: CLEAR
2025-06-30 11:37:18,057 - ATC_GUI - DEBUG - 조류 위험도 로그 레코드 264 파싱 성공: CLEAR
2025-06-30 11:37:18,057 - ATC_GUI - DEBUG - 조류 위험도 로그 레코드 265 파싱 성공: CLEAR
2025-06-30 11:37:18,058 - ATC_GUI - DEBUG - 조류 위험도 로그 레코드 266 파싱 성공: WARNING
2025-06-30 11:37:18,058 - ATC_GUI - INFO - 조류 위험도 로그 파싱 완료: 성공 266개/266개
2025-06-30 11:37:18,058 - ATC_GUI - INFO - 조류 위험도 로그 데이터 수신: 266건
2025-06-30 11:37:18,061 - ATC_GUI - INFO - 조류 위험도 로그 테이블 업데이트 완료: 성공 266개/266개
2025-06-30 11:37:18,062 - ATC_GUI - INFO - 조류 위험도 로그 응답 처리 완료: 266건
2025-06-30 11:37:22,136 - ATC_GUI - INFO - 로그 타입 변경: 조종사 요청 응답 이력, 페이지 인덱스: 2
2025-06-30 11:37:23,189 - ATC_GUI - INFO - 로그 검색 요청: 조종사 요청 응답 이력, 기간: 2025-05-31 ~ 2025-06-30
2025-06-30 11:37:23,189 - ATC_GUI - INFO - 조종사 요청 응답 이력 조회 요청 전송: LC_RL:2025-05-31,2025-06-30
2025-06-30 11:37:23,211 - ATC_GUI - DEBUG - raw_data: b'LR_RL:OK,4,6,2025-06-24T21:30:37Z,2025-06-24T21:30:37Z;2,5,2025-06-24T21:30:00Z,2025-06-24T21:30:00Z'...
2025-06-30 11:37:23,211 - ATC_GUI - DEBUG - LR_RL 응답 수신: OK,4,6,2025-06-24T21:30:37Z,2025-06-24T21:30:37Z;2,5,2025-06-24T21:30:00Z,2025-06-24T21:30:00Z;4,9,2025-06-24T21:28:44Z,2025-06-24T21:28:44Z;4,9,2025-06-24T21:28:23Z,2025-06-24T21:28:23Z;1,3,2025-06-2...
2025-06-30 11:37:23,211 - ATC_GUI - DEBUG - LR_RL 전체 응답: OK,4,6,2025-06-24T21:30:37Z,2025-06-24T21:30:37Z;2,5,2025-06-24T21:30:00Z,2025-06-24T21:30:00Z;4,9,2025-06-24T21:28:44Z,2025-06-24T21:28:44Z;4,9,2025-06-24T21:28:23Z,2025-06-24T21:28:23Z;1,3,2025-06-24T20:48:15Z,2025-06-24T20:48:15Z;2,5,2025-06-24T20:47:55Z,2025-06-24T20:47:55Z;4,8,2025-06-24T20:47:43Z,2025-06-24T20:47:43Z;4,8,2025-06-24T20:47:28Z,2025-06-24T20:47:28Z;1,3,2025-06-24T20:44:13Z,2025-06-24T20:44:13Z;2,4,2025-06-24T20:43:58Z,2025-06-24T20:43:58Z;4,6,2025-06-24T20:39:14Z,2025-06-24T20:39:14Z;4,6,2025-06-24T20:38:57Z,2025-06-24T20:38:57Z;1,3,2025-06-24T20:38:00Z,2025-06-24T20:38:00Z;1,3,2025-06-24T15:51:26Z,2025-06-24T15:51:26Z;2,5,2025-06-24T15:51:12Z,2025-06-24T15:51:12Z;4,9,2025-06-24T15:51:02Z,2025-06-24T15:51:02Z;2,5,2025-06-24T15:50:55Z,2025-06-24T15:50:55Z;1,2,2025-06-24T15:50:40Z,2025-06-24T15:50:40Z;4,8,2025-06-24T15:50:24Z,2025-06-24T15:50:24Z;3,5,2025-06-24T15:50:06Z,2025-06-24T15:50:06Z;2,5,2025-06-24T15:49:57Z,2025-06-24T15:49:57Z;3,4,2025-06-24T15:49:44Z,2025-06-24T15:49:44Z;4,9,2025-06-24T15:49:35Z,2025-06-24T15:49:35Z;2,5,2025-06-24T15:49:29Z,2025-06-24T15:49:29Z;4,6,2025-06-24T15:49:16Z,2025-06-24T15:49:16Z;1,3,2025-06-24T15:49:09Z,2025-06-24T15:49:09Z;3,5,2025-06-24T15:48:50Z,2025-06-24T15:48:50Z;4,8,2025-06-24T15:48:36Z,2025-06-24T15:48:36Z;3,5,2025-06-24T15:47:35Z,2025-06-24T15:47:35Z;1,3,2025-06-24T15:47:30Z,2025-06-24T15:47:30Z;2,5,2025-06-24T15:47:15Z,2025-06-24T15:47:15Z;2,5,2025-06-24T15:46:56Z,2025-06-24T15:46:56Z;1,3,2025-06-24T15:46:42Z,2025-06-24T15:46:42Z;2,5,2025-06-24T15:46:28Z,2025-06-24T15:46:28Z;1,3,2025-06-24T15:46:18Z,2025-06-24T15:46:18Z;1,3,2025-06-24T15:46:09Z,2025-06-24T15:46:09Z;1,3,2025-06-24T15:46:03Z,2025-06-24T15:46:03Z;1,3,2025-06-24T15:45:56Z,2025-06-24T15:45:56Z;4,9,2025-06-24T15:45:38Z,2025-06-24T15:45:38Z;3,5,2025-06-24T15:45:27Z,2025-06-24T15:45:27Z;1,3,2025-06-24T15:45:07Z,2025-06-24T15:45:07Z;1,3,2025-06-24T15:44:47Z,2025-06-24T15:44:47Z;3,5,2025-06-24T15:44:33Z,2025-06-24T15:44:33Z;3,5,2025-06-24T15:44:14Z,2025-06-24T15:44:14Z;4,9,2025-06-24T15:44:04Z,2025-06-24T15:44:04Z;3,5,2025-06-24T15:43:47Z,2025-06-24T15:43:47Z;4,9,2025-06-24T15:43:34Z,2025-06-24T15:43:34Z;3,5,2025-06-24T15:43:20Z,2025-06-24T15:43:20Z;2,5,2025-06-24T15:43:07Z,2025-06-24T15:43:07Z;4,9,2025-06-24T15:42:54Z,2025-06-24T15:42:54Z;2,5,2025-06-24T15:42:49Z,2025-06-24T15:42:49Z;3,5,2025-06-24T15:42:33Z,2025-06-24T15:42:33Z;2,5,2025-06-24T15:42:24Z,2025-06-24T15:42:24Z;4,7,2025-06-24T15:42:17Z,2025-06-24T15:42:17Z;2,5,2025-06-24T15:42:00Z,2025-06-24T15:42:00Z;1,3,2025-06-24T15:41:48Z,2025-06-24T15:41:48Z;4,9,2025-06-24T15:41:30Z,2025-06-24T15:41:30Z;3,5,2025-06-24T15:41:15Z,2025-06-24T15:41:15Z;1,3,2025-06-24T15:41:05Z,2025-06-24T15:41:05Z;4,9,2025-06-24T15:40:50Z,2025-06-24T15:40:50Z;2,5,2025-06-24T15:40:35Z,2025-06-24T15:40:35Z;1,3,2025-06-24T15:40:22Z,2025-06-24T15:40:22Z;3,5,2025-06-24T15:40:16Z,2025-06-24T15:40:16Z;1,3,2025-06-24T15:40:11Z,2025-06-24T15:40:11Z;4,9,2025-06-24T15:39:54Z,2025-06-24T15:39:54Z;2,5,2025-06-24T15:39:47Z,2025-06-24T15:39:47Z;2,5,2025-06-24T15:39:34Z,2025-06-24T15:39:34Z;2,5,2025-06-24T15:39:28Z,2025-06-24T15:39:28Z;4,6,2025-06-24T15:39:17Z,2025-06-24T15:39:17Z;1,2,2025-06-24T15:39:09Z,2025-06-24T15:39:09Z
2025-06-30 11:37:23,211 - ATC_GUI - INFO - 파일럿 로그 파싱: 70개 레코드
2025-06-30 11:37:23,211 - ATC_GUI - DEBUG - 파일럿 로그 레코드 1 파싱 성공: RWY_AVAIL_IN -> ALL
2025-06-30 11:37:23,211 - ATC_GUI - DEBUG - 파일럿 로그 레코드 2 파싱 성공: RWY_A_STATUS -> BLOCKED
2025-06-30 11:37:23,212 - ATC_GUI - DEBUG - 파일럿 로그 레코드 3 파싱 성공: RWY_AVAIL_IN -> NONE
2025-06-30 11:37:23,212 - ATC_GUI - DEBUG - 파일럿 로그 레코드 4 파싱 성공: RWY_AVAIL_IN -> NONE
2025-06-30 11:37:23,212 - ATC_GUI - DEBUG - 파일럿 로그 레코드 5 파싱 성공: BR_INQ -> BR_LOW
2025-06-30 11:37:23,212 - ATC_GUI - DEBUG - 파일럿 로그 레코드 6 파싱 성공: RWY_A_STATUS -> BLOCKED
2025-06-30 11:37:23,212 - ATC_GUI - DEBUG - 파일럿 로그 레코드 7 파싱 성공: RWY_AVAIL_IN -> B_ONLY
2025-06-30 11:37:23,212 - ATC_GUI - DEBUG - 파일럿 로그 레코드 8 파싱 성공: RWY_AVAIL_IN -> B_ONLY
2025-06-30 11:37:23,212 - ATC_GUI - DEBUG - 파일럿 로그 레코드 9 파싱 성공: BR_INQ -> BR_LOW
2025-06-30 11:37:23,212 - ATC_GUI - DEBUG - 파일럿 로그 레코드 10 파싱 성공: RWY_A_STATUS -> CLEAR
2025-06-30 11:37:23,212 - ATC_GUI - DEBUG - 파일럿 로그 레코드 11 파싱 성공: RWY_AVAIL_IN -> ALL
2025-06-30 11:37:23,212 - ATC_GUI - DEBUG - 파일럿 로그 레코드 12 파싱 성공: RWY_AVAIL_IN -> ALL
2025-06-30 11:37:23,212 - ATC_GUI - DEBUG - 파일럿 로그 레코드 13 파싱 성공: BR_INQ -> BR_LOW
2025-06-30 11:37:23,212 - ATC_GUI - DEBUG - 파일럿 로그 레코드 14 파싱 성공: BR_INQ -> BR_LOW
2025-06-30 11:37:23,212 - ATC_GUI - DEBUG - 파일럿 로그 레코드 15 파싱 성공: RWY_A_STATUS -> BLOCKED
2025-06-30 11:37:23,212 - ATC_GUI - DEBUG - 파일럿 로그 레코드 16 파싱 성공: RWY_AVAIL_IN -> NONE
2025-06-30 11:37:23,212 - ATC_GUI - DEBUG - 파일럿 로그 레코드 17 파싱 성공: RWY_A_STATUS -> BLOCKED
2025-06-30 11:37:23,212 - ATC_GUI - DEBUG - 파일럿 로그 레코드 18 파싱 성공: BR_INQ -> BR_MEDIUM
2025-06-30 11:37:23,212 - ATC_GUI - DEBUG - 파일럿 로그 레코드 19 파싱 성공: RWY_AVAIL_IN -> B_ONLY
2025-06-30 11:37:23,212 - ATC_GUI - DEBUG - 파일럿 로그 레코드 20 파싱 성공: RWY_B_STATUS -> BLOCKED
2025-06-30 11:37:23,212 - ATC_GUI - DEBUG - 파일럿 로그 레코드 21 파싱 성공: RWY_A_STATUS -> BLOCKED
2025-06-30 11:37:23,212 - ATC_GUI - DEBUG - 파일럿 로그 레코드 22 파싱 성공: RWY_B_STATUS -> CLEAR
2025-06-30 11:37:23,212 - ATC_GUI - DEBUG - 파일럿 로그 레코드 23 파싱 성공: RWY_AVAIL_IN -> NONE
2025-06-30 11:37:23,212 - ATC_GUI - DEBUG - 파일럿 로그 레코드 24 파싱 성공: RWY_A_STATUS -> BLOCKED
2025-06-30 11:37:23,212 - ATC_GUI - DEBUG - 파일럿 로그 레코드 25 파싱 성공: RWY_AVAIL_IN -> ALL
2025-06-30 11:37:23,213 - ATC_GUI - DEBUG - 파일럿 로그 레코드 26 파싱 성공: BR_INQ -> BR_LOW
2025-06-30 11:37:23,213 - ATC_GUI - DEBUG - 파일럿 로그 레코드 27 파싱 성공: RWY_B_STATUS -> BLOCKED
2025-06-30 11:37:23,213 - ATC_GUI - DEBUG - 파일럿 로그 레코드 28 파싱 성공: RWY_AVAIL_IN -> B_ONLY
2025-06-30 11:37:23,213 - ATC_GUI - DEBUG - 파일럿 로그 레코드 29 파싱 성공: RWY_B_STATUS -> BLOCKED
2025-06-30 11:37:23,213 - ATC_GUI - DEBUG - 파일럿 로그 레코드 30 파싱 성공: BR_INQ -> BR_LOW
2025-06-30 11:37:23,213 - ATC_GUI - DEBUG - 파일럿 로그 레코드 31 파싱 성공: RWY_A_STATUS -> BLOCKED
2025-06-30 11:37:23,213 - ATC_GUI - DEBUG - 파일럿 로그 레코드 32 파싱 성공: RWY_A_STATUS -> BLOCKED
2025-06-30 11:37:23,213 - ATC_GUI - DEBUG - 파일럿 로그 레코드 33 파싱 성공: BR_INQ -> BR_LOW
2025-06-30 11:37:23,213 - ATC_GUI - DEBUG - 파일럿 로그 레코드 34 파싱 성공: RWY_A_STATUS -> BLOCKED
2025-06-30 11:37:23,213 - ATC_GUI - DEBUG - 파일럿 로그 레코드 35 파싱 성공: BR_INQ -> BR_LOW
2025-06-30 11:37:23,213 - ATC_GUI - DEBUG - 파일럿 로그 레코드 36 파싱 성공: BR_INQ -> BR_LOW
2025-06-30 11:37:23,213 - ATC_GUI - DEBUG - 파일럿 로그 레코드 37 파싱 성공: BR_INQ -> BR_LOW
2025-06-30 11:37:23,213 - ATC_GUI - DEBUG - 파일럿 로그 레코드 38 파싱 성공: BR_INQ -> BR_LOW
2025-06-30 11:37:23,213 - ATC_GUI - DEBUG - 파일럿 로그 레코드 39 파싱 성공: RWY_AVAIL_IN -> NONE
2025-06-30 11:37:23,213 - ATC_GUI - DEBUG - 파일럿 로그 레코드 40 파싱 성공: RWY_B_STATUS -> BLOCKED
2025-06-30 11:37:23,213 - ATC_GUI - DEBUG - 파일럿 로그 레코드 41 파싱 성공: BR_INQ -> BR_LOW
2025-06-30 11:37:23,213 - ATC_GUI - DEBUG - 파일럿 로그 레코드 42 파싱 성공: BR_INQ -> BR_LOW
2025-06-30 11:37:23,213 - ATC_GUI - DEBUG - 파일럿 로그 레코드 43 파싱 성공: RWY_B_STATUS -> BLOCKED
2025-06-30 11:37:23,213 - ATC_GUI - DEBUG - 파일럿 로그 레코드 44 파싱 성공: RWY_B_STATUS -> BLOCKED
2025-06-30 11:37:23,213 - ATC_GUI - DEBUG - 파일럿 로그 레코드 45 파싱 성공: RWY_AVAIL_IN -> NONE
2025-06-30 11:37:23,213 - ATC_GUI - DEBUG - 파일럿 로그 레코드 46 파싱 성공: RWY_B_STATUS -> BLOCKED
2025-06-30 11:37:23,214 - ATC_GUI - DEBUG - 파일럿 로그 레코드 47 파싱 성공: RWY_AVAIL_IN -> NONE
2025-06-30 11:37:23,214 - ATC_GUI - DEBUG - 파일럿 로그 레코드 48 파싱 성공: RWY_B_STATUS -> BLOCKED
2025-06-30 11:37:23,214 - ATC_GUI - DEBUG - 파일럿 로그 레코드 49 파싱 성공: RWY_A_STATUS -> BLOCKED
2025-06-30 11:37:23,214 - ATC_GUI - DEBUG - 파일럿 로그 레코드 50 파싱 성공: RWY_AVAIL_IN -> NONE
2025-06-30 11:37:23,214 - ATC_GUI - DEBUG - 파일럿 로그 레코드 51 파싱 성공: RWY_A_STATUS -> BLOCKED
2025-06-30 11:37:23,214 - ATC_GUI - DEBUG - 파일럿 로그 레코드 52 파싱 성공: RWY_B_STATUS -> BLOCKED
2025-06-30 11:37:23,214 - ATC_GUI - DEBUG - 파일럿 로그 레코드 53 파싱 성공: RWY_A_STATUS -> BLOCKED
2025-06-30 11:37:23,214 - ATC_GUI - DEBUG - 파일럿 로그 레코드 54 파싱 성공: RWY_AVAIL_IN -> A_ONLY
2025-06-30 11:37:23,214 - ATC_GUI - DEBUG - 파일럿 로그 레코드 55 파싱 성공: RWY_A_STATUS -> BLOCKED
2025-06-30 11:37:23,214 - ATC_GUI - DEBUG - 파일럿 로그 레코드 56 파싱 성공: BR_INQ -> BR_LOW
2025-06-30 11:37:23,214 - ATC_GUI - DEBUG - 파일럿 로그 레코드 57 파싱 성공: RWY_AVAIL_IN -> NONE
2025-06-30 11:37:23,214 - ATC_GUI - DEBUG - 파일럿 로그 레코드 58 파싱 성공: RWY_B_STATUS -> BLOCKED
2025-06-30 11:37:23,214 - ATC_GUI - DEBUG - 파일럿 로그 레코드 59 파싱 성공: BR_INQ -> BR_LOW
2025-06-30 11:37:23,214 - ATC_GUI - DEBUG - 파일럿 로그 레코드 60 파싱 성공: RWY_AVAIL_IN -> NONE
2025-06-30 11:37:23,214 - ATC_GUI - DEBUG - 파일럿 로그 레코드 61 파싱 성공: RWY_A_STATUS -> BLOCKED
2025-06-30 11:37:23,214 - ATC_GUI - DEBUG - 파일럿 로그 레코드 62 파싱 성공: BR_INQ -> BR_LOW
2025-06-30 11:37:23,214 - ATC_GUI - DEBUG - 파일럿 로그 레코드 63 파싱 성공: RWY_B_STATUS -> BLOCKED
2025-06-30 11:37:23,214 - ATC_GUI - DEBUG - 파일럿 로그 레코드 64 파싱 성공: BR_INQ -> BR_LOW
2025-06-30 11:37:23,214 - ATC_GUI - DEBUG - 파일럿 로그 레코드 65 파싱 성공: RWY_AVAIL_IN -> NONE
2025-06-30 11:37:23,214 - ATC_GUI - DEBUG - 파일럿 로그 레코드 66 파싱 성공: RWY_A_STATUS -> BLOCKED
2025-06-30 11:37:23,215 - ATC_GUI - DEBUG - 파일럿 로그 레코드 67 파싱 성공: RWY_A_STATUS -> BLOCKED
2025-06-30 11:37:23,215 - ATC_GUI - DEBUG - 파일럿 로그 레코드 68 파싱 성공: RWY_A_STATUS -> BLOCKED
2025-06-30 11:37:23,215 - ATC_GUI - DEBUG - 파일럿 로그 레코드 69 파싱 성공: RWY_AVAIL_IN -> ALL
2025-06-30 11:37:23,215 - ATC_GUI - DEBUG - 파일럿 로그 레코드 70 파싱 성공: BR_INQ -> BR_MEDIUM
2025-06-30 11:37:23,215 - ATC_GUI - INFO - 파일럿 로그 파싱 완료: 성공 70개/70개
2025-06-30 11:37:23,215 - ATC_GUI - INFO - 파일럿 로그 데이터 수신: 70건
2025-06-30 11:37:23,217 - ATC_GUI - INFO - 파일럿 로그 테이블 업데이트 완료: 성공 70개/70개
2025-06-30 11:37:23,217 - ATC_GUI - INFO - 파일럿 로그 응답 처리 완료: 70건
2025-06-30 11:37:26,912 - ATC_GUI - INFO - Access 탭 전환
2025-06-30 11:37:26,912 - ATC_GUI - INFO - 출입 제어 설정 요청
2025-06-30 11:37:26,931 - ATC_GUI - DEBUG - raw_data: b'AR_AC:OK,2,2,3,3,2,3,2,1\n'...
2025-06-30 11:37:26,931 - ATC_GUI - DEBUG - AR_AC 응답 수신: OK,2,2,3,3,2,3,2,1
2025-06-30 11:37:26,931 - ATC_GUI - INFO - 출입 제어 설정 수신: {'TWY_A_level': 2, 'TWY_B_level': 2, 'TWY_C_level': 3, 'TWY_D_level': 3, 'RWY_A_level': 2, 'RWY_B_level': 3, 'GRASS_A_level': 2, 'GRASS_B_level': 1}
2025-06-30 11:37:26,932 - ATC_GUI - INFO - 출입 제어 설정 응답 처리 완료: {'TWY_A_level': 2, 'TWY_B_level': 2, 'TWY_C_level': 3, 'TWY_D_level': 3, 'RWY_A_level': 2, 'RWY_B_level': 3, 'GRASS_A_level': 2, 'GRASS_B_level': 1}
